n:NDRX:5:2fd996ca:00017:7fffff3b7200:000:20251104:192103634605:ndrx_init   :rvmain.c:0693:Using comms timeout: 1500
n:NDRX:5:2fd996ca:00017:7fffff3b7200:000:20251104:192103634737:_tpsvrinit__:confsv.c:0755:tpsvrinit called
n:NDRX:5:2fd996ca:00017:7fffff3b7200:000:20251104:192103634776:x_inicfg_new:inicfg.c:0115:_ndrx_inicfg_new: load_global_env: 1
n:NDRX:5:2fd996ca:00017:7fffff3b7200:000:20251104:192103634800:ig_load_pass:config.c:0327:have config at slot [0] [/app/conf/ndrxconf.ini]
n:NDRX:5:2fd996ca:00017:7fffff3b7200:000:20251104:192103634999:ig_load_pass:config.c:0401:_ndrx_cconfig_load_pass: ret: 0 is_internal: 0 G_tried_to_load: 1
n:NDRX:4:2fd996ca:00017:7fffff3b7200:000:20251104:192103635102:vertise_full:v/init.c:0855:About to advertise service [@CCONF]
n:NDRX:5:2fd996ca:00017:7fffff3b7200:000:20251104:192103635341:ise_full_int:v/init.c:0690:Service [@CCONF] (function: [CCONF]:0x5555555567c0) successfully acknowledged
n:NDRX:5:2fd996ca:00017:7fffff3b7200:000:20251104:192103635534:drx_ctxid_op:i/init.c:0135:Got free context id=0 (0 base)
n:NDRX:5:2fd996ca:00017:7fffff3b7200:000:20251104:192103635562:drx_ctxid_op:i/init.c:0146:Returning context id=1
n:NDRX:5:2fd996ca:00017:7fffff3b7200:001:20251104:192103635608:atmi_library:v/init.c:0448:Server my_id=[srv,cconfsrv,1,17,1,1]
n:NDRX:5:2fd996ca:00017:7fffff3b7200:001:20251104:192103635705:nternal_init:i/init.c:0920:NDRXD queue: [/run,sys,bg,ndrxd]
n:NDRX:5:2fd996ca:00017:7fffff3b7200:001:20251104:192103635757:rxd_sem_init:mi/sem.c:0087:Using service semaphore key: [266241]
n:NDRX:4:2fd996ca:00017:7fffff3b7200:001:20251104:192103635807:drx_sem_open:td_sem.c:0259:Semaphore exists [41001] - attaching
n:NDRX:5:2fd996ca:00017:7fffff3b7200:001:20251104:192103635831:x_sem_attach:td_sem.c:0349:enter
n:NDRX:5:2fd996ca:00017:7fffff3b7200:001:20251104:192103635878:x_sem_attach:td_sem.c:0369:sem: [1] attached
n:NDRX:5:2fd996ca:00017:7fffff3b7200:001:20251104:192103635984:x_sem_attach:td_sem.c:0373:return 0
n:NDRX:5:2fd996ca:00017:7fffff3b7200:001:20251104:192103636113:drx_shm_init:mi/shm.c:0136:G_srvinfo.size = 12440000 (1244 * 10000)
n:NDRX:5:2fd996ca:00017:7fffff3b7200:001:20251104:192103636135:drx_shm_init:mi/shm.c:0140:G_svcinfo.size = 11120000 (556 * 20000)
n:NDRX:5:2fd996ca:00017:7fffff3b7200:001:20251104:192103636216:drx_shm_init:mi/shm.c:0144:G_brinfo.size = 11120000 (4 * 32)
n:NDRX:5:2fd996ca:00017:7fffff3b7200:001:20251104:192103636239:drx_shm_init:mi/shm.c:0148:ndrx_G_routcrit.size = 204800 bytes (102400 * 2)
n:NDRX:5:2fd996ca:00017:7fffff3b7200:001:20251104:192103636257:drx_shm_init:mi/shm.c:0152:ndrx_G_routsvc.size = 176000 (1000 * 88 * 2)
n:NDRX:4:2fd996ca:00017:7fffff3b7200:001:20251104:192103636310:drx_shm_open:_shmsv.c:0149:Shared memory exists [/run,shm,svcinfo]/41002 - attaching
n:NDRX:5:2fd996ca:00017:7fffff3b7200:001:20251104:192103636337:x_shm_attach:_shmsv.c:0230:Shm: [/run,shm,svcinfo] 1/41002 attach size: 11120000 mem: 0x7ffffe860000
n:NDRX:5:2fd996ca:00017:7fffff3b7200:001:20251104:192103636354:x_shm_attach:_shmsv.c:0243:return 0
n:NDRX:4:2fd996ca:00017:7fffff3b7200:001:20251104:192103636371:drx_shm_open:_shmsv.c:0149:Shared memory exists [/run,shm,routcrit]/41008 - attaching
n:NDRX:5:2fd996ca:00017:7fffff3b7200:001:20251104:192103636395:x_shm_attach:_shmsv.c:0230:Shm: [/run,shm,routcrit] 2/41008 attach size: 204800 mem: 0x7ffffe82e000
n:NDRX:5:2fd996ca:00017:7fffff3b7200:001:20251104:192103636415:x_shm_attach:_shmsv.c:0243:return 0
n:NDRX:4:2fd996ca:00017:7fffff3b7200:001:20251104:192103636435:drx_shm_open:_shmsv.c:0149:Shared memory exists [/run,shm,routsvc]/41009 - attaching
n:NDRX:5:2fd996ca:00017:7fffff3b7200:001:20251104:192103636456:x_shm_attach:_shmsv.c:0230:Shm: [/run,shm,routsvc] 3/41009 attach size: 176000 mem: 0x7ffffe803000
n:NDRX:5:2fd996ca:00017:7fffff3b7200:001:20251104:192103636472:x_shm_attach:_shmsv.c:0243:return 0
n:NDRX:4:2fd996ca:00017:7fffff3b7200:001:20251104:192103636488:drx_shm_open:_shmsv.c:0149:Shared memory exists [/run,shm,srvinfo]/41001 - attaching
n:NDRX:5:2fd996ca:00017:7fffff3b7200:001:20251104:192103636507:x_shm_attach:_shmsv.c:0230:Shm: [/run,shm,srvinfo] 4/41001 attach size: 12440000 mem: 0x7ffffdc25000
n:NDRX:5:2fd996ca:00017:7fffff3b7200:001:20251104:192103636542:x_shm_attach:_shmsv.c:0243:return 0
n:NDRX:4:2fd996ca:00017:7fffff3b7200:001:20251104:192103636558:drx_shm_open:_shmsv.c:0149:Shared memory exists [/run,shm,brinfo]/41003 - attaching
n:NDRX:5:2fd996ca:00017:7fffff3b7200:001:20251104:192103636575:x_shm_attach:_shmsv.c:0230:Shm: [/run,shm,brinfo] 5/41003 attach size: 128 mem: 0x7fffff5e3000
n:NDRX:5:2fd996ca:00017:7fffff3b7200:001:20251104:192103636593:x_shm_attach:_shmsv.c:0243:return 0
n:NDRX:5:2fd996ca:00017:7fffff3b7200:001:20251104:192103636834:ecific_queue:v/init.c:0271:Advertising: SVC: [] FN: [] ADDR: [(nil)] QUEUE: [/run,srv,admin,cconfsrv,1,17]
n:NDRX:5:2fd996ca:00017:7fffff3b7200:001:20251104:192103636863:ecific_queue:v/init.c:0271:Advertising: SVC: [] FN: [] ADDR: [(nil)] QUEUE: [/run,srv,reply,cconfsrv,1,17]
n:NDRX:5:2fd996ca:00017:7fffff3b7200:001:20251104:192103637229:tise_service:v/init.c:0190:Advertising: SVC: [@CCONF] FN: [CCONF] ADDR: [0x5555555567c0] QUEUE: [/run,svc,@CCONF] AUTOTRAN [0] TRANTIME [0]
n:NDRX:5:2fd996ca:00017:7fffff3b7200:001:20251104:192103637257:e_array_list:v/init.c:0220:about to allocate 3 of svc ptrs
n:NDRX:5:2fd996ca:00017:7fffff3b7200:001:20251104:192103637362:e_array_list:v/init.c:0233:assigning 0
n:NDRX:5:2fd996ca:00017:7fffff3b7200:001:20251104:192103637392:e_array_list:v/init.c:0233:assigning 1
n:NDRX:5:2fd996ca:00017:7fffff3b7200:001:20251104:192103637411:e_array_list:v/init.c:0233:assigning 2
n:NDRX:5:2fd996ca:00017:7fffff3b7200:001:20251104:192103637520:v_open_queue:spatch.c:0150:About to listen on: /run,srv,admin,cconfsrv,1,17
n:NDRX:5:2fd996ca:00017:7fffff3b7200:001:20251104:192103637640:v_open_queue:spatch.c:0250:Got file descriptor: 17
n:NDRX:5:2fd996ca:00017:7fffff3b7200:001:20251104:192103637661:v_open_queue:spatch.c:0150:About to listen on: /run,srv,reply,cconfsrv,1,17
n:NDRX:5:2fd996ca:00017:7fffff3b7200:001:20251104:192103637694:v_open_queue:spatch.c:0250:Got file descriptor: 18
n:NDRX:5:2fd996ca:00017:7fffff3b7200:001:20251104:192103637720:v_open_queue:spatch.c:0150:About to listen on: /run,svc,@CCONF
n:NDRX:4:2fd996ca:00017:7fffff3b7200:001:20251104:192103637827:drx_sem_lock:td_sem.c:0169:sv_open_queue/1/0: semaphore locked... 
n:NDRX:5:2fd996ca:00017:7fffff3b7200:001:20251104:192103638063:_shm_get_svc:mi/shm.c:0759:Key for [@CCONF] is 14574, shm is: 0x7ffffe860000
n:NDRX:5:2fd996ca:00017:7fffff3b7200:001:20251104:192103638104:_shm_get_svc:mi/shm.c:0826:ndrx_shm_get_svc [@CCONF] - result: 0, iterations: 0, pos: 14574, install: 0
n:NDRX:5:2fd996ca:00017:7fffff3b7200:001:20251104:192103638124:_shm_get_svc:mi/shm.c:0759:Key for [@CCONF] is 14574, shm is: 0x7ffffe860000
n:NDRX:5:2fd996ca:00017:7fffff3b7200:001:20251104:192103638142:_shm_get_svc:mi/shm.c:0826:ndrx_shm_get_svc [@CCONF] - result: 0, iterations: 0, pos: 14574, install: 2
n:NDRX:5:2fd996ca:00017:7fffff3b7200:001:20251104:192103638164:stall_svc_br:mi/shm.c:0957:Svc [@CCONF] not found in shm, installed with flags 1
n:NDRX:5:2fd996ca:00017:7fffff3b7200:001:20251104:192103638229:x_sem_unlock:td_sem.c:0210:sv_open_queue/1/0 semaphore un-locked
n:NDRX:5:2fd996ca:00017:7fffff3b7200:001:20251104:192103638251:v_open_queue:spatch.c:0250:Got file descriptor: 19
n:NDRX:5:2fd996ca:00017:7fffff3b7200:001:20251104:192103638511:ort_to_ndrxd:rxdapi.c:0164:About to send: 456 bytes/1 svcs, srvid: 1
n:NDRX:5:2fd996ca:00017:7fffff3b7200:001:20251104:192103638751:neric_call_2:iutils.c:0639:gencall command: 4, reply_only=0, need_reply=0 call flags=0x0, getcall flags=32
n:NDRX:4:2fd996ca:00017:7fffff3b7200:001:20251104:192103638773:neric_call_2:iutils.c:0686:Sending data to [/run,sys,bg,ndrxd] call flags=0x0
n:NDRX:5:2fd996ca:00017:7fffff3b7200:001:20251104:192103638939:ric_q_send_2:iutils.c:0473:len: 456 use timeout: 0 config: 0 prio: 50 snd_prio: 50
n:NDRX:5:2fd996ca:00017:7fffff3b7200:001:20251104:192103638988:neric_call_2:iutils.c:0719:Reply not needed!
n:NDRX:5:2fd996ca:00017:7fffff3b7200:001:20251104:192103639248:_for_request:spatch.c:1452:About to poll - timeout=-1 millisec
n:NDRX:5:2fd996ca:00017:7fffff3b7200:001:20251104:192253676739:_for_request:spatch.c:1496:Poll says: 1 len: -1 tout: -1
n:NDRX:5:2fd996ca:00017:7fffff3b7200:001:20251104:192253676885:_for_request:spatch.c:1551:Receiving 0, user data: 17, fd: 17, evmqd: 17, is_mq_only: -1, G_pollext=(nil)
n:NDRX:5:2fd996ca:00017:7fffff3b7200:001:20251104:192253677099:_for_request:spatch.c:1629:Got request on logical channel 0, fd: 17
n:NDRX:5:2fd996ca:00017:7fffff3b7200:001:20251104:192253677153:_for_request:spatch.c:1634:Got admin request
n:NDRX:5:2fd996ca:00017:7fffff3b7200:001:20251104:192253677455:ss_admin_req:spatch.c:1362:Got ping request: 1 seq
n:NDRX:5:2fd996ca:00017:7fffff3b7200:001:20251104:192253677647:neric_call_2:iutils.c:0639:gencall command: 53, reply_only=0, need_reply=0 call flags=0x0, getcall flags=32
n:NDRX:4:2fd996ca:00017:7fffff3b7200:001:20251104:192253677738:neric_call_2:iutils.c:0686:Sending data to [/run,sys,bg,ndrxd] call flags=0x0
n:NDRX:5:2fd996ca:00017:7fffff3b7200:001:20251104:192253677840:ric_q_send_2:iutils.c:0473:len: 184 use timeout: 0 config: 0 prio: 50 snd_prio: 50
n:NDRX:5:2fd996ca:00017:7fffff3b7200:001:20251104:192253678088:neric_call_2:iutils.c:0719:Reply not needed!
n:NDRX:5:2fd996ca:00017:7fffff3b7200:001:20251104:192253678192:_for_request:spatch.c:1452:About to poll - timeout=-1 millisec
n:NDRX:5:2fd996ca:00017:7fffff3b7200:001:20251104:192443779790:_for_request:spatch.c:1496:Poll says: 1 len: -1 tout: -1
n:NDRX:5:2fd996ca:00017:7fffff3b7200:001:20251104:192443780046:_for_request:spatch.c:1551:Receiving 0, user data: 17, fd: 17, evmqd: 17, is_mq_only: -1, G_pollext=(nil)
n:NDRX:5:2fd996ca:00017:7fffff3b7200:001:20251104:192443780231:_for_request:spatch.c:1629:Got request on logical channel 0, fd: 17
n:NDRX:5:2fd996ca:00017:7fffff3b7200:001:20251104:192443780394:_for_request:spatch.c:1634:Got admin request
n:NDRX:5:2fd996ca:00017:7fffff3b7200:001:20251104:192443780532:ss_admin_req:spatch.c:1362:Got ping request: 2 seq
n:NDRX:5:2fd996ca:00017:7fffff3b7200:001:20251104:192443780629:neric_call_2:iutils.c:0639:gencall command: 53, reply_only=0, need_reply=0 call flags=0x0, getcall flags=32
n:NDRX:4:2fd996ca:00017:7fffff3b7200:001:20251104:192443780819:neric_call_2:iutils.c:0686:Sending data to [/run,sys,bg,ndrxd] call flags=0x0
n:NDRX:5:2fd996ca:00017:7fffff3b7200:001:20251104:192443780951:ric_q_send_2:iutils.c:0473:len: 184 use timeout: 0 config: 0 prio: 50 snd_prio: 50
n:NDRX:5:2fd996ca:00017:7fffff3b7200:001:20251104:192443781049:neric_call_2:iutils.c:0719:Reply not needed!
n:NDRX:5:2fd996ca:00017:7fffff3b7200:001:20251104:192443781163:_for_request:spatch.c:1452:About to poll - timeout=-1 millisec
n:NDRX:5:2fd996ca:00017:7fffff3b7200:001:20251104:192633890107:_for_request:spatch.c:1496:Poll says: 1 len: -1 tout: -1
n:NDRX:5:2fd996ca:00017:7fffff3b7200:001:20251104:192633890295:_for_request:spatch.c:1551:Receiving 0, user data: 17, fd: 17, evmqd: 17, is_mq_only: -1, G_pollext=(nil)
n:NDRX:5:2fd996ca:00017:7fffff3b7200:001:20251104:192633890396:_for_request:spatch.c:1629:Got request on logical channel 0, fd: 17
n:NDRX:5:2fd996ca:00017:7fffff3b7200:001:20251104:192633890482:_for_request:spatch.c:1634:Got admin request
n:NDRX:5:2fd996ca:00017:7fffff3b7200:001:20251104:192633890579:ss_admin_req:spatch.c:1362:Got ping request: 3 seq
n:NDRX:5:2fd996ca:00017:7fffff3b7200:001:20251104:192633890681:neric_call_2:iutils.c:0639:gencall command: 53, reply_only=0, need_reply=0 call flags=0x0, getcall flags=32
n:NDRX:4:2fd996ca:00017:7fffff3b7200:001:20251104:192633890912:neric_call_2:iutils.c:0686:Sending data to [/run,sys,bg,ndrxd] call flags=0x0
n:NDRX:5:2fd996ca:00017:7fffff3b7200:001:20251104:192633891036:ric_q_send_2:iutils.c:0473:len: 184 use timeout: 0 config: 0 prio: 50 snd_prio: 50
n:NDRX:5:2fd996ca:00017:7fffff3b7200:001:20251104:192633891150:neric_call_2:iutils.c:0719:Reply not needed!
n:NDRX:5:2fd996ca:00017:7fffff3b7200:001:20251104:192633891292:_for_request:spatch.c:1452:About to poll - timeout=-1 millisec
n:NDRX:5:2fd996ca:00017:7fffff3b7200:001:20251104:192823977969:_for_request:spatch.c:1496:Poll says: 1 len: -1 tout: -1
n:NDRX:5:2fd996ca:00017:7fffff3b7200:001:20251104:192823978339:_for_request:spatch.c:1551:Receiving 0, user data: 17, fd: 17, evmqd: 17, is_mq_only: -1, G_pollext=(nil)
n:NDRX:5:2fd996ca:00017:7fffff3b7200:001:20251104:192823978440:_for_request:spatch.c:1629:Got request on logical channel 0, fd: 17
n:NDRX:5:2fd996ca:00017:7fffff3b7200:001:20251104:192823978525:_for_request:spatch.c:1634:Got admin request
n:NDRX:5:2fd996ca:00017:7fffff3b7200:001:20251104:192823978624:ss_admin_req:spatch.c:1362:Got ping request: 4 seq
n:NDRX:5:2fd996ca:00017:7fffff3b7200:001:20251104:192823978723:neric_call_2:iutils.c:0639:gencall command: 53, reply_only=0, need_reply=0 call flags=0x0, getcall flags=32
n:NDRX:4:2fd996ca:00017:7fffff3b7200:001:20251104:192823978898:neric_call_2:iutils.c:0686:Sending data to [/run,sys,bg,ndrxd] call flags=0x0
n:NDRX:5:2fd996ca:00017:7fffff3b7200:001:20251104:192823978988:ric_q_send_2:iutils.c:0473:len: 184 use timeout: 0 config: 0 prio: 50 snd_prio: 50
n:NDRX:5:2fd996ca:00017:7fffff3b7200:001:20251104:192823979112:neric_call_2:iutils.c:0719:Reply not needed!
n:NDRX:5:2fd996ca:00017:7fffff3b7200:001:20251104:192823979208:_for_request:spatch.c:1452:About to poll - timeout=-1 millisec
n:NDRX:5:2fd996ca:00017:7fffff3b7200:001:20251104:193014069261:_for_request:spatch.c:1496:Poll says: 1 len: -1 tout: -1
n:NDRX:5:2fd996ca:00017:7fffff3b7200:001:20251104:193014069498:_for_request:spatch.c:1551:Receiving 0, user data: 17, fd: 17, evmqd: 17, is_mq_only: -1, G_pollext=(nil)
n:NDRX:5:2fd996ca:00017:7fffff3b7200:001:20251104:193014069680:_for_request:spatch.c:1629:Got request on logical channel 0, fd: 17
n:NDRX:5:2fd996ca:00017:7fffff3b7200:001:20251104:193014069841:_for_request:spatch.c:1634:Got admin request
n:NDRX:5:2fd996ca:00017:7fffff3b7200:001:20251104:193014069996:ss_admin_req:spatch.c:1362:Got ping request: 5 seq
n:NDRX:5:2fd996ca:00017:7fffff3b7200:001:20251104:193014070161:neric_call_2:iutils.c:0639:gencall command: 53, reply_only=0, need_reply=0 call flags=0x0, getcall flags=32
n:NDRX:4:2fd996ca:00017:7fffff3b7200:001:20251104:193014070398:neric_call_2:iutils.c:0686:Sending data to [/run,sys,bg,ndrxd] call flags=0x0
n:NDRX:5:2fd996ca:00017:7fffff3b7200:001:20251104:193014070485:ric_q_send_2:iutils.c:0473:len: 184 use timeout: 0 config: 0 prio: 50 snd_prio: 50
n:NDRX:5:2fd996ca:00017:7fffff3b7200:001:20251104:193014070581:neric_call_2:iutils.c:0719:Reply not needed!
n:NDRX:5:2fd996ca:00017:7fffff3b7200:001:20251104:193014070656:_for_request:spatch.c:1452:About to poll - timeout=-1 millisec
n:NDRX:5:2fd996ca:00017:7fffff3b7200:001:20251104:193204158051:_for_request:spatch.c:1496:Poll says: 1 len: -1 tout: -1
n:NDRX:5:2fd996ca:00017:7fffff3b7200:001:20251104:193204158231:_for_request:spatch.c:1551:Receiving 0, user data: 17, fd: 17, evmqd: 17, is_mq_only: -1, G_pollext=(nil)
n:NDRX:5:2fd996ca:00017:7fffff3b7200:001:20251104:193204158350:_for_request:spatch.c:1629:Got request on logical channel 0, fd: 17
n:NDRX:5:2fd996ca:00017:7fffff3b7200:001:20251104:193204158432:_for_request:spatch.c:1634:Got admin request
n:NDRX:5:2fd996ca:00017:7fffff3b7200:001:20251104:193204158526:ss_admin_req:spatch.c:1362:Got ping request: 6 seq
n:NDRX:5:2fd996ca:00017:7fffff3b7200:001:20251104:193204158631:neric_call_2:iutils.c:0639:gencall command: 53, reply_only=0, need_reply=0 call flags=0x0, getcall flags=32
n:NDRX:4:2fd996ca:00017:7fffff3b7200:001:20251104:193204158862:neric_call_2:iutils.c:0686:Sending data to [/run,sys,bg,ndrxd] call flags=0x0
n:NDRX:5:2fd996ca:00017:7fffff3b7200:001:20251104:193204159013:ric_q_send_2:iutils.c:0473:len: 184 use timeout: 0 config: 0 prio: 50 snd_prio: 50
n:NDRX:5:2fd996ca:00017:7fffff3b7200:001:20251104:193204159125:neric_call_2:iutils.c:0719:Reply not needed!
n:NDRX:5:2fd996ca:00017:7fffff3b7200:001:20251104:193204159240:_for_request:spatch.c:1452:About to poll - timeout=-1 millisec
n:NDRX:5:2fd996ca:00017:7fffff3b7200:001:20251104:193354244233:_for_request:spatch.c:1496:Poll says: 1 len: -1 tout: -1
n:NDRX:5:2fd996ca:00017:7fffff3b7200:001:20251104:193354244792:_for_request:spatch.c:1551:Receiving 0, user data: 17, fd: 17, evmqd: 17, is_mq_only: -1, G_pollext=(nil)
n:NDRX:5:2fd996ca:00017:7fffff3b7200:001:20251104:193354245054:_for_request:spatch.c:1629:Got request on logical channel 0, fd: 17
n:NDRX:5:2fd996ca:00017:7fffff3b7200:001:20251104:193354245140:_for_request:spatch.c:1634:Got admin request
n:NDRX:5:2fd996ca:00017:7fffff3b7200:001:20251104:193354245239:ss_admin_req:spatch.c:1362:Got ping request: 7 seq
n:NDRX:5:2fd996ca:00017:7fffff3b7200:001:20251104:193354245447:neric_call_2:iutils.c:0639:gencall command: 53, reply_only=0, need_reply=0 call flags=0x0, getcall flags=32
n:NDRX:4:2fd996ca:00017:7fffff3b7200:001:20251104:193354245551:neric_call_2:iutils.c:0686:Sending data to [/run,sys,bg,ndrxd] call flags=0x0
n:NDRX:5:2fd996ca:00017:7fffff3b7200:001:20251104:193354245690:ric_q_send_2:iutils.c:0473:len: 184 use timeout: 0 config: 0 prio: 50 snd_prio: 50
n:NDRX:5:2fd996ca:00017:7fffff3b7200:001:20251104:193354245825:neric_call_2:iutils.c:0719:Reply not needed!
n:NDRX:5:2fd996ca:00017:7fffff3b7200:001:20251104:193354245929:_for_request:spatch.c:1452:About to poll - timeout=-1 millisec
n:NDRX:5:2fd996ca:00017:7fffff3b7200:001:20251104:193544318656:_for_request:spatch.c:1496:Poll says: 1 len: -1 tout: -1
n:NDRX:5:2fd996ca:00017:7fffff3b7200:001:20251104:193544318811:_for_request:spatch.c:1551:Receiving 0, user data: 17, fd: 17, evmqd: 17, is_mq_only: -1, G_pollext=(nil)
n:NDRX:5:2fd996ca:00017:7fffff3b7200:001:20251104:193544318896:_for_request:spatch.c:1629:Got request on logical channel 0, fd: 17
n:NDRX:5:2fd996ca:00017:7fffff3b7200:001:20251104:193544318968:_for_request:spatch.c:1634:Got admin request
n:NDRX:5:2fd996ca:00017:7fffff3b7200:001:20251104:193544319046:ss_admin_req:spatch.c:1362:Got ping request: 8 seq
n:NDRX:5:2fd996ca:00017:7fffff3b7200:001:20251104:193544319133:neric_call_2:iutils.c:0639:gencall command: 53, reply_only=0, need_reply=0 call flags=0x0, getcall flags=32
n:NDRX:4:2fd996ca:00017:7fffff3b7200:001:20251104:193544319302:neric_call_2:iutils.c:0686:Sending data to [/run,sys,bg,ndrxd] call flags=0x0
n:NDRX:5:2fd996ca:00017:7fffff3b7200:001:20251104:193544319401:ric_q_send_2:iutils.c:0473:len: 184 use timeout: 0 config: 0 prio: 50 snd_prio: 50
n:NDRX:5:2fd996ca:00017:7fffff3b7200:001:20251104:193544319502:neric_call_2:iutils.c:0719:Reply not needed!
n:NDRX:5:2fd996ca:00017:7fffff3b7200:001:20251104:193544319589:_for_request:spatch.c:1452:About to poll - timeout=-1 millisec
n:NDRX:5:2fd996ca:00017:7fffff3b7200:000:20251105:083843884357:ndrx_init   :rvmain.c:0693:Using comms timeout: 1500
n:NDRX:5:2fd996ca:00017:7fffff3b7200:000:20251105:083843884482:_tpsvrinit__:confsv.c:0755:tpsvrinit called
n:NDRX:5:2fd996ca:00017:7fffff3b7200:000:20251105:083843884524:x_inicfg_new:inicfg.c:0115:_ndrx_inicfg_new: load_global_env: 1
n:NDRX:5:2fd996ca:00017:7fffff3b7200:000:20251105:083843884556:ig_load_pass:config.c:0327:have config at slot [0] [/app/conf/ndrxconf.ini]
n:NDRX:5:2fd996ca:00017:7fffff3b7200:000:20251105:083843884744:ig_load_pass:config.c:0401:_ndrx_cconfig_load_pass: ret: 0 is_internal: 0 G_tried_to_load: 1
n:NDRX:4:2fd996ca:00017:7fffff3b7200:000:20251105:083843884829:vertise_full:v/init.c:0855:About to advertise service [@CCONF]
n:NDRX:5:2fd996ca:00017:7fffff3b7200:000:20251105:083843885058:ise_full_int:v/init.c:0690:Service [@CCONF] (function: [CCONF]:0x5555555567c0) successfully acknowledged
n:NDRX:5:2fd996ca:00017:7fffff3b7200:000:20251105:083843885259:drx_ctxid_op:i/init.c:0135:Got free context id=0 (0 base)
n:NDRX:5:2fd996ca:00017:7fffff3b7200:000:20251105:083843885297:drx_ctxid_op:i/init.c:0146:Returning context id=1
n:NDRX:5:2fd996ca:00017:7fffff3b7200:001:20251105:083843885346:atmi_library:v/init.c:0448:Server my_id=[srv,cconfsrv,1,17,1,1]
n:NDRX:5:2fd996ca:00017:7fffff3b7200:001:20251105:083843885441:nternal_init:i/init.c:0920:NDRXD queue: [/run,sys,bg,ndrxd]
n:NDRX:5:2fd996ca:00017:7fffff3b7200:001:20251105:083843885488:rxd_sem_init:mi/sem.c:0087:Using service semaphore key: [266241]
n:NDRX:4:2fd996ca:00017:7fffff3b7200:001:20251105:083843885540:drx_sem_open:td_sem.c:0259:Semaphore exists [41001] - attaching
n:NDRX:5:2fd996ca:00017:7fffff3b7200:001:20251105:083843885622:x_sem_attach:td_sem.c:0349:enter
n:NDRX:5:2fd996ca:00017:7fffff3b7200:001:20251105:083843885662:x_sem_attach:td_sem.c:0369:sem: [1] attached
n:NDRX:5:2fd996ca:00017:7fffff3b7200:001:20251105:083843885696:x_sem_attach:td_sem.c:0373:return 0
n:NDRX:5:2fd996ca:00017:7fffff3b7200:001:20251105:083843885808:drx_shm_init:mi/shm.c:0136:G_srvinfo.size = 12440000 (1244 * 10000)
n:NDRX:5:2fd996ca:00017:7fffff3b7200:001:20251105:083843885840:drx_shm_init:mi/shm.c:0140:G_svcinfo.size = 11120000 (556 * 20000)
n:NDRX:5:2fd996ca:00017:7fffff3b7200:001:20251105:083843885870:drx_shm_init:mi/shm.c:0144:G_brinfo.size = 11120000 (4 * 32)
n:NDRX:5:2fd996ca:00017:7fffff3b7200:001:20251105:083843885900:drx_shm_init:mi/shm.c:0148:ndrx_G_routcrit.size = 204800 bytes (102400 * 2)
n:NDRX:5:2fd996ca:00017:7fffff3b7200:001:20251105:083843885934:drx_shm_init:mi/shm.c:0152:ndrx_G_routsvc.size = 176000 (1000 * 88 * 2)
n:NDRX:4:2fd996ca:00017:7fffff3b7200:001:20251105:083843886001:drx_shm_open:_shmsv.c:0149:Shared memory exists [/run,shm,svcinfo]/41002 - attaching
n:NDRX:5:2fd996ca:00017:7fffff3b7200:001:20251105:083843886039:x_shm_attach:_shmsv.c:0230:Shm: [/run,shm,svcinfo] 1/41002 attach size: 11120000 mem: 0x7ffffe860000
n:NDRX:5:2fd996ca:00017:7fffff3b7200:001:20251105:083843886069:x_shm_attach:_shmsv.c:0243:return 0
n:NDRX:4:2fd996ca:00017:7fffff3b7200:001:20251105:083843886100:drx_shm_open:_shmsv.c:0149:Shared memory exists [/run,shm,routcrit]/41008 - attaching
n:NDRX:5:2fd996ca:00017:7fffff3b7200:001:20251105:083843886131:x_shm_attach:_shmsv.c:0230:Shm: [/run,shm,routcrit] 2/41008 attach size: 204800 mem: 0x7ffffe82e000
n:NDRX:5:2fd996ca:00017:7fffff3b7200:001:20251105:083843886160:x_shm_attach:_shmsv.c:0243:return 0
n:NDRX:4:2fd996ca:00017:7fffff3b7200:001:20251105:083843886189:drx_shm_open:_shmsv.c:0149:Shared memory exists [/run,shm,routsvc]/41009 - attaching
n:NDRX:5:2fd996ca:00017:7fffff3b7200:001:20251105:083843886221:x_shm_attach:_shmsv.c:0230:Shm: [/run,shm,routsvc] 3/41009 attach size: 176000 mem: 0x7ffffe803000
n:NDRX:5:2fd996ca:00017:7fffff3b7200:001:20251105:083843886249:x_shm_attach:_shmsv.c:0243:return 0
n:NDRX:4:2fd996ca:00017:7fffff3b7200:001:20251105:083843886278:drx_shm_open:_shmsv.c:0149:Shared memory exists [/run,shm,srvinfo]/41001 - attaching
n:NDRX:5:2fd996ca:00017:7fffff3b7200:001:20251105:083843886312:x_shm_attach:_shmsv.c:0230:Shm: [/run,shm,srvinfo] 4/41001 attach size: 12440000 mem: 0x7ffffdc25000
n:NDRX:5:2fd996ca:00017:7fffff3b7200:001:20251105:083843886341:x_shm_attach:_shmsv.c:0243:return 0
n:NDRX:4:2fd996ca:00017:7fffff3b7200:001:20251105:083843886370:drx_shm_open:_shmsv.c:0149:Shared memory exists [/run,shm,brinfo]/41003 - attaching
n:NDRX:5:2fd996ca:00017:7fffff3b7200:001:20251105:083843886401:x_shm_attach:_shmsv.c:0230:Shm: [/run,shm,brinfo] 5/41003 attach size: 128 mem: 0x7fffff5e3000
n:NDRX:5:2fd996ca:00017:7fffff3b7200:001:20251105:083843886435:x_shm_attach:_shmsv.c:0243:return 0
n:NDRX:5:2fd996ca:00017:7fffff3b7200:001:20251105:083843886680:ecific_queue:v/init.c:0271:Advertising: SVC: [] FN: [] ADDR: [(nil)] QUEUE: [/run,srv,admin,cconfsrv,1,17]
n:NDRX:5:2fd996ca:00017:7fffff3b7200:001:20251105:083843886721:ecific_queue:v/init.c:0271:Advertising: SVC: [] FN: [] ADDR: [(nil)] QUEUE: [/run,srv,reply,cconfsrv,1,17]
n:NDRX:5:2fd996ca:00017:7fffff3b7200:001:20251105:083843887059:tise_service:v/init.c:0190:Advertising: SVC: [@CCONF] FN: [CCONF] ADDR: [0x5555555567c0] QUEUE: [/run,svc,@CCONF] AUTOTRAN [0] TRANTIME [0]
n:NDRX:5:2fd996ca:00017:7fffff3b7200:001:20251105:083843887104:e_array_list:v/init.c:0220:about to allocate 3 of svc ptrs
n:NDRX:5:2fd996ca:00017:7fffff3b7200:001:20251105:083843887135:e_array_list:v/init.c:0233:assigning 0
n:NDRX:5:2fd996ca:00017:7fffff3b7200:001:20251105:083843887167:e_array_list:v/init.c:0233:assigning 1
n:NDRX:5:2fd996ca:00017:7fffff3b7200:001:20251105:083843887196:e_array_list:v/init.c:0233:assigning 2
n:NDRX:5:2fd996ca:00017:7fffff3b7200:001:20251105:083843887285:v_open_queue:spatch.c:0150:About to listen on: /run,srv,admin,cconfsrv,1,17
n:NDRX:5:2fd996ca:00017:7fffff3b7200:001:20251105:083843887447:v_open_queue:spatch.c:0250:Got file descriptor: 17
n:NDRX:5:2fd996ca:00017:7fffff3b7200:001:20251105:083843887478:v_open_queue:spatch.c:0150:About to listen on: /run,srv,reply,cconfsrv,1,17
n:NDRX:5:2fd996ca:00017:7fffff3b7200:001:20251105:083843887510:v_open_queue:spatch.c:0250:Got file descriptor: 18
n:NDRX:5:2fd996ca:00017:7fffff3b7200:001:20251105:083843887539:v_open_queue:spatch.c:0150:About to listen on: /run,svc,@CCONF
n:NDRX:4:2fd996ca:00017:7fffff3b7200:001:20251105:083843887646:drx_sem_lock:td_sem.c:0169:sv_open_queue/1/0: semaphore locked... 
n:NDRX:5:2fd996ca:00017:7fffff3b7200:001:20251105:083843887850:_shm_get_svc:mi/shm.c:0759:Key for [@CCONF] is 14574, shm is: 0x7ffffe860000
n:NDRX:5:2fd996ca:00017:7fffff3b7200:001:20251105:083843887887:_shm_get_svc:mi/shm.c:0826:ndrx_shm_get_svc [@CCONF] - result: 0, iterations: 0, pos: 14574, install: 0
n:NDRX:5:2fd996ca:00017:7fffff3b7200:001:20251105:083843887918:_shm_get_svc:mi/shm.c:0759:Key for [@CCONF] is 14574, shm is: 0x7ffffe860000
n:NDRX:5:2fd996ca:00017:7fffff3b7200:001:20251105:083843887949:_shm_get_svc:mi/shm.c:0826:ndrx_shm_get_svc [@CCONF] - result: 0, iterations: 0, pos: 14574, install: 2
n:NDRX:5:2fd996ca:00017:7fffff3b7200:001:20251105:083843887985:stall_svc_br:mi/shm.c:0957:Svc [@CCONF] not found in shm, installed with flags 1
n:NDRX:5:2fd996ca:00017:7fffff3b7200:001:20251105:083843888047:x_sem_unlock:td_sem.c:0210:sv_open_queue/1/0 semaphore un-locked
n:NDRX:5:2fd996ca:00017:7fffff3b7200:001:20251105:083843888077:v_open_queue:spatch.c:0250:Got file descriptor: 19
n:NDRX:5:2fd996ca:00017:7fffff3b7200:001:20251105:083843888349:ort_to_ndrxd:rxdapi.c:0164:About to send: 456 bytes/1 svcs, srvid: 1
n:NDRX:5:2fd996ca:00017:7fffff3b7200:001:20251105:083843888594:neric_call_2:iutils.c:0639:gencall command: 4, reply_only=0, need_reply=0 call flags=0x0, getcall flags=32
n:NDRX:4:2fd996ca:00017:7fffff3b7200:001:20251105:083843888631:neric_call_2:iutils.c:0686:Sending data to [/run,sys,bg,ndrxd] call flags=0x0
n:NDRX:5:2fd996ca:00017:7fffff3b7200:001:20251105:083843888792:ric_q_send_2:iutils.c:0473:len: 456 use timeout: 0 config: 0 prio: 50 snd_prio: 50
n:NDRX:5:2fd996ca:00017:7fffff3b7200:001:20251105:083843888858:neric_call_2:iutils.c:0719:Reply not needed!
n:NDRX:5:2fd996ca:00017:7fffff3b7200:001:20251105:083843889172:_for_request:spatch.c:1452:About to poll - timeout=-1 millisec
n:NDRX:5:2fd996ca:00017:7fffff3b7200:001:20251105:084033923362:_for_request:spatch.c:1496:Poll says: 1 len: -1 tout: -1
n:NDRX:5:2fd996ca:00017:7fffff3b7200:001:20251105:084033923504:_for_request:spatch.c:1551:Receiving 0, user data: 17, fd: 17, evmqd: 17, is_mq_only: -1, G_pollext=(nil)
n:NDRX:5:2fd996ca:00017:7fffff3b7200:001:20251105:084033923666:_for_request:spatch.c:1629:Got request on logical channel 0, fd: 17
n:NDRX:5:2fd996ca:00017:7fffff3b7200:001:20251105:084033923750:_for_request:spatch.c:1634:Got admin request
n:NDRX:5:2fd996ca:00017:7fffff3b7200:001:20251105:084033924088:ss_admin_req:spatch.c:1362:Got ping request: 1 seq
n:NDRX:5:2fd996ca:00017:7fffff3b7200:001:20251105:084033924274:neric_call_2:iutils.c:0639:gencall command: 53, reply_only=0, need_reply=0 call flags=0x0, getcall flags=32
n:NDRX:4:2fd996ca:00017:7fffff3b7200:001:20251105:084033924373:neric_call_2:iutils.c:0686:Sending data to [/run,sys,bg,ndrxd] call flags=0x0
n:NDRX:5:2fd996ca:00017:7fffff3b7200:001:20251105:084033924746:ric_q_send_2:iutils.c:0473:len: 184 use timeout: 0 config: 0 prio: 50 snd_prio: 50
n:NDRX:5:2fd996ca:00017:7fffff3b7200:001:20251105:084033924888:neric_call_2:iutils.c:0719:Reply not needed!
n:NDRX:5:2fd996ca:00017:7fffff3b7200:001:20251105:084033925008:_for_request:spatch.c:1452:About to poll - timeout=-1 millisec
n:NDRX:5:2fd996ca:00017:7fffff3b7200:000:20251105:084156910760:ndrx_init   :rvmain.c:0693:Using comms timeout: 1500
n:NDRX:5:2fd996ca:00017:7fffff3b7200:000:20251105:084156910861:_tpsvrinit__:confsv.c:0755:tpsvrinit called
n:NDRX:5:2fd996ca:00017:7fffff3b7200:000:20251105:084156910931:x_inicfg_new:inicfg.c:0115:_ndrx_inicfg_new: load_global_env: 1
n:NDRX:5:2fd996ca:00017:7fffff3b7200:000:20251105:084156910959:ig_load_pass:config.c:0327:have config at slot [0] [/app/conf/ndrxconf.ini]
n:NDRX:5:2fd996ca:00017:7fffff3b7200:000:20251105:084156911141:ig_load_pass:config.c:0401:_ndrx_cconfig_load_pass: ret: 0 is_internal: 0 G_tried_to_load: 1
n:NDRX:4:2fd996ca:00017:7fffff3b7200:000:20251105:084156911215:vertise_full:v/init.c:0855:About to advertise service [@CCONF]
n:NDRX:5:2fd996ca:00017:7fffff3b7200:000:20251105:084156911413:ise_full_int:v/init.c:0690:Service [@CCONF] (function: [CCONF]:0x5555555567c0) successfully acknowledged
n:NDRX:5:2fd996ca:00017:7fffff3b7200:000:20251105:084156911597:drx_ctxid_op:i/init.c:0135:Got free context id=0 (0 base)
n:NDRX:5:2fd996ca:00017:7fffff3b7200:000:20251105:084156911626:drx_ctxid_op:i/init.c:0146:Returning context id=1
n:NDRX:5:2fd996ca:00017:7fffff3b7200:001:20251105:084156911669:atmi_library:v/init.c:0448:Server my_id=[srv,cconfsrv,1,17,1,1]
n:NDRX:5:2fd996ca:00017:7fffff3b7200:001:20251105:084156911761:nternal_init:i/init.c:0920:NDRXD queue: [/run,sys,bg,ndrxd]
n:NDRX:5:2fd996ca:00017:7fffff3b7200:001:20251105:084156911806:rxd_sem_init:mi/sem.c:0087:Using service semaphore key: [266241]
n:NDRX:4:2fd996ca:00017:7fffff3b7200:001:20251105:084156911849:drx_sem_open:td_sem.c:0259:Semaphore exists [41001] - attaching
n:NDRX:5:2fd996ca:00017:7fffff3b7200:001:20251105:084156911875:x_sem_attach:td_sem.c:0349:enter
n:NDRX:5:2fd996ca:00017:7fffff3b7200:001:20251105:084156911903:x_sem_attach:td_sem.c:0369:sem: [1] attached
n:NDRX:5:2fd996ca:00017:7fffff3b7200:001:20251105:084156911929:x_sem_attach:td_sem.c:0373:return 0
n:NDRX:5:2fd996ca:00017:7fffff3b7200:001:20251105:084156912019:drx_shm_init:mi/shm.c:0136:G_srvinfo.size = 12440000 (1244 * 10000)
n:NDRX:5:2fd996ca:00017:7fffff3b7200:001:20251105:084156912046:drx_shm_init:mi/shm.c:0140:G_svcinfo.size = 11120000 (556 * 20000)
n:NDRX:5:2fd996ca:00017:7fffff3b7200:001:20251105:084156912072:drx_shm_init:mi/shm.c:0144:G_brinfo.size = 11120000 (4 * 32)
n:NDRX:5:2fd996ca:00017:7fffff3b7200:001:20251105:084156912098:drx_shm_init:mi/shm.c:0148:ndrx_G_routcrit.size = 204800 bytes (102400 * 2)
n:NDRX:5:2fd996ca:00017:7fffff3b7200:001:20251105:084156912124:drx_shm_init:mi/shm.c:0152:ndrx_G_routsvc.size = 176000 (1000 * 88 * 2)
n:NDRX:4:2fd996ca:00017:7fffff3b7200:001:20251105:084156912179:drx_shm_open:_shmsv.c:0149:Shared memory exists [/run,shm,svcinfo]/41002 - attaching
n:NDRX:5:2fd996ca:00017:7fffff3b7200:001:20251105:084156912211:x_shm_attach:_shmsv.c:0230:Shm: [/run,shm,svcinfo] 1/41002 attach size: 11120000 mem: 0x7ffffe860000
n:NDRX:5:2fd996ca:00017:7fffff3b7200:001:20251105:084156912238:x_shm_attach:_shmsv.c:0243:return 0
n:NDRX:4:2fd996ca:00017:7fffff3b7200:001:20251105:084156912265:drx_shm_open:_shmsv.c:0149:Shared memory exists [/run,shm,routcrit]/41008 - attaching
n:NDRX:5:2fd996ca:00017:7fffff3b7200:001:20251105:084156912293:x_shm_attach:_shmsv.c:0230:Shm: [/run,shm,routcrit] 2/41008 attach size: 204800 mem: 0x7ffffe82e000
n:NDRX:5:2fd996ca:00017:7fffff3b7200:001:20251105:084156912319:x_shm_attach:_shmsv.c:0243:return 0
n:NDRX:4:2fd996ca:00017:7fffff3b7200:001:20251105:084156912345:drx_shm_open:_shmsv.c:0149:Shared memory exists [/run,shm,routsvc]/41009 - attaching
n:NDRX:5:2fd996ca:00017:7fffff3b7200:001:20251105:084156912375:x_shm_attach:_shmsv.c:0230:Shm: [/run,shm,routsvc] 3/41009 attach size: 176000 mem: 0x7ffffe803000
n:NDRX:5:2fd996ca:00017:7fffff3b7200:001:20251105:084156912401:x_shm_attach:_shmsv.c:0243:return 0
n:NDRX:4:2fd996ca:00017:7fffff3b7200:001:20251105:084156912427:drx_shm_open:_shmsv.c:0149:Shared memory exists [/run,shm,srvinfo]/41001 - attaching
n:NDRX:5:2fd996ca:00017:7fffff3b7200:001:20251105:084156912455:x_shm_attach:_shmsv.c:0230:Shm: [/run,shm,srvinfo] 4/41001 attach size: 12440000 mem: 0x7ffffdc25000
n:NDRX:5:2fd996ca:00017:7fffff3b7200:001:20251105:084156912481:x_shm_attach:_shmsv.c:0243:return 0
n:NDRX:4:2fd996ca:00017:7fffff3b7200:001:20251105:084156912536:drx_shm_open:_shmsv.c:0149:Shared memory exists [/run,shm,brinfo]/41003 - attaching
n:NDRX:5:2fd996ca:00017:7fffff3b7200:001:20251105:084156912564:x_shm_attach:_shmsv.c:0230:Shm: [/run,shm,brinfo] 5/41003 attach size: 128 mem: 0x7fffff5e3000
n:NDRX:5:2fd996ca:00017:7fffff3b7200:001:20251105:084156912590:x_shm_attach:_shmsv.c:0243:return 0
n:NDRX:5:2fd996ca:00017:7fffff3b7200:001:20251105:084156912823:ecific_queue:v/init.c:0271:Advertising: SVC: [] FN: [] ADDR: [(nil)] QUEUE: [/run,srv,admin,cconfsrv,1,17]
n:NDRX:5:2fd996ca:00017:7fffff3b7200:001:20251105:084156912858:ecific_queue:v/init.c:0271:Advertising: SVC: [] FN: [] ADDR: [(nil)] QUEUE: [/run,srv,reply,cconfsrv,1,17]
n:NDRX:5:2fd996ca:00017:7fffff3b7200:001:20251105:084156913172:tise_service:v/init.c:0190:Advertising: SVC: [@CCONF] FN: [CCONF] ADDR: [0x5555555567c0] QUEUE: [/run,svc,@CCONF] AUTOTRAN [0] TRANTIME [0]
n:NDRX:5:2fd996ca:00017:7fffff3b7200:001:20251105:084156913205:e_array_list:v/init.c:0220:about to allocate 3 of svc ptrs
n:NDRX:5:2fd996ca:00017:7fffff3b7200:001:20251105:084156913231:e_array_list:v/init.c:0233:assigning 0
n:NDRX:5:2fd996ca:00017:7fffff3b7200:001:20251105:084156913256:e_array_list:v/init.c:0233:assigning 1
n:NDRX:5:2fd996ca:00017:7fffff3b7200:001:20251105:084156913281:e_array_list:v/init.c:0233:assigning 2
n:NDRX:5:2fd996ca:00017:7fffff3b7200:001:20251105:084156913368:v_open_queue:spatch.c:0150:About to listen on: /run,srv,admin,cconfsrv,1,17
n:NDRX:5:2fd996ca:00017:7fffff3b7200:001:20251105:084156913474:v_open_queue:spatch.c:0250:Got file descriptor: 17
n:NDRX:5:2fd996ca:00017:7fffff3b7200:001:20251105:084156913500:v_open_queue:spatch.c:0150:About to listen on: /run,srv,reply,cconfsrv,1,17
n:NDRX:5:2fd996ca:00017:7fffff3b7200:001:20251105:084156913528:v_open_queue:spatch.c:0250:Got file descriptor: 18
n:NDRX:5:2fd996ca:00017:7fffff3b7200:001:20251105:084156913553:v_open_queue:spatch.c:0150:About to listen on: /run,svc,@CCONF
n:NDRX:4:2fd996ca:00017:7fffff3b7200:001:20251105:084156913648:drx_sem_lock:td_sem.c:0169:sv_open_queue/1/0: semaphore locked... 
n:NDRX:5:2fd996ca:00017:7fffff3b7200:001:20251105:084156913865:_shm_get_svc:mi/shm.c:0759:Key for [@CCONF] is 14574, shm is: 0x7ffffe860000
n:NDRX:5:2fd996ca:00017:7fffff3b7200:001:20251105:084156913895:_shm_get_svc:mi/shm.c:0826:ndrx_shm_get_svc [@CCONF] - result: 0, iterations: 0, pos: 14574, install: 0
n:NDRX:5:2fd996ca:00017:7fffff3b7200:001:20251105:084156913921:_shm_get_svc:mi/shm.c:0759:Key for [@CCONF] is 14574, shm is: 0x7ffffe860000
n:NDRX:5:2fd996ca:00017:7fffff3b7200:001:20251105:084156913947:_shm_get_svc:mi/shm.c:0826:ndrx_shm_get_svc [@CCONF] - result: 0, iterations: 0, pos: 14574, install: 2
n:NDRX:5:2fd996ca:00017:7fffff3b7200:001:20251105:084156913983:stall_svc_br:mi/shm.c:0957:Svc [@CCONF] not found in shm, installed with flags 1
n:NDRX:5:2fd996ca:00017:7fffff3b7200:001:20251105:084156914046:x_sem_unlock:td_sem.c:0210:sv_open_queue/1/0 semaphore un-locked
n:NDRX:5:2fd996ca:00017:7fffff3b7200:001:20251105:084156914075:v_open_queue:spatch.c:0250:Got file descriptor: 19
n:NDRX:5:2fd996ca:00017:7fffff3b7200:001:20251105:084156914329:ort_to_ndrxd:rxdapi.c:0164:About to send: 456 bytes/1 svcs, srvid: 1
n:NDRX:5:2fd996ca:00017:7fffff3b7200:001:20251105:084156914556:neric_call_2:iutils.c:0639:gencall command: 4, reply_only=0, need_reply=0 call flags=0x0, getcall flags=32
n:NDRX:4:2fd996ca:00017:7fffff3b7200:001:20251105:084156914585:neric_call_2:iutils.c:0686:Sending data to [/run,sys,bg,ndrxd] call flags=0x0
n:NDRX:5:2fd996ca:00017:7fffff3b7200:001:20251105:084156914738:ric_q_send_2:iutils.c:0473:len: 456 use timeout: 0 config: 0 prio: 50 snd_prio: 50
n:NDRX:5:2fd996ca:00017:7fffff3b7200:001:20251105:084156914806:neric_call_2:iutils.c:0719:Reply not needed!
n:NDRX:5:2fd996ca:00017:7fffff3b7200:001:20251105:084156915094:_for_request:spatch.c:1452:About to poll - timeout=-1 millisec
n:NDRX:5:2fd996ca:00017:7fffff3b7200:001:20251105:084346978676:_for_request:spatch.c:1496:Poll says: 1 len: -1 tout: -1
n:NDRX:5:2fd996ca:00017:7fffff3b7200:001:20251105:084346978867:_for_request:spatch.c:1551:Receiving 0, user data: 17, fd: 17, evmqd: 17, is_mq_only: -1, G_pollext=(nil)
n:NDRX:5:2fd996ca:00017:7fffff3b7200:001:20251105:084346979257:_for_request:spatch.c:1629:Got request on logical channel 0, fd: 17
n:NDRX:5:2fd996ca:00017:7fffff3b7200:001:20251105:084346979441:_for_request:spatch.c:1634:Got admin request
n:NDRX:5:2fd996ca:00017:7fffff3b7200:001:20251105:084346979813:ss_admin_req:spatch.c:1362:Got ping request: 1 seq
n:NDRX:5:2fd996ca:00017:7fffff3b7200:001:20251105:084346980049:neric_call_2:iutils.c:0639:gencall command: 53, reply_only=0, need_reply=0 call flags=0x0, getcall flags=32
n:NDRX:4:2fd996ca:00017:7fffff3b7200:001:20251105:084346980246:neric_call_2:iutils.c:0686:Sending data to [/run,sys,bg,ndrxd] call flags=0x0
n:NDRX:5:2fd996ca:00017:7fffff3b7200:001:20251105:084346980375:ric_q_send_2:iutils.c:0473:len: 184 use timeout: 0 config: 0 prio: 50 snd_prio: 50
n:NDRX:5:2fd996ca:00017:7fffff3b7200:001:20251105:084346980448:neric_call_2:iutils.c:0719:Reply not needed!
n:NDRX:5:2fd996ca:00017:7fffff3b7200:001:20251105:084346980537:_for_request:spatch.c:1452:About to poll - timeout=-1 millisec
n:NDRX:5:2fd996ca:00017:7fffff3b7200:001:20251105:084537067491:_for_request:spatch.c:1496:Poll says: 1 len: -1 tout: -1
n:NDRX:5:2fd996ca:00017:7fffff3b7200:001:20251105:084537067752:_for_request:spatch.c:1551:Receiving 0, user data: 17, fd: 17, evmqd: 17, is_mq_only: -1, G_pollext=(nil)
n:NDRX:5:2fd996ca:00017:7fffff3b7200:001:20251105:084537067947:_for_request:spatch.c:1629:Got request on logical channel 0, fd: 17
n:NDRX:5:2fd996ca:00017:7fffff3b7200:001:20251105:084537068087:_for_request:spatch.c:1634:Got admin request
n:NDRX:5:2fd996ca:00017:7fffff3b7200:001:20251105:084537068250:ss_admin_req:spatch.c:1362:Got ping request: 2 seq
n:NDRX:5:2fd996ca:00017:7fffff3b7200:001:20251105:084537068419:neric_call_2:iutils.c:0639:gencall command: 53, reply_only=0, need_reply=0 call flags=0x0, getcall flags=32
n:NDRX:4:2fd996ca:00017:7fffff3b7200:001:20251105:084537068754:neric_call_2:iutils.c:0686:Sending data to [/run,sys,bg,ndrxd] call flags=0x0
n:NDRX:5:2fd996ca:00017:7fffff3b7200:001:20251105:084537068869:ric_q_send_2:iutils.c:0473:len: 184 use timeout: 0 config: 0 prio: 50 snd_prio: 50
n:NDRX:5:2fd996ca:00017:7fffff3b7200:001:20251105:084537068996:neric_call_2:iutils.c:0719:Reply not needed!
n:NDRX:5:2fd996ca:00017:7fffff3b7200:001:20251105:084537069148:_for_request:spatch.c:1452:About to poll - timeout=-1 millisec
n:NDRX:5:2fd996ca:00017:7fffff3b7200:001:20251105:084727134739:_for_request:spatch.c:1496:Poll says: 1 len: -1 tout: -1
n:NDRX:5:2fd996ca:00017:7fffff3b7200:001:20251105:084727134804:_for_request:spatch.c:1551:Receiving 0, user data: 17, fd: 17, evmqd: 17, is_mq_only: -1, G_pollext=(nil)
n:NDRX:5:2fd996ca:00017:7fffff3b7200:001:20251105:084727134851:_for_request:spatch.c:1629:Got request on logical channel 0, fd: 17
n:NDRX:5:2fd996ca:00017:7fffff3b7200:001:20251105:084727134897:_for_request:spatch.c:1634:Got admin request
n:NDRX:5:2fd996ca:00017:7fffff3b7200:001:20251105:084727134939:ss_admin_req:spatch.c:1362:Got ping request: 3 seq
n:NDRX:5:2fd996ca:00017:7fffff3b7200:001:20251105:084727135030:neric_call_2:iutils.c:0639:gencall command: 53, reply_only=0, need_reply=0 call flags=0x0, getcall flags=32
n:NDRX:4:2fd996ca:00017:7fffff3b7200:001:20251105:084727135091:neric_call_2:iutils.c:0686:Sending data to [/run,sys,bg,ndrxd] call flags=0x0
n:NDRX:5:2fd996ca:00017:7fffff3b7200:001:20251105:084727135143:ric_q_send_2:iutils.c:0473:len: 184 use timeout: 0 config: 0 prio: 50 snd_prio: 50
n:NDRX:5:2fd996ca:00017:7fffff3b7200:001:20251105:084727135183:neric_call_2:iutils.c:0719:Reply not needed!
n:NDRX:5:2fd996ca:00017:7fffff3b7200:001:20251105:084727135235:_for_request:spatch.c:1452:About to poll - timeout=-1 millisec
n:NDRX:5:2fd996ca:00017:7fffff3b7200:000:20251105:084755024869:ndrx_init   :rvmain.c:0693:Using comms timeout: 1500
n:NDRX:5:2fd996ca:00017:7fffff3b7200:000:20251105:084755024965:_tpsvrinit__:confsv.c:0755:tpsvrinit called
n:NDRX:5:2fd996ca:00017:7fffff3b7200:000:20251105:084755024997:x_inicfg_new:inicfg.c:0115:_ndrx_inicfg_new: load_global_env: 1
n:NDRX:5:2fd996ca:00017:7fffff3b7200:000:20251105:084755025039:ig_load_pass:config.c:0327:have config at slot [0] [/app/conf/ndrxconf.ini]
n:NDRX:5:2fd996ca:00017:7fffff3b7200:000:20251105:084755025240:ig_load_pass:config.c:0401:_ndrx_cconfig_load_pass: ret: 0 is_internal: 0 G_tried_to_load: 1
n:NDRX:4:2fd996ca:00017:7fffff3b7200:000:20251105:084755025332:vertise_full:v/init.c:0855:About to advertise service [@CCONF]
n:NDRX:5:2fd996ca:00017:7fffff3b7200:000:20251105:084755025556:ise_full_int:v/init.c:0690:Service [@CCONF] (function: [CCONF]:0x5555555567c0) successfully acknowledged
n:NDRX:5:2fd996ca:00017:7fffff3b7200:000:20251105:084755025757:drx_ctxid_op:i/init.c:0135:Got free context id=0 (0 base)
n:NDRX:5:2fd996ca:00017:7fffff3b7200:000:20251105:084755025781:drx_ctxid_op:i/init.c:0146:Returning context id=1
n:NDRX:5:2fd996ca:00017:7fffff3b7200:001:20251105:084755025821:atmi_library:v/init.c:0448:Server my_id=[srv,cconfsrv,1,17,1,1]
n:NDRX:5:2fd996ca:00017:7fffff3b7200:001:20251105:084755025915:nternal_init:i/init.c:0920:NDRXD queue: [/run,sys,bg,ndrxd]
n:NDRX:5:2fd996ca:00017:7fffff3b7200:001:20251105:084755025962:rxd_sem_init:mi/sem.c:0087:Using service semaphore key: [266241]
n:NDRX:4:2fd996ca:00017:7fffff3b7200:001:20251105:084755026005:drx_sem_open:td_sem.c:0259:Semaphore exists [41001] - attaching
n:NDRX:5:2fd996ca:00017:7fffff3b7200:001:20251105:084755026030:x_sem_attach:td_sem.c:0349:enter
n:NDRX:5:2fd996ca:00017:7fffff3b7200:001:20251105:084755026057:x_sem_attach:td_sem.c:0369:sem: [1] attached
n:NDRX:5:2fd996ca:00017:7fffff3b7200:001:20251105:084755026082:x_sem_attach:td_sem.c:0373:return 0
n:NDRX:5:2fd996ca:00017:7fffff3b7200:001:20251105:084755026180:drx_shm_init:mi/shm.c:0136:G_srvinfo.size = 12440000 (1244 * 10000)
n:NDRX:5:2fd996ca:00017:7fffff3b7200:001:20251105:084755026206:drx_shm_init:mi/shm.c:0140:G_svcinfo.size = 11120000 (556 * 20000)
n:NDRX:5:2fd996ca:00017:7fffff3b7200:001:20251105:084755026231:drx_shm_init:mi/shm.c:0144:G_brinfo.size = 11120000 (4 * 32)
n:NDRX:5:2fd996ca:00017:7fffff3b7200:001:20251105:084755026256:drx_shm_init:mi/shm.c:0148:ndrx_G_routcrit.size = 204800 bytes (102400 * 2)
n:NDRX:5:2fd996ca:00017:7fffff3b7200:001:20251105:084755026282:drx_shm_init:mi/shm.c:0152:ndrx_G_routsvc.size = 176000 (1000 * 88 * 2)
n:NDRX:4:2fd996ca:00017:7fffff3b7200:001:20251105:084755026338:drx_shm_open:_shmsv.c:0149:Shared memory exists [/run,shm,svcinfo]/41002 - attaching
n:NDRX:5:2fd996ca:00017:7fffff3b7200:001:20251105:084755026364:x_shm_attach:_shmsv.c:0230:Shm: [/run,shm,svcinfo] 1/41002 attach size: 11120000 mem: 0x7ffffe860000
n:NDRX:5:2fd996ca:00017:7fffff3b7200:001:20251105:084755026387:x_shm_attach:_shmsv.c:0243:return 0
n:NDRX:4:2fd996ca:00017:7fffff3b7200:001:20251105:084755026410:drx_shm_open:_shmsv.c:0149:Shared memory exists [/run,shm,routcrit]/41008 - attaching
n:NDRX:5:2fd996ca:00017:7fffff3b7200:001:20251105:084755026437:x_shm_attach:_shmsv.c:0230:Shm: [/run,shm,routcrit] 2/41008 attach size: 204800 mem: 0x7ffffe82e000
n:NDRX:5:2fd996ca:00017:7fffff3b7200:001:20251105:084755026459:x_shm_attach:_shmsv.c:0243:return 0
n:NDRX:4:2fd996ca:00017:7fffff3b7200:001:20251105:084755026482:drx_shm_open:_shmsv.c:0149:Shared memory exists [/run,shm,routsvc]/41009 - attaching
n:NDRX:5:2fd996ca:00017:7fffff3b7200:001:20251105:084755026508:x_shm_attach:_shmsv.c:0230:Shm: [/run,shm,routsvc] 3/41009 attach size: 176000 mem: 0x7ffffe803000
n:NDRX:5:2fd996ca:00017:7fffff3b7200:001:20251105:084755026530:x_shm_attach:_shmsv.c:0243:return 0
n:NDRX:4:2fd996ca:00017:7fffff3b7200:001:20251105:084755026557:drx_shm_open:_shmsv.c:0149:Shared memory exists [/run,shm,srvinfo]/41001 - attaching
n:NDRX:5:2fd996ca:00017:7fffff3b7200:001:20251105:084755026584:x_shm_attach:_shmsv.c:0230:Shm: [/run,shm,srvinfo] 4/41001 attach size: 12440000 mem: 0x7ffffdc25000
n:NDRX:5:2fd996ca:00017:7fffff3b7200:001:20251105:084755026608:x_shm_attach:_shmsv.c:0243:return 0
n:NDRX:4:2fd996ca:00017:7fffff3b7200:001:20251105:084755026630:drx_shm_open:_shmsv.c:0149:Shared memory exists [/run,shm,brinfo]/41003 - attaching
n:NDRX:5:2fd996ca:00017:7fffff3b7200:001:20251105:084755026678:x_shm_attach:_shmsv.c:0230:Shm: [/run,shm,brinfo] 5/41003 attach size: 128 mem: 0x7fffff5e3000
n:NDRX:5:2fd996ca:00017:7fffff3b7200:001:20251105:084755026700:x_shm_attach:_shmsv.c:0243:return 0
n:NDRX:5:2fd996ca:00017:7fffff3b7200:001:20251105:084755026927:ecific_queue:v/init.c:0271:Advertising: SVC: [] FN: [] ADDR: [(nil)] QUEUE: [/run,srv,admin,cconfsrv,1,17]
n:NDRX:5:2fd996ca:00017:7fffff3b7200:001:20251105:084755026957:ecific_queue:v/init.c:0271:Advertising: SVC: [] FN: [] ADDR: [(nil)] QUEUE: [/run,srv,reply,cconfsrv,1,17]
n:NDRX:5:2fd996ca:00017:7fffff3b7200:001:20251105:084755027286:tise_service:v/init.c:0190:Advertising: SVC: [@CCONF] FN: [CCONF] ADDR: [0x5555555567c0] QUEUE: [/run,svc,@CCONF] AUTOTRAN [0] TRANTIME [0]
n:NDRX:5:2fd996ca:00017:7fffff3b7200:001:20251105:084755027321:e_array_list:v/init.c:0220:about to allocate 3 of svc ptrs
n:NDRX:5:2fd996ca:00017:7fffff3b7200:001:20251105:084755027350:e_array_list:v/init.c:0233:assigning 0
n:NDRX:5:2fd996ca:00017:7fffff3b7200:001:20251105:084755027379:e_array_list:v/init.c:0233:assigning 1
n:NDRX:5:2fd996ca:00017:7fffff3b7200:001:20251105:084755027407:e_array_list:v/init.c:0233:assigning 2
n:NDRX:5:2fd996ca:00017:7fffff3b7200:001:20251105:084755027497:v_open_queue:spatch.c:0150:About to listen on: /run,srv,admin,cconfsrv,1,17
n:NDRX:5:2fd996ca:00017:7fffff3b7200:001:20251105:084755027609:v_open_queue:spatch.c:0250:Got file descriptor: 17
n:NDRX:5:2fd996ca:00017:7fffff3b7200:001:20251105:084755027638:v_open_queue:spatch.c:0150:About to listen on: /run,srv,reply,cconfsrv,1,17
n:NDRX:5:2fd996ca:00017:7fffff3b7200:001:20251105:084755027669:v_open_queue:spatch.c:0250:Got file descriptor: 18
n:NDRX:5:2fd996ca:00017:7fffff3b7200:001:20251105:084755027698:v_open_queue:spatch.c:0150:About to listen on: /run,svc,@CCONF
n:NDRX:4:2fd996ca:00017:7fffff3b7200:001:20251105:084755027797:drx_sem_lock:td_sem.c:0169:sv_open_queue/1/0: semaphore locked... 
n:NDRX:5:2fd996ca:00017:7fffff3b7200:001:20251105:084755027995:_shm_get_svc:mi/shm.c:0759:Key for [@CCONF] is 14574, shm is: 0x7ffffe860000
n:NDRX:5:2fd996ca:00017:7fffff3b7200:001:20251105:084755028027:_shm_get_svc:mi/shm.c:0826:ndrx_shm_get_svc [@CCONF] - result: 0, iterations: 0, pos: 14574, install: 0
n:NDRX:5:2fd996ca:00017:7fffff3b7200:001:20251105:084755028056:_shm_get_svc:mi/shm.c:0759:Key for [@CCONF] is 14574, shm is: 0x7ffffe860000
n:NDRX:5:2fd996ca:00017:7fffff3b7200:001:20251105:084755028088:_shm_get_svc:mi/shm.c:0826:ndrx_shm_get_svc [@CCONF] - result: 0, iterations: 0, pos: 14574, install: 2
n:NDRX:5:2fd996ca:00017:7fffff3b7200:001:20251105:084755028132:stall_svc_br:mi/shm.c:0957:Svc [@CCONF] not found in shm, installed with flags 1
n:NDRX:5:2fd996ca:00017:7fffff3b7200:001:20251105:084755028200:x_sem_unlock:td_sem.c:0210:sv_open_queue/1/0 semaphore un-locked
n:NDRX:5:2fd996ca:00017:7fffff3b7200:001:20251105:084755028233:v_open_queue:spatch.c:0250:Got file descriptor: 19
n:NDRX:5:2fd996ca:00017:7fffff3b7200:001:20251105:084755028481:ort_to_ndrxd:rxdapi.c:0164:About to send: 456 bytes/1 svcs, srvid: 1
n:NDRX:5:2fd996ca:00017:7fffff3b7200:001:20251105:084755028717:neric_call_2:iutils.c:0639:gencall command: 4, reply_only=0, need_reply=0 call flags=0x0, getcall flags=32
n:NDRX:4:2fd996ca:00017:7fffff3b7200:001:20251105:084755028751:neric_call_2:iutils.c:0686:Sending data to [/run,sys,bg,ndrxd] call flags=0x0
n:NDRX:5:2fd996ca:00017:7fffff3b7200:001:20251105:084755028899:ric_q_send_2:iutils.c:0473:len: 456 use timeout: 0 config: 0 prio: 50 snd_prio: 50
n:NDRX:5:2fd996ca:00017:7fffff3b7200:001:20251105:084755028958:neric_call_2:iutils.c:0719:Reply not needed!
n:NDRX:5:2fd996ca:00017:7fffff3b7200:001:20251105:084755029265:_for_request:spatch.c:1452:About to poll - timeout=-1 millisec
n:NDRX:5:2fd996ca:00017:7fffff3b7200:001:20251105:084945077987:_for_request:spatch.c:1496:Poll says: 1 len: -1 tout: -1
n:NDRX:5:2fd996ca:00017:7fffff3b7200:001:20251105:084945078110:_for_request:spatch.c:1551:Receiving 0, user data: 17, fd: 17, evmqd: 17, is_mq_only: -1, G_pollext=(nil)
n:NDRX:5:2fd996ca:00017:7fffff3b7200:001:20251105:084945078337:_for_request:spatch.c:1629:Got request on logical channel 0, fd: 17
n:NDRX:5:2fd996ca:00017:7fffff3b7200:001:20251105:084945078410:_for_request:spatch.c:1634:Got admin request
n:NDRX:5:2fd996ca:00017:7fffff3b7200:001:20251105:084945078754:ss_admin_req:spatch.c:1362:Got ping request: 1 seq
n:NDRX:5:2fd996ca:00017:7fffff3b7200:001:20251105:084945078972:neric_call_2:iutils.c:0639:gencall command: 53, reply_only=0, need_reply=0 call flags=0x0, getcall flags=32
n:NDRX:4:2fd996ca:00017:7fffff3b7200:001:20251105:084945079065:neric_call_2:iutils.c:0686:Sending data to [/run,sys,bg,ndrxd] call flags=0x0
n:NDRX:5:2fd996ca:00017:7fffff3b7200:001:20251105:084945079148:ric_q_send_2:iutils.c:0473:len: 184 use timeout: 0 config: 0 prio: 50 snd_prio: 50
n:NDRX:5:2fd996ca:00017:7fffff3b7200:001:20251105:084945079225:neric_call_2:iutils.c:0719:Reply not needed!
n:NDRX:5:2fd996ca:00017:7fffff3b7200:001:20251105:084945079368:_for_request:spatch.c:1452:About to poll - timeout=-1 millisec
n:NDRX:5:2fd996ca:00017:7fffff3b7200:001:20251105:085135165099:_for_request:spatch.c:1496:Poll says: 1 len: -1 tout: -1
n:NDRX:5:2fd996ca:00017:7fffff3b7200:001:20251105:085135165248:_for_request:spatch.c:1551:Receiving 0, user data: 17, fd: 17, evmqd: 17, is_mq_only: -1, G_pollext=(nil)
n:NDRX:5:2fd996ca:00017:7fffff3b7200:001:20251105:085135165370:_for_request:spatch.c:1629:Got request on logical channel 0, fd: 17
n:NDRX:5:2fd996ca:00017:7fffff3b7200:001:20251105:085135165443:_for_request:spatch.c:1634:Got admin request
n:NDRX:5:2fd996ca:00017:7fffff3b7200:001:20251105:085135165521:ss_admin_req:spatch.c:1362:Got ping request: 2 seq
n:NDRX:5:2fd996ca:00017:7fffff3b7200:001:20251105:085135165603:neric_call_2:iutils.c:0639:gencall command: 53, reply_only=0, need_reply=0 call flags=0x0, getcall flags=32
n:NDRX:4:2fd996ca:00017:7fffff3b7200:001:20251105:085135165797:neric_call_2:iutils.c:0686:Sending data to [/run,sys,bg,ndrxd] call flags=0x0
n:NDRX:5:2fd996ca:00017:7fffff3b7200:001:20251105:085135165896:ric_q_send_2:iutils.c:0473:len: 184 use timeout: 0 config: 0 prio: 50 snd_prio: 50
n:NDRX:5:2fd996ca:00017:7fffff3b7200:001:20251105:085135166027:neric_call_2:iutils.c:0719:Reply not needed!
n:NDRX:5:2fd996ca:00017:7fffff3b7200:001:20251105:085135166149:_for_request:spatch.c:1452:About to poll - timeout=-1 millisec
n:NDRX:5:2fd996ca:00017:7fffff3b7200:001:20251105:085325295438:_for_request:spatch.c:1496:Poll says: 1 len: -1 tout: -1
n:NDRX:5:2fd996ca:00017:7fffff3b7200:001:20251105:085325295845:_for_request:spatch.c:1551:Receiving 0, user data: 17, fd: 17, evmqd: 17, is_mq_only: -1, G_pollext=(nil)
n:NDRX:5:2fd996ca:00017:7fffff3b7200:001:20251105:085325296119:_for_request:spatch.c:1629:Got request on logical channel 0, fd: 17
n:NDRX:5:2fd996ca:00017:7fffff3b7200:001:20251105:085325296217:_for_request:spatch.c:1634:Got admin request
n:NDRX:5:2fd996ca:00017:7fffff3b7200:001:20251105:085325296333:ss_admin_req:spatch.c:1362:Got ping request: 3 seq
n:NDRX:5:2fd996ca:00017:7fffff3b7200:001:20251105:085325296478:neric_call_2:iutils.c:0639:gencall command: 53, reply_only=0, need_reply=0 call flags=0x0, getcall flags=32
n:NDRX:4:2fd996ca:00017:7fffff3b7200:001:20251105:085325296594:neric_call_2:iutils.c:0686:Sending data to [/run,sys,bg,ndrxd] call flags=0x0
n:NDRX:5:2fd996ca:00017:7fffff3b7200:001:20251105:085325296759:ric_q_send_2:iutils.c:0473:len: 184 use timeout: 0 config: 0 prio: 50 snd_prio: 50
n:NDRX:5:2fd996ca:00017:7fffff3b7200:001:20251105:085325296931:neric_call_2:iutils.c:0719:Reply not needed!
n:NDRX:5:2fd996ca:00017:7fffff3b7200:001:20251105:085325297130:_for_request:spatch.c:1452:About to poll - timeout=-1 millisec
n:NDRX:5:2fd996ca:00017:7fffff3b7200:001:20251105:085515409941:_for_request:spatch.c:1496:Poll says: 1 len: -1 tout: -1
n:NDRX:5:2fd996ca:00017:7fffff3b7200:001:20251105:085515410169:_for_request:spatch.c:1551:Receiving 0, user data: 17, fd: 17, evmqd: 17, is_mq_only: -1, G_pollext=(nil)
n:NDRX:5:2fd996ca:00017:7fffff3b7200:001:20251105:085515410514:_for_request:spatch.c:1629:Got request on logical channel 0, fd: 17
n:NDRX:5:2fd996ca:00017:7fffff3b7200:001:20251105:085515410632:_for_request:spatch.c:1634:Got admin request
n:NDRX:5:2fd996ca:00017:7fffff3b7200:001:20251105:085515410786:ss_admin_req:spatch.c:1362:Got ping request: 4 seq
n:NDRX:5:2fd996ca:00017:7fffff3b7200:001:20251105:085515410875:neric_call_2:iutils.c:0639:gencall command: 53, reply_only=0, need_reply=0 call flags=0x0, getcall flags=32
n:NDRX:4:2fd996ca:00017:7fffff3b7200:001:20251105:085515411123:neric_call_2:iutils.c:0686:Sending data to [/run,sys,bg,ndrxd] call flags=0x0
n:NDRX:5:2fd996ca:00017:7fffff3b7200:001:20251105:085515411263:ric_q_send_2:iutils.c:0473:len: 184 use timeout: 0 config: 0 prio: 50 snd_prio: 50
n:NDRX:5:2fd996ca:00017:7fffff3b7200:001:20251105:085515411437:neric_call_2:iutils.c:0719:Reply not needed!
n:NDRX:5:2fd996ca:00017:7fffff3b7200:001:20251105:085515411532:_for_request:spatch.c:1452:About to poll - timeout=-1 millisec
n:NDRX:5:2fd996ca:00017:7fffff3b7200:001:20251105:085705520919:_for_request:spatch.c:1496:Poll says: 1 len: -1 tout: -1
n:NDRX:5:2fd996ca:00017:7fffff3b7200:001:20251105:085705521081:_for_request:spatch.c:1551:Receiving 0, user data: 17, fd: 17, evmqd: 17, is_mq_only: -1, G_pollext=(nil)
n:NDRX:5:2fd996ca:00017:7fffff3b7200:001:20251105:085705521182:_for_request:spatch.c:1629:Got request on logical channel 0, fd: 17
n:NDRX:5:2fd996ca:00017:7fffff3b7200:001:20251105:085705521247:_for_request:spatch.c:1634:Got admin request
n:NDRX:5:2fd996ca:00017:7fffff3b7200:001:20251105:085705521334:ss_admin_req:spatch.c:1362:Got ping request: 5 seq
n:NDRX:5:2fd996ca:00017:7fffff3b7200:001:20251105:085705521430:neric_call_2:iutils.c:0639:gencall command: 53, reply_only=0, need_reply=0 call flags=0x0, getcall flags=32
n:NDRX:4:2fd996ca:00017:7fffff3b7200:001:20251105:085705521657:neric_call_2:iutils.c:0686:Sending data to [/run,sys,bg,ndrxd] call flags=0x0
n:NDRX:5:2fd996ca:00017:7fffff3b7200:001:20251105:085705521755:ric_q_send_2:iutils.c:0473:len: 184 use timeout: 0 config: 0 prio: 50 snd_prio: 50
n:NDRX:5:2fd996ca:00017:7fffff3b7200:001:20251105:085705521862:neric_call_2:iutils.c:0719:Reply not needed!
n:NDRX:5:2fd996ca:00017:7fffff3b7200:001:20251105:085705521951:_for_request:spatch.c:1452:About to poll - timeout=-1 millisec
n:NDRX:5:2fd996ca:00017:7fffff3b7200:001:20251105:085855619390:_for_request:spatch.c:1496:Poll says: 1 len: -1 tout: -1
n:NDRX:5:2fd996ca:00017:7fffff3b7200:001:20251105:085855619552:_for_request:spatch.c:1551:Receiving 0, user data: 17, fd: 17, evmqd: 17, is_mq_only: -1, G_pollext=(nil)
n:NDRX:5:2fd996ca:00017:7fffff3b7200:001:20251105:085855619695:_for_request:spatch.c:1629:Got request on logical channel 0, fd: 17
n:NDRX:5:2fd996ca:00017:7fffff3b7200:001:20251105:085855619859:_for_request:spatch.c:1634:Got admin request
n:NDRX:5:2fd996ca:00017:7fffff3b7200:001:20251105:085855619984:ss_admin_req:spatch.c:1362:Got ping request: 6 seq
n:NDRX:5:2fd996ca:00017:7fffff3b7200:001:20251105:085855620134:neric_call_2:iutils.c:0639:gencall command: 53, reply_only=0, need_reply=0 call flags=0x0, getcall flags=32
n:NDRX:4:2fd996ca:00017:7fffff3b7200:001:20251105:085855620264:neric_call_2:iutils.c:0686:Sending data to [/run,sys,bg,ndrxd] call flags=0x0
n:NDRX:5:2fd996ca:00017:7fffff3b7200:001:20251105:085855620380:ric_q_send_2:iutils.c:0473:len: 184 use timeout: 0 config: 0 prio: 50 snd_prio: 50
n:NDRX:5:2fd996ca:00017:7fffff3b7200:001:20251105:085855620482:neric_call_2:iutils.c:0719:Reply not needed!
n:NDRX:5:2fd996ca:00017:7fffff3b7200:001:20251105:085855620573:_for_request:spatch.c:1452:About to poll - timeout=-1 millisec
