N:NDRX:4:2fd996ca:00024:7fffff33d9c0:000:20251104:192104784816:plugins_load:inbase.c:0217:No plugins defined by NDRX_PLUGINS env variable
N:NDRX:5:2fd996ca:00024:7fffff33d9c0:000:20251104:192104786548:cconfig_load:config.c:0488:CC tag set to: []
N:NDRX:5:2fd996ca:00024:7fffff33d9c0:000:20251104:192104786805:x_inicfg_new:inicfg.c:0115:_ndrx_inicfg_new: load_global_env: 1
N:NDRX:5:2fd996ca:00024:7fffff33d9c0:000:20251104:192104786808:ig_load_pass:config.c:0327:have config at slot [0] [/app/conf/ndrxconf.ini]
N:NDRX:5:2fd996ca:00024:7fffff33d9c0:000:20251104:192104791245:ig_load_pass:config.c:0401:_ndrx_cconfig_load_pass: ret: 0 is_internal: 1 G_tried_to_load: 1
N:NDRX:5:2fd996ca:00024:7fffff33d9c0:000:20251104:192104791438:x_inicfg_new:inicfg.c:0115:_ndrx_inicfg_new: load_global_env: 1
N:NDRX:5:2fd996ca:00024:7fffff33d9c0:000:20251104:192104791441:ig_load_pass:config.c:0327:have config at slot [0] [/app/conf/ndrxconf.ini]
N:NDRX:5:2fd996ca:00024:7fffff33d9c0:000:20251104:192104791755:ig_load_pass:config.c:0401:_ndrx_cconfig_load_pass: ret: 0 is_internal: 1 G_tried_to_load: 1
N:NDRX:5:2fd996ca:00024:7fffff33d9c0:000:20251104:192104793311:systest_init:s_test.c:0093:sys_test off
N:NDRX:4:2fd996ca:00024:7fffff33d9c0:000:20251104:192104793473:drx_lcf_init:td/lcf.c:0279:NDRX_QPREFIX set to /run
N:NDRX:4:2fd996ca:00024:7fffff33d9c0:000:20251104:192104793476:drx_lcf_init:td/lcf.c:0300:NDRX_PGMAX set to 64
N:NDRX:5:2fd996ca:00024:7fffff33d9c0:000:20251104:192104793478:drx_lcf_init:td/lcf.c:0314:NDRX_SGREFRESH set to 30
N:NDRX:4:2fd996ca:00024:7fffff33d9c0:000:20251104:192104793479:drx_lcf_init:td/lcf.c:0327:NDRX_SVQREADERSMAX set to 50
N:NDRX:4:2fd996ca:00024:7fffff33d9c0:000:20251104:192104793481:drx_lcf_init:td/lcf.c:0340:NDRX_LCFREADERSMAX set to 1000
N:NDRX:4:2fd996ca:00024:7fffff33d9c0:000:20251104:192104793483:drx_lcf_init:td/lcf.c:0353:NDRX_LCFMAX set to 20
N:NDRX:4:2fd996ca:00024:7fffff33d9c0:000:20251104:192104793484:drx_lcf_init:td/lcf.c:0361:Missing config key NDRX_MSGQUEUESMAX - defaulting to 20000
N:NDRX:4:2fd996ca:00024:7fffff33d9c0:000:20251104:192104793486:drx_lcf_init:td/lcf.c:0368:NDRX_MSGQUEUESMAX set to 20000
N:NDRX:4:2fd996ca:00024:7fffff33d9c0:000:20251104:192104793556:drx_lcf_init:td/lcf.c:0386:(sysv queues): SystemV IPC Key set to: [41001]
N:NDRX:4:2fd996ca:00024:7fffff33d9c0:000:20251104:192104793559:drx_lcf_init:td/lcf.c:0400:NDRX_LCFCMDEXP set to 60
N:NDRX:4:2fd996ca:00024:7fffff33d9c0:000:20251104:192104793560:drx_lcf_init:td/lcf.c:0405:Opening LCF shared memory...
N:NDRX:4:2fd996ca:00024:7fffff33d9c0:000:20251104:192104793623:drx_shm_open:_shmsv.c:0149:Shared memory exists [/run,shm,lcf]/41007 - attaching
N:NDRX:5:2fd996ca:00024:7fffff33d9c0:000:20251104:192104793730:x_shm_attach:_shmsv.c:0230:Shm: [/run,shm,lcf] 0/41007 attach size: 98096 mem: 0x7ffffdcf9000
N:NDRX:5:2fd996ca:00024:7fffff33d9c0:000:20251104:192104793749:x_shm_attach:_shmsv.c:0243:return 0
N:NDRX:4:2fd996ca:00024:7fffff33d9c0:000:20251104:192104793853:drx_sem_open:td_sem.c:0259:Semaphore exists [41004] - attaching
N:NDRX:5:2fd996ca:00024:7fffff33d9c0:000:20251104:192104793917:x_sem_attach:td_sem.c:0349:enter
N:NDRX:5:2fd996ca:00024:7fffff33d9c0:000:20251104:192104793919:x_sem_attach:td_sem.c:0369:sem: [0] attached
N:NDRX:5:2fd996ca:00024:7fffff33d9c0:000:20251104:192104793920:x_sem_attach:td_sem.c:0373:return 0
N:NDRX:5:2fd996ca:00024:7fffff33d9c0:000:20251104:192104793995:func_add_int:td/lcf.c:0212:Adding [1] func lcf command [logrotate]
N:NDRX:5:2fd996ca:00024:7fffff33d9c0:000:20251104:192104794039:func_add_int:td/lcf.c:0212:Adding [2] func lcf command [logchg]
t:USER:3:2fd996ca:00024:7ffffdf14640:000:20251104:192104795063:tplog       :/tplog.c:0583:t:USER:3:2fd996ca:00024:7fffff33d9c0:000:20251104:192104795082:tplog       :/tplog.c:0583:Calling tpinit...
REST Gateway starting...
N:NDRX:5:2fd996ca:00024:7ffffdf14640:000:20251104:192104797682:d_common_env:i/init.c:0225:Max servers set to 10000
N:NDRX:5:2fd996ca:00024:7ffffdf14640:000:20251104:192104799564:d_common_env:i/init.c:0241:Max services set to 10000
t:USER:3:2fd996ca:00024:7fffff33d9c0:000:20251104:192104799536:tplog       :/tplog.c:0583:N:NDRX:5:2fd996ca:00024:7ffffdf14640:000:20251104:192104799605:d_common_env:i/init.c:0255:Max services set to 20000
REST Gateway listening on http://0.0.0.0:8080
N:NDRX:5:2fd996ca:00024:7ffffdf14640:000:20251104:192104799690:d_common_env:i/init.c:0270:Random key set to: [ZUvbDoHI]
N:NDRX:5:2fd996ca:00024:7ffffdf14640:000:20251104:192104799989:d_common_env:i/init.c:0285:Posix queue msg_max set to: [100]
REST Gateway listening on http://0.0.0.0:8080
N:NDRX:5:2fd996ca:00024:7ffffdf14640:000:20251104:192104800027:d_common_env:i/init.c:0301:Posix queue msgsize_max set to: [30000]
N:NDRX:5:2fd996ca:00024:7ffffdf14640:000:20251104:192104800284:d_common_env:i/init.c:0321:Posix queue prefix set to: [/run], match string: [/run,] (len: 5)
N:NDRX:5:2fd996ca:00024:7ffffdf14640:000:20251104:192104800325:d_common_env:i/init.c:0340:Posix queue queue path set to: [/dev/mqueue]
N:NDRX:5:2fd996ca:00024:7ffffdf14640:000:20251104:192104800366:d_common_env:i/init.c:0361:SystemV SEM IPC Key set to: [41001]
N:NDRX:5:2fd996ca:00024:7ffffdf14640:000:20251104:192104800401:d_common_env:i/init.c:0369:Using comms timeout: 1500
N:NDRX:5:2fd996ca:00024:7ffffdf14640:000:20251104:192104800442:d_common_env:i/init.c:0386:Cluster node id=1
N:NDRX:5:2fd996ca:00024:7ffffdf14640:000:20251104:192104800490:d_common_env:i/init.c:0403:NDRX_LDBAL set to 0
N:NDRX:5:2fd996ca:00024:7ffffdf14640:000:20251104:192104800525:d_common_env:i/init.c:0412:[NDRX_CLUSTERISED] says: We run in cluster mode
N:NDRX:5:2fd996ca:00024:7ffffdf14640:000:20251104:192104800562:d_common_env:i/init.c:0429:`ndrxd' pid file set to: [/app/ndrxd.pid]
N:NDRX:5:2fd996ca:00024:7ffffdf14640:000:20251104:192104800599:d_common_env:i/init.c:0445:ndrxd normal wait set to: 60 attempts
N:NDRX:5:2fd996ca:00024:7ffffdf14640:000:20251104:192104800635:d_common_env:i/init.c:0482:NDRX_SGLOCKINC set to 3600
N:NDRX:5:2fd996ca:00024:7ffffdf14640:000:20251104:192104800670:d_common_env:i/init.c:0491:[NDRX_XA_RES_ID]: XA Resource ID: 1
N:NDRX:5:2fd996ca:00024:7ffffdf14640:000:20251104:192104800822:d_common_env:i/init.c:0500:[NDRX_XA_OPEN_STR]: XA Open String: [ORACLE_XA+SqlNet=+ACC=P//+SesTM=180+LogDir=/most/log+nolocal=f+Threads=true]
N:NDRX:5:2fd996ca:00024:7ffffdf14640:000:20251104:192104800856:d_common_env:i/init.c:0509:[NDRX_XA_CLOSE_STR]: XA Close String: [ORACLE_XA+SqlNet=+ACC=P//+SesTM=180+LogDir=/most/log+nolocal=f+Threads=true]
N:NDRX:5:2fd996ca:00024:7ffffdf14640:000:20251104:192104800888:d_common_env:i/init.c:0525:[NDRX_XA_DRIVERLIB]: Enduro/X XA Driver lib (.so): [/usr/lib64/libndrxxaoras.so]
N:NDRX:5:2fd996ca:00024:7ffffdf14640:000:20251104:192104800921:d_common_env:i/init.c:0534:[NDRX_XA_RMLIB]: Resource manager lib (.so): [/ndrtools/oracle/lib/libclntsh.so]
N:NDRX:5:2fd996ca:00024:7ffffdf14640:000:20251104:192104800958:d_common_env:i/init.c:0558:[NDRX_XA_LAZY_INIT]: Lazy XA Init: TRUE
N:NDRX:5:2fd996ca:00024:7ffffdf14640:000:20251104:192104800990:d_common_env:i/init.c:0581:XA config ok
N:NDRX:5:2fd996ca:00024:7ffffdf14640:000:20251104:192104801020:d_common_env:i/init.c:0624:[NDRX_NRSEMS]: Number of services shared memory semaphores set to: 30 (used only for poll() mode) (default: 30)
N:NDRX:5:2fd996ca:00024:7ffffdf14640:000:20251104:192104801050:d_common_env:i/init.c:0645:[NDRX_MAXSVCSRVS]: Max number of local servers per service set to: 30 (used only for poll() mode) (default: 30)
N:NDRX:5:2fd996ca:00024:7ffffdf14640:000:20251104:192104801079:d_common_env:i/init.c:0683:routing criterion space: 102400 bytes, max services: 1000
N:NDRX:5:2fd996ca:00024:7ffffdf14640:000:20251104:192104801110:d_common_env:i/init.c:0706:Routing group not used
N:NDRX:5:2fd996ca:00024:7ffffdf14640:000:20251104:192104801177:d_common_env:i/init.c:0726:env loaded ok
N:NDRX:5:2fd996ca:00024:7ffffdf14640:000:20251104:192104801207:tpinit      :i/init.c:1057:Got prefix [/run]
N:NDRX:5:2fd996ca:00024:7ffffdf14640:000:20251104:192104801245:tpinit      :i/init.c:1065:Got PROGNAME [rest_gateway]
N:NDRX:5:2fd996ca:00024:7ffffdf14640:000:20251104:192104801331:drx_ctxid_op:i/init.c:0135:Got free context id=0 (0 base)
N:NDRX:5:2fd996ca:00024:7ffffdf14640:000:20251104:192104801391:drx_ctxid_op:i/init.c:0146:Returning context id=1
N:NDRX:5:2fd996ca:00024:7ffffdf14640:001:20251104:192104801443:tpinit      :i/init.c:1102:my_id=[clt,rest_gateway,24,1,1]
N:NDRX:5:2fd996ca:00024:7ffffdf14640:001:20251104:192104801489:tpinit      :i/init.c:1112:About to open client queue [/run,clt,reply,rest_gateway,24,1]
N:NDRX:5:2fd996ca:00024:7ffffdf14640:001:20251104:192104801582:tpinit      :i/init.c:1114:After client Q open: 27
N:NDRX:5:2fd996ca:00024:7ffffdf14640:001:20251104:192104801612:tpinit      :i/init.c:1122:Client queue [/run,clt,reply,rest_gateway,24,1] opened mqd_t=27.
N:NDRX:5:2fd996ca:00024:7ffffdf14640:001:20251104:192104801729:nternal_init:i/init.c:0920:NDRXD queue: [/run,sys,bg,ndrxd]
N:NDRX:5:2fd996ca:00024:7ffffdf14640:001:20251104:192104801786:rxd_sem_init:mi/sem.c:0087:Using service semaphore key: [266241]
N:NDRX:4:2fd996ca:00024:7ffffdf14640:001:20251104:192104801830:drx_sem_open:td_sem.c:0259:Semaphore exists [41001] - attaching
N:NDRX:5:2fd996ca:00024:7ffffdf14640:001:20251104:192104801860:x_sem_attach:td_sem.c:0349:enter
N:NDRX:5:2fd996ca:00024:7ffffdf14640:001:20251104:192104801889:x_sem_attach:td_sem.c:0369:sem: [1] attached
N:NDRX:5:2fd996ca:00024:7ffffdf14640:001:20251104:192104801918:x_sem_attach:td_sem.c:0373:return 0
N:NDRX:5:2fd996ca:00024:7ffffdf14640:001:20251104:192104802020:drx_shm_init:mi/shm.c:0136:G_srvinfo.size = 12440000 (1244 * 10000)
N:NDRX:5:2fd996ca:00024:7ffffdf14640:001:20251104:192104802050:drx_shm_init:mi/shm.c:0140:G_svcinfo.size = 11120000 (556 * 20000)
N:NDRX:5:2fd996ca:00024:7ffffdf14640:001:20251104:192104802079:drx_shm_init:mi/shm.c:0144:G_brinfo.size = 11120000 (4 * 32)
N:NDRX:5:2fd996ca:00024:7ffffdf14640:001:20251104:192104802107:drx_shm_init:mi/shm.c:0148:ndrx_G_routcrit.size = 204800 bytes (102400 * 2)
N:NDRX:5:2fd996ca:00024:7ffffdf14640:001:20251104:192104802136:drx_shm_init:mi/shm.c:0152:ndrx_G_routsvc.size = 176000 (1000 * 88 * 2)
N:NDRX:4:2fd996ca:00024:7ffffdf14640:001:20251104:192104802213:drx_shm_open:_shmsv.c:0149:Shared memory exists [/run,shm,svcinfo]/41002 - attaching
N:NDRX:5:2fd996ca:00024:7ffffdf14640:001:20251104:192104802248:x_shm_attach:_shmsv.c:0230:Shm: [/run,shm,svcinfo] 1/41002 attach size: 11120000 mem: 0x7ffffd1bb000
N:NDRX:5:2fd996ca:00024:7ffffdf14640:001:20251104:192104802277:x_shm_attach:_shmsv.c:0243:return 0
N:NDRX:4:2fd996ca:00024:7ffffdf14640:001:20251104:192104802307:drx_shm_open:_shmsv.c:0149:Shared memory exists [/run,shm,routcrit]/41008 - attaching
N:NDRX:5:2fd996ca:00024:7ffffdf14640:001:20251104:192104802341:x_shm_attach:_shmsv.c:0230:Shm: [/run,shm,routcrit] 2/41008 attach size: 204800 mem: 0x7ffffd189000
N:NDRX:5:2fd996ca:00024:7ffffdf14640:001:20251104:192104802369:x_shm_attach:_shmsv.c:0243:return 0
N:NDRX:4:2fd996ca:00024:7ffffdf14640:001:20251104:192104802398:drx_shm_open:_shmsv.c:0149:Shared memory exists [/run,shm,routsvc]/41009 - attaching
N:NDRX:5:2fd996ca:00024:7ffffdf14640:001:20251104:192104802430:x_shm_attach:_shmsv.c:0230:Shm: [/run,shm,routsvc] 3/41009 attach size: 176000 mem: 0x7ffffd15e000
N:NDRX:5:2fd996ca:00024:7ffffdf14640:001:20251104:192104802458:x_shm_attach:_shmsv.c:0243:return 0
N:NDRX:4:2fd996ca:00024:7ffffdf14640:001:20251104:192104802487:drx_shm_open:_shmsv.c:0149:Shared memory exists [/run,shm,brinfo]/41003 - attaching
N:NDRX:5:2fd996ca:00024:7ffffdf14640:001:20251104:192104802518:x_shm_attach:_shmsv.c:0230:Shm: [/run,shm,brinfo] 5/41003 attach size: 128 mem: 0x7ffffd15d000
N:NDRX:5:2fd996ca:00024:7ffffdf14640:001:20251104:192104802547:x_shm_attach:_shmsv.c:0243:return 0
t:USER:3:2fd996ca:00024:7ffffdf14640:001:20251104:192104802878:tplog       :/tplog.c:0583:tpinit succeeded: ret=0
t:USER:3:2fd996ca:00024:7ffffdf14640:001:20251104:192104802913:tplog       :/tplog.c:0583:Enduro/X client initialized in worker thread
t:USER:3:2fd996ca:00024:7ffffe736640:000:20251104:192117155432:tplog       :/tplog.c:0583:REST API: Calling STATUS service
t:USER:3:2fd996ca:00024:7ffffdf14640:001:20251104:192117156129:tplog       :/tplog.c:0583:call_service_blocking: service=STATUS, data_len=0
N:NDRX:5:2fd996ca:00024:7ffffdf14640:001:20251104:192117156690:ndrx_tpalloc:ed_buf.c:0237:ndrx_tpalloc: type=STRING, subtype=NULL len=1
N:NDRX:5:2fd996ca:00024:7ffffdf14640:001:20251104:192117156828:ndrx_tpalloc:ed_buf.c:0278:ndrx_tpalloc: type=STRING subtype=NULL len=512 allocated=0x7fffa80104d0
t:USER:3:2fd996ca:00024:7ffffdf14640:001:20251104:192117157196:tplog       :/tplog.c:0583:Calling tpcall for service: STATUS
N:NDRX:5:2fd996ca:00024:7ffffdf14640:001:20251104:192117157495:ndrx_tpcall :tpcall.c:1113:ndrx_tpcall: enter flags=0 tx=(nil) xa_flags_sys=0
N:NDRX:5:2fd996ca:00024:7ffffdf14640:001:20251104:192117157832:ndrx_tpacall:tpcall.c:0436:ndrx_tpacall enter
N:NDRX:5:2fd996ca:00024:7ffffdf14640:001:20251104:192117158413:_ddr_grp_get:r_atmi.c:0603:returns 0 [STATUS]
N:NDRX:5:2fd996ca:00024:7ffffdf14640:001:20251104:192117159162:_shm_get_svc:mi/shm.c:0759:Key for [STATUS] is 1513, shm is: 0x7ffffd1bb000
N:NDRX:5:2fd996ca:00024:7ffffdf14640:001:20251104:192117159243:_shm_get_svc:mi/shm.c:0826:ndrx_shm_get_svc [STATUS] - result: 1, iterations: 0, pos: 1513, install: 0
N:NDRX:5:2fd996ca:00024:7ffffdf14640:001:20251104:192117159311:_shm_get_svc:mi/shm.c:0378:use_cluster=0 srvs=1 csrvs=0
N:NDRX:5:2fd996ca:00024:7ffffdf14640:001:20251104:192117159383:_shm_get_svc:mi/shm.c:0408:use_cluster=0 srvs=1 csrvs=0
N:NDRX:5:2fd996ca:00024:7ffffdf14640:001:20251104:192117159450:_shm_get_svc:mi/shm.c:0593:ndrx_shm_get_svc returns 0
N:NDRX:5:2fd996ca:00024:7ffffdf14640:001:20251104:192117160290:_mbuf_tlv_do:ltibuf.c:0427:Prep tag: 0 (ttag 1073741824, type 4). Src 0x7fffa80104d0, dst 0x7fffa8010ba0 olen_max=65016 new_used=16 pad=0 buffer_left=65000
N:NDRX:5:2fd996ca:00024:7ffffdf14640:001:20251104:192117160665:_mbuf_tlv_do:ltibuf.c:0443:tag=0 loaded new_used=17
N:NDRX:5:2fd996ca:00024:7ffffdf14640:001:20251104:192117160739:are_outgoing:ltibuf.c:0631:Post-processing (vptr mapping) tag: 0 typed: 4 callinfo: 0 offset: 0
N:NDRX:5:2fd996ca:00024:7ffffdf14640:001:20251104:192117160809:are_outgoing:ltibuf.c:0658:17 data bytes ret=0
N:NDRX:5:2fd996ca:00024:7ffffdf14640:001:20251104:192117160989:tor_and_lock:tpcall.c:0324:Got free call descriptor 16382, callseq: 1
N:NDRX:5:2fd996ca:00024:7ffffdf14640:001:20251104:192117161067:tor_and_lock:tpcall.c:0327:cd 16382 locked to 1762284077 timestamp (id: 163821762284077) callseq: 1 tout_eff: 1500
N:NDRX:5:2fd996ca:00024:7ffffdf14640:001:20251104:192117161189:ndrx_tpacall:tpcall.c:0648:Sending request to: [/run,svc,STATUS] my_id=[clt,rest_gateway,24,1,1] reply_to=[/run,clt,reply,rest_gateway,24,1] cd=16382 callseq=1 (user1=0, user2=0, user3=0, user4=0)
N:NDRX:5:2fd996ca:00024:7ffffdf14640:001:20251104:192117161526:ric_q_send_2:iutils.c:0473:len: 553 use timeout: 1 config: 1500 prio: 50 snd_prio: 50
N:NDRX:5:2fd996ca:00024:7ffffdf14640:001:20251104:192117161688:ndrx_tpacall:tpcall.c:0686:ndrx_tpacall return 16382
N:NDRX:5:2fd996ca:00024:7ffffdf14640:001:20251104:192117162008:rx_tpgetrply:tpcall.c:0812:ndrx_tpgetrply enter, flags 0 cd_exp 16382
N:NDRX:4:2fd996ca:00024:7ffffdf14640:001:20251104:192117162077:rx_tpgetrply:tpcall.c:0851:Waiting on OS Q mqd_t=27...
N:NDRX:5:2fd996ca:00024:7ffffdf14640:001:20251104:192117168043:ic_q_receive:iutils.c:0578:ndrx_generic_q_receive: 563
N:NDRX:5:2fd996ca:00024:7ffffdf14640:001:20251104:192117168125:rx_tpgetrply:tpcall.c:0917:accept any: no, cd=16382 (name: [], my_id: []) atmi_tls=0x7ffffdc56010 cmd=2 rplybuf=0x7fffa8010988 rply_len=563
N:NDRX:4:2fd996ca:00024:7ffffdf14640:001:20251104:192117168211:rx_tpgetrply:tpcall.c:0948:Reply cd: 16382, timestamp :1762284077 callseq: 1 from /run,clt,reply,rest_gateway,24,1 - expected OK!
N:NDRX:5:2fd996ca:00024:7ffffdf14640:001:20251104:192117168583:are_incoming:ltibuf.c:0239:Parse incoming buffer TLV
N:NDRX:5:2fd996ca:00024:7ffffdf14640:001:20251104:192117168654:are_incoming:ltibuf.c:0252:Received buffer tag: 0 type: 4 callinfo: 0 len: 11
N:NDRX:5:2fd996ca:00024:7ffffdf14640:001:20251104:192117168933:are_incoming:string.c:0109:Entering STRING_prepare_incoming
N:NDRX:4:2fd996ca:00024:7ffffdf14640:001:20251104:192117169058:are_incoming:string.c:0143:User buffer NULL is different, free it up and re-allocate as STRING
N:NDRX:5:2fd996ca:00024:7ffffdf14640:001:20251104:192117169314:tpfree_inner:ed_buf.c:0440:_tpfree buf=(nil)
N:NDRX:5:2fd996ca:00024:7ffffdf14640:001:20251104:192117169381:are_incoming:string.c:0186:STRING_prepare_incoming: Incoming buffer where missing - allocating new!
N:NDRX:5:2fd996ca:00024:7ffffdf14640:001:20251104:192117169440:ndrx_tpalloc:ed_buf.c:0237:ndrx_tpalloc: type=NULL, subtype=NULL len=11
N:NDRX:5:2fd996ca:00024:7ffffdf14640:001:20251104:192117169499:ndrx_tpalloc:ed_buf.c:0278:ndrx_tpalloc: type=STRING subtype=NULL len=512 allocated=0x7fffa80209a0
N:NDRX:5:2fd996ca:00024:7ffffdf14640:001:20251104:192117169779:are_incoming:ltibuf.c:0341:Remap the vptrs (tags) to real pointers
N:NDRX:5:2fd996ca:00024:7ffffdf14640:001:20251104:192117169929:rx_tpgetrply:tpcall.c:1065:ndrx_tpgetrply return 0 tpurcode=0 tperror=0
N:NDRX:5:2fd996ca:00024:7ffffdf14640:001:20251104:192117169987:ndrx_tpcall :tpcall.c:1215:ndrx_tpcall: return 0 cd 16382
N:NDRX:5:2fd996ca:00024:7ffffdf14640:001:20251104:192117170074:tpfree_inner:ed_buf.c:0440:_tpfree buf=0x7fffa80104d0
t:USER:3:2fd996ca:00024:7ffffdf14640:001:20251104:192117170275:tplog       :/tplog.c:0583:tpcall returned: ret=0, recv_buf=0x7fffa80209a0, recv_len=11
N:NDRX:5:2fd996ca:00024:7ffffdf14640:001:20251104:192117170438:tpfree_inner:ed_buf.c:0440:_tpfree buf=0x7fffa80209a0
t:USER:3:2fd996ca:00024:7ffffef3a640:000:20251104:192117187768:tplog       :/tplog.c:0583:REST API: Calling HELLO with name=Alexander
t:USER:3:2fd996ca:00024:7ffffdf14640:001:20251104:192117188490:tplog       :/tplog.c:0583:call_service_blocking: service=HELLO, data_len=20
N:NDRX:5:2fd996ca:00024:7ffffdf14640:001:20251104:192117188571:ndrx_tpalloc:ed_buf.c:0237:ndrx_tpalloc: type=STRING, subtype=NULL len=21
N:NDRX:5:2fd996ca:00024:7ffffdf14640:001:20251104:192117188639:ndrx_tpalloc:ed_buf.c:0278:ndrx_tpalloc: type=STRING subtype=NULL len=512 allocated=0x7fffa80209a0
t:USER:3:2fd996ca:00024:7ffffdf14640:001:20251104:192117188704:tplog       :/tplog.c:0583:Calling tpcall for service: HELLO
N:NDRX:5:2fd996ca:00024:7ffffdf14640:001:20251104:192117188770:ndrx_tpcall :tpcall.c:1113:ndrx_tpcall: enter flags=0 tx=(nil) xa_flags_sys=0
N:NDRX:5:2fd996ca:00024:7ffffdf14640:001:20251104:192117188834:ndrx_tpacall:tpcall.c:0436:ndrx_tpacall enter
N:NDRX:5:2fd996ca:00024:7ffffdf14640:001:20251104:192117188896:_ddr_grp_get:r_atmi.c:0603:returns 0 [HELLO]
N:NDRX:5:2fd996ca:00024:7ffffdf14640:001:20251104:192117188965:_shm_get_svc:mi/shm.c:0759:Key for [HELLO] is 3545, shm is: 0x7ffffd1bb000
N:NDRX:5:2fd996ca:00024:7ffffdf14640:001:20251104:192117189032:_shm_get_svc:mi/shm.c:0826:ndrx_shm_get_svc [HELLO] - result: 1, iterations: 0, pos: 3545, install: 0
N:NDRX:5:2fd996ca:00024:7ffffdf14640:001:20251104:192117189099:_shm_get_svc:mi/shm.c:0378:use_cluster=0 srvs=1 csrvs=0
N:NDRX:5:2fd996ca:00024:7ffffdf14640:001:20251104:192117189175:_shm_get_svc:mi/shm.c:0408:use_cluster=0 srvs=1 csrvs=0
N:NDRX:5:2fd996ca:00024:7ffffdf14640:001:20251104:192117189237:_shm_get_svc:mi/shm.c:0593:ndrx_shm_get_svc returns 0
N:NDRX:5:2fd996ca:00024:7ffffdf14640:001:20251104:192117189297:_mbuf_tlv_do:ltibuf.c:0427:Prep tag: 0 (ttag 1073741824, type 4). Src 0x7fffa80209a0, dst 0x7fffa8010ba0 olen_max=65016 new_used=16 pad=0 buffer_left=65000
N:NDRX:5:2fd996ca:00024:7ffffdf14640:001:20251104:192117189355:_mbuf_tlv_do:ltibuf.c:0443:tag=0 loaded new_used=37
N:NDRX:5:2fd996ca:00024:7ffffdf14640:001:20251104:192117189413:are_outgoing:ltibuf.c:0631:Post-processing (vptr mapping) tag: 0 typed: 4 callinfo: 0 offset: 0
N:NDRX:5:2fd996ca:00024:7ffffdf14640:001:20251104:192117189468:are_outgoing:ltibuf.c:0658:37 data bytes ret=0
N:NDRX:5:2fd996ca:00024:7ffffdf14640:001:20251104:192117189527:tor_and_lock:tpcall.c:0324:Got free call descriptor 16382, callseq: 2
N:NDRX:5:2fd996ca:00024:7ffffdf14640:001:20251104:192117189581:tor_and_lock:tpcall.c:0327:cd 16382 locked to 1762284077 timestamp (id: 163821762284077) callseq: 2 tout_eff: 1500
N:NDRX:5:2fd996ca:00024:7ffffdf14640:001:20251104:192117189702:ndrx_tpacall:tpcall.c:0648:Sending request to: [/run,svc,HELLO] my_id=[clt,rest_gateway,24,1,1] reply_to=[/run,clt,reply,rest_gateway,24,1] cd=16382 callseq=2 (user1=0, user2=0, user3=0, user4=0)
N:NDRX:5:2fd996ca:00024:7ffffdf14640:001:20251104:192117189766:ric_q_send_2:iutils.c:0473:len: 573 use timeout: 1 config: 1500 prio: 50 snd_prio: 50
N:NDRX:5:2fd996ca:00024:7ffffdf14640:001:20251104:192117189835:ndrx_tpacall:tpcall.c:0686:ndrx_tpacall return 16382
N:NDRX:5:2fd996ca:00024:7ffffdf14640:001:20251104:192117189889:rx_tpgetrply:tpcall.c:0812:ndrx_tpgetrply enter, flags 0 cd_exp 16382
N:NDRX:4:2fd996ca:00024:7ffffdf14640:001:20251104:192117189958:rx_tpgetrply:tpcall.c:0851:Waiting on OS Q mqd_t=27...
N:NDRX:5:2fd996ca:00024:7ffffdf14640:001:20251104:192117191484:ic_q_receive:iutils.c:0578:ndrx_generic_q_receive: 569
N:NDRX:5:2fd996ca:00024:7ffffdf14640:001:20251104:192117191538:rx_tpgetrply:tpcall.c:0917:accept any: no, cd=16382 (name: [], my_id: []) atmi_tls=0x7ffffdc56010 cmd=2 rplybuf=0x7fffa8010988 rply_len=569
N:NDRX:4:2fd996ca:00024:7ffffdf14640:001:20251104:192117191599:rx_tpgetrply:tpcall.c:0948:Reply cd: 16382, timestamp :1762284077 callseq: 2 from /run,clt,reply,rest_gateway,24,1 - expected OK!
N:NDRX:5:2fd996ca:00024:7ffffdf14640:001:20251104:192117191651:are_incoming:ltibuf.c:0239:Parse incoming buffer TLV
N:NDRX:5:2fd996ca:00024:7ffffdf14640:001:20251104:192117191710:are_incoming:ltibuf.c:0252:Received buffer tag: 0 type: 4 callinfo: 0 len: 17
N:NDRX:5:2fd996ca:00024:7ffffdf14640:001:20251104:192117191774:are_incoming:string.c:0109:Entering STRING_prepare_incoming
N:NDRX:4:2fd996ca:00024:7ffffdf14640:001:20251104:192117191834:are_incoming:string.c:0143:User buffer NULL is different, free it up and re-allocate as STRING
N:NDRX:5:2fd996ca:00024:7ffffdf14640:001:20251104:192117191887:tpfree_inner:ed_buf.c:0440:_tpfree buf=(nil)
N:NDRX:5:2fd996ca:00024:7ffffdf14640:001:20251104:192117191950:are_incoming:string.c:0186:STRING_prepare_incoming: Incoming buffer where missing - allocating new!
N:NDRX:5:2fd996ca:00024:7ffffdf14640:001:20251104:192117192010:ndrx_tpalloc:ed_buf.c:0237:ndrx_tpalloc: type=NULL, subtype=NULL len=17
N:NDRX:5:2fd996ca:00024:7ffffdf14640:001:20251104:192117192066:ndrx_tpalloc:ed_buf.c:0278:ndrx_tpalloc: type=STRING subtype=NULL len=512 allocated=0x7fffa80104d0
N:NDRX:5:2fd996ca:00024:7ffffdf14640:001:20251104:192117192123:are_incoming:ltibuf.c:0341:Remap the vptrs (tags) to real pointers
N:NDRX:5:2fd996ca:00024:7ffffdf14640:001:20251104:192117192178:rx_tpgetrply:tpcall.c:1065:ndrx_tpgetrply return 0 tpurcode=0 tperror=0
N:NDRX:5:2fd996ca:00024:7ffffdf14640:001:20251104:192117192246:ndrx_tpcall :tpcall.c:1215:ndrx_tpcall: return 0 cd 16382
N:NDRX:5:2fd996ca:00024:7ffffdf14640:001:20251104:192117192303:tpfree_inner:ed_buf.c:0440:_tpfree buf=0x7fffa80209a0
t:USER:3:2fd996ca:00024:7ffffdf14640:001:20251104:192117192361:tplog       :/tplog.c:0583:tpcall returned: ret=0, recv_buf=0x7fffa80104d0, recv_len=17
N:NDRX:5:2fd996ca:00024:7ffffdf14640:001:20251104:192117192418:tpfree_inner:ed_buf.c:0440:_tpfree buf=0x7fffa80104d0
t:USER:3:2fd996ca:00024:7fffff33c640:000:20251104:192117203221:tplog       :/tplog.c:0583:REST API: Calling ECHO with data: Hello from REST Gateway!
t:USER:3:2fd996ca:00024:7ffffdf14640:001:20251104:192117203337:tplog       :/tplog.c:0583:call_service_blocking: service=ECHO, data_len=24
N:NDRX:5:2fd996ca:00024:7ffffdf14640:001:20251104:192117203406:ndrx_tpalloc:ed_buf.c:0237:ndrx_tpalloc: type=STRING, subtype=NULL len=25
N:NDRX:5:2fd996ca:00024:7ffffdf14640:001:20251104:192117203464:ndrx_tpalloc:ed_buf.c:0278:ndrx_tpalloc: type=STRING subtype=NULL len=512 allocated=0x7fffa80104d0
t:USER:3:2fd996ca:00024:7ffffdf14640:001:20251104:192117203521:tplog       :/tplog.c:0583:Calling tpcall for service: ECHO
N:NDRX:5:2fd996ca:00024:7ffffdf14640:001:20251104:192117203576:ndrx_tpcall :tpcall.c:1113:ndrx_tpcall: enter flags=0 tx=(nil) xa_flags_sys=0
N:NDRX:5:2fd996ca:00024:7ffffdf14640:001:20251104:192117203631:ndrx_tpacall:tpcall.c:0436:ndrx_tpacall enter
N:NDRX:5:2fd996ca:00024:7ffffdf14640:001:20251104:192117203744:_ddr_grp_get:r_atmi.c:0603:returns 0 [ECHO]
N:NDRX:5:2fd996ca:00024:7ffffdf14640:001:20251104:192117203807:_shm_get_svc:mi/shm.c:0759:Key for [ECHO] is 8676, shm is: 0x7ffffd1bb000
N:NDRX:5:2fd996ca:00024:7ffffdf14640:001:20251104:192117203871:_shm_get_svc:mi/shm.c:0826:ndrx_shm_get_svc [ECHO] - result: 1, iterations: 0, pos: 8676, install: 0
N:NDRX:5:2fd996ca:00024:7ffffdf14640:001:20251104:192117203927:_shm_get_svc:mi/shm.c:0378:use_cluster=0 srvs=1 csrvs=0
N:NDRX:5:2fd996ca:00024:7ffffdf14640:001:20251104:192117203981:_shm_get_svc:mi/shm.c:0408:use_cluster=0 srvs=1 csrvs=0
N:NDRX:5:2fd996ca:00024:7ffffdf14640:001:20251104:192117204033:_shm_get_svc:mi/shm.c:0593:ndrx_shm_get_svc returns 0
N:NDRX:5:2fd996ca:00024:7ffffdf14640:001:20251104:192117204086:_mbuf_tlv_do:ltibuf.c:0427:Prep tag: 0 (ttag 1073741824, type 4). Src 0x7fffa80104d0, dst 0x7fffa8010ba0 olen_max=65016 new_used=16 pad=0 buffer_left=65000
N:NDRX:5:2fd996ca:00024:7ffffdf14640:001:20251104:192117204142:_mbuf_tlv_do:ltibuf.c:0443:tag=0 loaded new_used=41
N:NDRX:5:2fd996ca:00024:7ffffdf14640:001:20251104:192117204195:are_outgoing:ltibuf.c:0631:Post-processing (vptr mapping) tag: 0 typed: 4 callinfo: 0 offset: 0
N:NDRX:5:2fd996ca:00024:7ffffdf14640:001:20251104:192117204251:are_outgoing:ltibuf.c:0658:41 data bytes ret=0
N:NDRX:5:2fd996ca:00024:7ffffdf14640:001:20251104:192117204303:tor_and_lock:tpcall.c:0324:Got free call descriptor 16382, callseq: 3
N:NDRX:5:2fd996ca:00024:7ffffdf14640:001:20251104:192117204353:tor_and_lock:tpcall.c:0327:cd 16382 locked to 1762284077 timestamp (id: 163821762284077) callseq: 3 tout_eff: 1500
N:NDRX:5:2fd996ca:00024:7ffffdf14640:001:20251104:192117204404:ndrx_tpacall:tpcall.c:0648:Sending request to: [/run,svc,ECHO] my_id=[clt,rest_gateway,24,1,1] reply_to=[/run,clt,reply,rest_gateway,24,1] cd=16382 callseq=3 (user1=0, user2=0, user3=0, user4=0)
N:NDRX:5:2fd996ca:00024:7ffffdf14640:001:20251104:192117204464:ric_q_send_2:iutils.c:0473:len: 577 use timeout: 1 config: 1500 prio: 50 snd_prio: 50
N:NDRX:5:2fd996ca:00024:7ffffdf14640:001:20251104:192117204526:ndrx_tpacall:tpcall.c:0686:ndrx_tpacall return 16382
N:NDRX:5:2fd996ca:00024:7ffffdf14640:001:20251104:192117204580:rx_tpgetrply:tpcall.c:0812:ndrx_tpgetrply enter, flags 0 cd_exp 16382
N:NDRX:4:2fd996ca:00024:7ffffdf14640:001:20251104:192117204627:rx_tpgetrply:tpcall.c:0851:Waiting on OS Q mqd_t=27...
N:NDRX:5:2fd996ca:00024:7ffffdf14640:001:20251104:192117206253:ic_q_receive:iutils.c:0578:ndrx_generic_q_receive: 565
N:NDRX:5:2fd996ca:00024:7ffffdf14640:001:20251104:192117206299:rx_tpgetrply:tpcall.c:0917:accept any: no, cd=16382 (name: [], my_id: []) atmi_tls=0x7ffffdc56010 cmd=2 rplybuf=0x7fffa8010988 rply_len=565
N:NDRX:4:2fd996ca:00024:7ffffdf14640:001:20251104:192117206355:rx_tpgetrply:tpcall.c:0948:Reply cd: 16382, timestamp :1762284077 callseq: 3 from /run,clt,reply,rest_gateway,24,1 - expected OK!
N:NDRX:5:2fd996ca:00024:7ffffdf14640:001:20251104:192117206413:are_incoming:ltibuf.c:0239:Parse incoming buffer TLV
N:NDRX:5:2fd996ca:00024:7ffffdf14640:001:20251104:192117206467:are_incoming:ltibuf.c:0252:Received buffer tag: 0 type: 4 callinfo: 0 len: 13
N:NDRX:5:2fd996ca:00024:7ffffdf14640:001:20251104:192117206523:are_incoming:string.c:0109:Entering STRING_prepare_incoming
N:NDRX:4:2fd996ca:00024:7ffffdf14640:001:20251104:192117206575:are_incoming:string.c:0143:User buffer NULL is different, free it up and re-allocate as STRING
N:NDRX:5:2fd996ca:00024:7ffffdf14640:001:20251104:192117206627:tpfree_inner:ed_buf.c:0440:_tpfree buf=(nil)
N:NDRX:5:2fd996ca:00024:7ffffdf14640:001:20251104:192117206679:are_incoming:string.c:0186:STRING_prepare_incoming: Incoming buffer where missing - allocating new!
N:NDRX:5:2fd996ca:00024:7ffffdf14640:001:20251104:192117206730:ndrx_tpalloc:ed_buf.c:0237:ndrx_tpalloc: type=NULL, subtype=NULL len=13
N:NDRX:5:2fd996ca:00024:7ffffdf14640:001:20251104:192117206782:ndrx_tpalloc:ed_buf.c:0278:ndrx_tpalloc: type=STRING subtype=NULL len=512 allocated=0x7fffa80209a0
N:NDRX:5:2fd996ca:00024:7ffffdf14640:001:20251104:192117206892:are_incoming:ltibuf.c:0341:Remap the vptrs (tags) to real pointers
N:NDRX:5:2fd996ca:00024:7ffffdf14640:001:20251104:192117206944:rx_tpgetrply:tpcall.c:1065:ndrx_tpgetrply return 0 tpurcode=0 tperror=0
N:NDRX:5:2fd996ca:00024:7ffffdf14640:001:20251104:192117206998:ndrx_tpcall :tpcall.c:1215:ndrx_tpcall: return 0 cd 16382
N:NDRX:5:2fd996ca:00024:7ffffdf14640:001:20251104:192117207049:tpfree_inner:ed_buf.c:0440:_tpfree buf=0x7fffa80104d0
t:USER:3:2fd996ca:00024:7ffffdf14640:001:20251104:192117207102:tplog       :/tplog.c:0583:tpcall returned: ret=0, recv_buf=0x7fffa80209a0, recv_len=13
N:NDRX:5:2fd996ca:00024:7ffffdf14640:001:20251104:192117207154:tpfree_inner:ed_buf.c:0440:_tpfree buf=0x7fffa80209a0
t:USER:3:2fd996ca:00024:7fffff33c640:000:20251104:192117217216:tplog       :/tplog.c:0583:REST API: Calling DATAPROC with 27 bytes
t:USER:3:2fd996ca:00024:7ffffdf14640:001:20251104:192117217338:tplog       :/tplog.c:0583:call_service_blocking: service=DATAPROC, data_len=27
N:NDRX:5:2fd996ca:00024:7ffffdf14640:001:20251104:192117217406:ndrx_tpalloc:ed_buf.c:0237:ndrx_tpalloc: type=STRING, subtype=NULL len=28
N:NDRX:5:2fd996ca:00024:7ffffdf14640:001:20251104:192117217462:ndrx_tpalloc:ed_buf.c:0278:ndrx_tpalloc: type=STRING subtype=NULL len=512 allocated=0x7fffa80209a0
t:USER:3:2fd996ca:00024:7ffffdf14640:001:20251104:192117217519:tplog       :/tplog.c:0583:Calling tpcall for service: DATAPROC
N:NDRX:5:2fd996ca:00024:7ffffdf14640:001:20251104:192117217571:ndrx_tpcall :tpcall.c:1113:ndrx_tpcall: enter flags=0 tx=(nil) xa_flags_sys=0
N:NDRX:5:2fd996ca:00024:7ffffdf14640:001:20251104:192117217625:ndrx_tpacall:tpcall.c:0436:ndrx_tpacall enter
N:NDRX:5:2fd996ca:00024:7ffffdf14640:001:20251104:192117217678:_ddr_grp_get:r_atmi.c:0603:returns 0 [DATAPROC]
N:NDRX:5:2fd996ca:00024:7ffffdf14640:001:20251104:192117217735:_shm_get_svc:mi/shm.c:0759:Key for [DATAPROC] is 1971, shm is: 0x7ffffd1bb000
N:NDRX:5:2fd996ca:00024:7ffffdf14640:001:20251104:192117217793:_shm_get_svc:mi/shm.c:0826:ndrx_shm_get_svc [DATAPROC] - result: 1, iterations: 0, pos: 1971, install: 0
N:NDRX:5:2fd996ca:00024:7ffffdf14640:001:20251104:192117217846:_shm_get_svc:mi/shm.c:0378:use_cluster=0 srvs=1 csrvs=0
N:NDRX:5:2fd996ca:00024:7ffffdf14640:001:20251104:192117217897:_shm_get_svc:mi/shm.c:0408:use_cluster=0 srvs=1 csrvs=0
N:NDRX:5:2fd996ca:00024:7ffffdf14640:001:20251104:192117217948:_shm_get_svc:mi/shm.c:0593:ndrx_shm_get_svc returns 0
N:NDRX:5:2fd996ca:00024:7ffffdf14640:001:20251104:192117218000:_mbuf_tlv_do:ltibuf.c:0427:Prep tag: 0 (ttag 1073741824, type 4). Src 0x7fffa80209a0, dst 0x7fffa8010ba0 olen_max=65016 new_used=16 pad=0 buffer_left=65000
N:NDRX:5:2fd996ca:00024:7ffffdf14640:001:20251104:192117218053:_mbuf_tlv_do:ltibuf.c:0443:tag=0 loaded new_used=44
N:NDRX:5:2fd996ca:00024:7ffffdf14640:001:20251104:192117218104:are_outgoing:ltibuf.c:0631:Post-processing (vptr mapping) tag: 0 typed: 4 callinfo: 0 offset: 0
N:NDRX:5:2fd996ca:00024:7ffffdf14640:001:20251104:192117218156:are_outgoing:ltibuf.c:0658:44 data bytes ret=0
N:NDRX:5:2fd996ca:00024:7ffffdf14640:001:20251104:192117218214:tor_and_lock:tpcall.c:0324:Got free call descriptor 16382, callseq: 4
N:NDRX:5:2fd996ca:00024:7ffffdf14640:001:20251104:192117218269:tor_and_lock:tpcall.c:0327:cd 16382 locked to 1762284077 timestamp (id: 163821762284077) callseq: 4 tout_eff: 1500
N:NDRX:5:2fd996ca:00024:7ffffdf14640:001:20251104:192117218316:ndrx_tpacall:tpcall.c:0648:Sending request to: [/run,svc,DATAPROC] my_id=[clt,rest_gateway,24,1,1] reply_to=[/run,clt,reply,rest_gateway,24,1] cd=16382 callseq=4 (user1=0, user2=0, user3=0, user4=0)
N:NDRX:5:2fd996ca:00024:7ffffdf14640:001:20251104:192117218382:ric_q_send_2:iutils.c:0473:len: 580 use timeout: 1 config: 1500 prio: 50 snd_prio: 50
N:NDRX:5:2fd996ca:00024:7ffffdf14640:001:20251104:192117218440:ndrx_tpacall:tpcall.c:0686:ndrx_tpacall return 16382
N:NDRX:5:2fd996ca:00024:7ffffdf14640:001:20251104:192117218493:rx_tpgetrply:tpcall.c:0812:ndrx_tpgetrply enter, flags 0 cd_exp 16382
N:NDRX:4:2fd996ca:00024:7ffffdf14640:001:20251104:192117218610:rx_tpgetrply:tpcall.c:0851:Waiting on OS Q mqd_t=27...
N:NDRX:5:2fd996ca:00024:7ffffdf14640:001:20251104:192117220045:ic_q_receive:iutils.c:0578:ndrx_generic_q_receive: 567
N:NDRX:5:2fd996ca:00024:7ffffdf14640:001:20251104:192117220090:rx_tpgetrply:tpcall.c:0917:accept any: no, cd=16382 (name: [], my_id: []) atmi_tls=0x7ffffdc56010 cmd=2 rplybuf=0x7fffa8010988 rply_len=567
N:NDRX:4:2fd996ca:00024:7ffffdf14640:001:20251104:192117220159:rx_tpgetrply:tpcall.c:0948:Reply cd: 16382, timestamp :1762284077 callseq: 4 from /run,clt,reply,rest_gateway,24,1 - expected OK!
N:NDRX:5:2fd996ca:00024:7ffffdf14640:001:20251104:192117220234:are_incoming:ltibuf.c:0239:Parse incoming buffer TLV
N:NDRX:5:2fd996ca:00024:7ffffdf14640:001:20251104:192117220287:are_incoming:ltibuf.c:0252:Received buffer tag: 0 type: 4 callinfo: 0 len: 15
N:NDRX:5:2fd996ca:00024:7ffffdf14640:001:20251104:192117220346:are_incoming:string.c:0109:Entering STRING_prepare_incoming
N:NDRX:4:2fd996ca:00024:7ffffdf14640:001:20251104:192117220400:are_incoming:string.c:0143:User buffer NULL is different, free it up and re-allocate as STRING
N:NDRX:5:2fd996ca:00024:7ffffdf14640:001:20251104:192117220454:tpfree_inner:ed_buf.c:0440:_tpfree buf=(nil)
N:NDRX:5:2fd996ca:00024:7ffffdf14640:001:20251104:192117220507:are_incoming:string.c:0186:STRING_prepare_incoming: Incoming buffer where missing - allocating new!
N:NDRX:5:2fd996ca:00024:7ffffdf14640:001:20251104:192117220560:ndrx_tpalloc:ed_buf.c:0237:ndrx_tpalloc: type=NULL, subtype=NULL len=15
N:NDRX:5:2fd996ca:00024:7ffffdf14640:001:20251104:192117220614:ndrx_tpalloc:ed_buf.c:0278:ndrx_tpalloc: type=STRING subtype=NULL len=512 allocated=0x7fffa80104d0
N:NDRX:5:2fd996ca:00024:7ffffdf14640:001:20251104:192117220670:are_incoming:ltibuf.c:0341:Remap the vptrs (tags) to real pointers
N:NDRX:5:2fd996ca:00024:7ffffdf14640:001:20251104:192117220724:rx_tpgetrply:tpcall.c:1065:ndrx_tpgetrply return 0 tpurcode=0 tperror=0
N:NDRX:5:2fd996ca:00024:7ffffdf14640:001:20251104:192117220778:ndrx_tpcall :tpcall.c:1215:ndrx_tpcall: return 0 cd 16382
N:NDRX:5:2fd996ca:00024:7ffffdf14640:001:20251104:192117220832:tpfree_inner:ed_buf.c:0440:_tpfree buf=0x7fffa80209a0
t:USER:3:2fd996ca:00024:7ffffdf14640:001:20251104:192117220888:tplog       :/tplog.c:0583:tpcall returned: ret=0, recv_buf=0x7fffa80104d0, recv_len=15
N:NDRX:5:2fd996ca:00024:7ffffdf14640:001:20251104:192117220949:tpfree_inner:ed_buf.c:0440:_tpfree buf=0x7fffa80104d0
N:NDRX:4:2fd996ca:00025:7fffff33d9c0:000:20251105:083845022213:plugins_load:inbase.c:0217:No plugins defined by NDRX_PLUGINS env variable
N:NDRX:5:2fd996ca:00025:7fffff33d9c0:000:20251105:083845023940:cconfig_load:config.c:0488:CC tag set to: []
N:NDRX:5:2fd996ca:00025:7fffff33d9c0:000:20251105:083845024203:x_inicfg_new:inicfg.c:0115:_ndrx_inicfg_new: load_global_env: 1
N:NDRX:5:2fd996ca:00025:7fffff33d9c0:000:20251105:083845024206:ig_load_pass:config.c:0327:have config at slot [0] [/app/conf/ndrxconf.ini]
N:NDRX:5:2fd996ca:00025:7fffff33d9c0:000:20251105:083845028659:ig_load_pass:config.c:0401:_ndrx_cconfig_load_pass: ret: 0 is_internal: 1 G_tried_to_load: 1
N:NDRX:5:2fd996ca:00025:7fffff33d9c0:000:20251105:083845028863:x_inicfg_new:inicfg.c:0115:_ndrx_inicfg_new: load_global_env: 1
N:NDRX:5:2fd996ca:00025:7fffff33d9c0:000:20251105:083845028866:ig_load_pass:config.c:0327:have config at slot [0] [/app/conf/ndrxconf.ini]
N:NDRX:5:2fd996ca:00025:7fffff33d9c0:000:20251105:083845029202:ig_load_pass:config.c:0401:_ndrx_cconfig_load_pass: ret: 0 is_internal: 1 G_tried_to_load: 1
N:NDRX:5:2fd996ca:00025:7fffff33d9c0:000:20251105:083845030748:systest_init:s_test.c:0093:sys_test off
N:NDRX:4:2fd996ca:00025:7fffff33d9c0:000:20251105:083845030911:drx_lcf_init:td/lcf.c:0279:NDRX_QPREFIX set to /run
N:NDRX:4:2fd996ca:00025:7fffff33d9c0:000:20251105:083845030913:drx_lcf_init:td/lcf.c:0300:NDRX_PGMAX set to 64
N:NDRX:5:2fd996ca:00025:7fffff33d9c0:000:20251105:083845030915:drx_lcf_init:td/lcf.c:0314:NDRX_SGREFRESH set to 30
N:NDRX:4:2fd996ca:00025:7fffff33d9c0:000:20251105:083845030917:drx_lcf_init:td/lcf.c:0327:NDRX_SVQREADERSMAX set to 50
N:NDRX:4:2fd996ca:00025:7fffff33d9c0:000:20251105:083845030919:drx_lcf_init:td/lcf.c:0340:NDRX_LCFREADERSMAX set to 1000
N:NDRX:4:2fd996ca:00025:7fffff33d9c0:000:20251105:083845030921:drx_lcf_init:td/lcf.c:0353:NDRX_LCFMAX set to 20
N:NDRX:4:2fd996ca:00025:7fffff33d9c0:000:20251105:083845030923:drx_lcf_init:td/lcf.c:0361:Missing config key NDRX_MSGQUEUESMAX - defaulting to 20000
N:NDRX:4:2fd996ca:00025:7fffff33d9c0:000:20251105:083845030925:drx_lcf_init:td/lcf.c:0368:NDRX_MSGQUEUESMAX set to 20000
N:NDRX:4:2fd996ca:00025:7fffff33d9c0:000:20251105:083845031006:drx_lcf_init:td/lcf.c:0386:(sysv queues): SystemV IPC Key set to: [41001]
N:NDRX:4:2fd996ca:00025:7fffff33d9c0:000:20251105:083845031009:drx_lcf_init:td/lcf.c:0400:NDRX_LCFCMDEXP set to 60
N:NDRX:4:2fd996ca:00025:7fffff33d9c0:000:20251105:083845031010:drx_lcf_init:td/lcf.c:0405:Opening LCF shared memory...
N:NDRX:4:2fd996ca:00025:7fffff33d9c0:000:20251105:083845031075:drx_shm_open:_shmsv.c:0149:Shared memory exists [/run,shm,lcf]/41007 - attaching
N:NDRX:5:2fd996ca:00025:7fffff33d9c0:000:20251105:083845031185:x_shm_attach:_shmsv.c:0230:Shm: [/run,shm,lcf] 0/41007 attach size: 98096 mem: 0x7ffffdcf9000
N:NDRX:5:2fd996ca:00025:7fffff33d9c0:000:20251105:083845031203:x_shm_attach:_shmsv.c:0243:return 0
N:NDRX:4:2fd996ca:00025:7fffff33d9c0:000:20251105:083845031305:drx_sem_open:td_sem.c:0259:Semaphore exists [41004] - attaching
N:NDRX:5:2fd996ca:00025:7fffff33d9c0:000:20251105:083845031369:x_sem_attach:td_sem.c:0349:enter
N:NDRX:5:2fd996ca:00025:7fffff33d9c0:000:20251105:083845031371:x_sem_attach:td_sem.c:0369:sem: [0] attached
N:NDRX:5:2fd996ca:00025:7fffff33d9c0:000:20251105:083845031373:x_sem_attach:td_sem.c:0373:return 0
N:NDRX:5:2fd996ca:00025:7fffff33d9c0:000:20251105:083845031447:func_add_int:td/lcf.c:0212:Adding [1] func lcf command [logrotate]
N:NDRX:5:2fd996ca:00025:7fffff33d9c0:000:20251105:083845031491:func_add_int:td/lcf.c:0212:Adding [2] func lcf command [logchg]
t:USER:3:2fd996ca:00025:7ffffdf14640:000:20251105:083845032497:tplog       :/tplog.c:0583:t:USER:3:2fd996ca:00025:7fffff33d9c0:000:20251105:083845032517:tplog       :/tplog.c:0583:Calling tpinit...
REST Gateway starting...
N:NDRX:5:2fd996ca:00025:7ffffdf14640:000:20251105:083845035163:d_common_env:i/init.c:0225:Max servers set to 10000
N:NDRX:5:2fd996ca:00025:7ffffdf14640:000:20251105:083845035999:d_common_env:i/init.c:0241:Max services set to 10000
N:NDRX:5:2fd996ca:00025:7ffffdf14640:000:20251105:083845036045:d_common_env:i/init.c:0255:Max services set to 20000
N:NDRX:5:2fd996ca:00025:7ffffdf14640:000:20251105:083845036291:d_common_env:i/init.c:0270:Random key set to: [ZUvbDoHI]
N:NDRX:5:2fd996ca:00025:7ffffdf14640:000:20251105:083845036367:d_common_env:i/init.c:0285:Posix queue msg_max set to: [100]
N:NDRX:5:2fd996ca:00025:7ffffdf14640:000:20251105:083845036423:d_common_env:i/init.c:0301:Posix queue msgsize_max set to: [30000]
N:NDRX:5:2fd996ca:00025:7ffffdf14640:000:20251105:083845036603:d_common_env:i/init.c:0321:Posix queue prefix set to: [/run], match string: [/run,] (len: 5)
N:NDRX:5:2fd996ca:00025:7ffffdf14640:000:20251105:083845036658:d_common_env:i/init.c:0340:Posix queue queue path set to: [/dev/mqueue]
N:NDRX:5:2fd996ca:00025:7ffffdf14640:000:20251105:083845036844:d_common_env:i/init.c:0361:SystemV SEM IPC Key set to: [41001]
N:NDRX:5:2fd996ca:00025:7ffffdf14640:000:20251105:083845036892:d_common_env:i/init.c:0369:Using comms timeout: 1500
N:NDRX:5:2fd996ca:00025:7ffffdf14640:000:20251105:083845036934:d_common_env:i/init.c:0386:Cluster node id=1
N:NDRX:5:2fd996ca:00025:7ffffdf14640:000:20251105:083845037043:d_common_env:i/init.c:0403:NDRX_LDBAL set to 0
N:NDRX:5:2fd996ca:00025:7ffffdf14640:000:20251105:083845037097:d_common_env:i/init.c:0412:[NDRX_CLUSTERISED] says: We run in cluster mode
t:USER:3:2fd996ca:00025:7fffff33d9c0:000:20251105:083845037148:tplog       :/tplog.c:0583:REST Gateway listening on http://0.0.0.0:8080
N:NDRX:5:2fd996ca:00025:7ffffdf14640:000:20251105:083845037151:d_common_env:i/init.c:0429:`ndrxd' pid file set to: [/app/ndrxd.pid]
REST Gateway listening on http://0.0.0.0:8080
N:NDRX:5:2fd996ca:00025:7ffffdf14640:000:20251105:083845037504:d_common_env:i/init.c:0445:ndrxd normal wait set to: 60 attempts
N:NDRX:5:2fd996ca:00025:7ffffdf14640:000:20251105:083845037730:d_common_env:i/init.c:0482:NDRX_SGLOCKINC set to 3600
N:NDRX:5:2fd996ca:00025:7ffffdf14640:000:20251105:083845037774:d_common_env:i/init.c:0491:[NDRX_XA_RES_ID]: XA Resource ID: 1
N:NDRX:5:2fd996ca:00025:7ffffdf14640:000:20251105:083845037932:d_common_env:i/init.c:0500:[NDRX_XA_OPEN_STR]: XA Open String: [ORACLE_XA+SqlNet=+ACC=P//+SesTM=180+LogDir=/most/log+nolocal=f+Threads=true]
N:NDRX:5:2fd996ca:00025:7ffffdf14640:000:20251105:083845037971:d_common_env:i/init.c:0509:[NDRX_XA_CLOSE_STR]: XA Close String: [ORACLE_XA+SqlNet=+ACC=P//+SesTM=180+LogDir=/most/log+nolocal=f+Threads=true]
N:NDRX:5:2fd996ca:00025:7ffffdf14640:000:20251105:083845038014:d_common_env:i/init.c:0525:[NDRX_XA_DRIVERLIB]: Enduro/X XA Driver lib (.so): [/usr/lib64/libndrxxaoras.so]
N:NDRX:5:2fd996ca:00025:7ffffdf14640:000:20251105:083845038055:d_common_env:i/init.c:0534:[NDRX_XA_RMLIB]: Resource manager lib (.so): [/ndrtools/oracle/lib/libclntsh.so]
N:NDRX:5:2fd996ca:00025:7ffffdf14640:000:20251105:083845038092:d_common_env:i/init.c:0558:[NDRX_XA_LAZY_INIT]: Lazy XA Init: TRUE
N:NDRX:5:2fd996ca:00025:7ffffdf14640:000:20251105:083845038123:d_common_env:i/init.c:0581:XA config ok
N:NDRX:5:2fd996ca:00025:7ffffdf14640:000:20251105:083845038154:d_common_env:i/init.c:0624:[NDRX_NRSEMS]: Number of services shared memory semaphores set to: 30 (used only for poll() mode) (default: 30)
N:NDRX:5:2fd996ca:00025:7ffffdf14640:000:20251105:083845038185:d_common_env:i/init.c:0645:[NDRX_MAXSVCSRVS]: Max number of local servers per service set to: 30 (used only for poll() mode) (default: 30)
N:NDRX:5:2fd996ca:00025:7ffffdf14640:000:20251105:083845038217:d_common_env:i/init.c:0683:routing criterion space: 102400 bytes, max services: 1000
N:NDRX:5:2fd996ca:00025:7ffffdf14640:000:20251105:083845038248:d_common_env:i/init.c:0706:Routing group not used
N:NDRX:5:2fd996ca:00025:7ffffdf14640:000:20251105:083845038315:d_common_env:i/init.c:0726:env loaded ok
N:NDRX:5:2fd996ca:00025:7ffffdf14640:000:20251105:083845038347:tpinit      :i/init.c:1057:Got prefix [/run]
N:NDRX:5:2fd996ca:00025:7ffffdf14640:000:20251105:083845038385:tpinit      :i/init.c:1065:Got PROGNAME [rest_gateway]
N:NDRX:5:2fd996ca:00025:7ffffdf14640:000:20251105:083845038484:drx_ctxid_op:i/init.c:0135:Got free context id=0 (0 base)
N:NDRX:5:2fd996ca:00025:7ffffdf14640:000:20251105:083845038517:drx_ctxid_op:i/init.c:0146:Returning context id=1
N:NDRX:5:2fd996ca:00025:7ffffdf14640:001:20251105:083845038607:tpinit      :i/init.c:1102:my_id=[clt,rest_gateway,25,1,1]
N:NDRX:5:2fd996ca:00025:7ffffdf14640:001:20251105:083845038661:tpinit      :i/init.c:1112:About to open client queue [/run,clt,reply,rest_gateway,25,1]
N:NDRX:5:2fd996ca:00025:7ffffdf14640:001:20251105:083845038762:tpinit      :i/init.c:1114:After client Q open: 27
N:NDRX:5:2fd996ca:00025:7ffffdf14640:001:20251105:083845038795:tpinit      :i/init.c:1122:Client queue [/run,clt,reply,rest_gateway,25,1] opened mqd_t=27.
N:NDRX:5:2fd996ca:00025:7ffffdf14640:001:20251105:083845038910:nternal_init:i/init.c:0920:NDRXD queue: [/run,sys,bg,ndrxd]
N:NDRX:5:2fd996ca:00025:7ffffdf14640:001:20251105:083845038973:rxd_sem_init:mi/sem.c:0087:Using service semaphore key: [266241]
N:NDRX:4:2fd996ca:00025:7ffffdf14640:001:20251105:083845039027:drx_sem_open:td_sem.c:0259:Semaphore exists [41001] - attaching
N:NDRX:5:2fd996ca:00025:7ffffdf14640:001:20251105:083845039059:x_sem_attach:td_sem.c:0349:enter
N:NDRX:5:2fd996ca:00025:7ffffdf14640:001:20251105:083845039091:x_sem_attach:td_sem.c:0369:sem: [1] attached
N:NDRX:5:2fd996ca:00025:7ffffdf14640:001:20251105:083845039120:x_sem_attach:td_sem.c:0373:return 0
N:NDRX:5:2fd996ca:00025:7ffffdf14640:001:20251105:083845039227:drx_shm_init:mi/shm.c:0136:G_srvinfo.size = 12440000 (1244 * 10000)
N:NDRX:5:2fd996ca:00025:7ffffdf14640:001:20251105:083845039261:drx_shm_init:mi/shm.c:0140:G_svcinfo.size = 11120000 (556 * 20000)
N:NDRX:5:2fd996ca:00025:7ffffdf14640:001:20251105:083845039327:drx_shm_init:mi/shm.c:0144:G_brinfo.size = 11120000 (4 * 32)
N:NDRX:5:2fd996ca:00025:7ffffdf14640:001:20251105:083845039360:drx_shm_init:mi/shm.c:0148:ndrx_G_routcrit.size = 204800 bytes (102400 * 2)
N:NDRX:5:2fd996ca:00025:7ffffdf14640:001:20251105:083845039395:drx_shm_init:mi/shm.c:0152:ndrx_G_routsvc.size = 176000 (1000 * 88 * 2)
N:NDRX:4:2fd996ca:00025:7ffffdf14640:001:20251105:083845039474:drx_shm_open:_shmsv.c:0149:Shared memory exists [/run,shm,svcinfo]/41002 - attaching
N:NDRX:5:2fd996ca:00025:7ffffdf14640:001:20251105:083845039510:x_shm_attach:_shmsv.c:0230:Shm: [/run,shm,svcinfo] 1/41002 attach size: 11120000 mem: 0x7ffffd1bb000
N:NDRX:5:2fd996ca:00025:7ffffdf14640:001:20251105:083845039540:x_shm_attach:_shmsv.c:0243:return 0
N:NDRX:4:2fd996ca:00025:7ffffdf14640:001:20251105:083845039573:drx_shm_open:_shmsv.c:0149:Shared memory exists [/run,shm,routcrit]/41008 - attaching
N:NDRX:5:2fd996ca:00025:7ffffdf14640:001:20251105:083845039606:x_shm_attach:_shmsv.c:0230:Shm: [/run,shm,routcrit] 2/41008 attach size: 204800 mem: 0x7ffffd189000
N:NDRX:5:2fd996ca:00025:7ffffdf14640:001:20251105:083845039635:x_shm_attach:_shmsv.c:0243:return 0
N:NDRX:4:2fd996ca:00025:7ffffdf14640:001:20251105:083845039664:drx_shm_open:_shmsv.c:0149:Shared memory exists [/run,shm,routsvc]/41009 - attaching
N:NDRX:5:2fd996ca:00025:7ffffdf14640:001:20251105:083845039696:x_shm_attach:_shmsv.c:0230:Shm: [/run,shm,routsvc] 3/41009 attach size: 176000 mem: 0x7ffffd15e000
N:NDRX:5:2fd996ca:00025:7ffffdf14640:001:20251105:083845039725:x_shm_attach:_shmsv.c:0243:return 0
N:NDRX:4:2fd996ca:00025:7ffffdf14640:001:20251105:083845039754:drx_shm_open:_shmsv.c:0149:Shared memory exists [/run,shm,brinfo]/41003 - attaching
N:NDRX:5:2fd996ca:00025:7ffffdf14640:001:20251105:083845039790:x_shm_attach:_shmsv.c:0230:Shm: [/run,shm,brinfo] 5/41003 attach size: 128 mem: 0x7ffffd15d000
N:NDRX:5:2fd996ca:00025:7ffffdf14640:001:20251105:083845039818:x_shm_attach:_shmsv.c:0243:return 0
t:USER:3:2fd996ca:00025:7ffffdf14640:001:20251105:083845040161:tplog       :/tplog.c:0583:tpinit succeeded: ret=0
t:USER:3:2fd996ca:00025:7ffffdf14640:001:20251105:083845040196:tplog       :/tplog.c:0583:Enduro/X client initialized in worker thread
N:NDRX:4:2fd996ca:00025:7fffff33d9c0:000:20251105:084158043083:plugins_load:inbase.c:0217:No plugins defined by NDRX_PLUGINS env variable
N:NDRX:5:2fd996ca:00025:7fffff33d9c0:000:20251105:084158044839:cconfig_load:config.c:0488:CC tag set to: []
N:NDRX:5:2fd996ca:00025:7fffff33d9c0:000:20251105:084158045099:x_inicfg_new:inicfg.c:0115:_ndrx_inicfg_new: load_global_env: 1
N:NDRX:5:2fd996ca:00025:7fffff33d9c0:000:20251105:084158045102:ig_load_pass:config.c:0327:have config at slot [0] [/app/conf/ndrxconf.ini]
N:NDRX:5:2fd996ca:00025:7fffff33d9c0:000:20251105:084158049663:ig_load_pass:config.c:0401:_ndrx_cconfig_load_pass: ret: 0 is_internal: 1 G_tried_to_load: 1
N:NDRX:5:2fd996ca:00025:7fffff33d9c0:000:20251105:084158049871:x_inicfg_new:inicfg.c:0115:_ndrx_inicfg_new: load_global_env: 1
N:NDRX:5:2fd996ca:00025:7fffff33d9c0:000:20251105:084158049875:ig_load_pass:config.c:0327:have config at slot [0] [/app/conf/ndrxconf.ini]
N:NDRX:5:2fd996ca:00025:7fffff33d9c0:000:20251105:084158050211:ig_load_pass:config.c:0401:_ndrx_cconfig_load_pass: ret: 0 is_internal: 1 G_tried_to_load: 1
N:NDRX:5:2fd996ca:00025:7fffff33d9c0:000:20251105:084158051819:systest_init:s_test.c:0093:sys_test off
N:NDRX:4:2fd996ca:00025:7fffff33d9c0:000:20251105:084158051982:drx_lcf_init:td/lcf.c:0279:NDRX_QPREFIX set to /run
N:NDRX:4:2fd996ca:00025:7fffff33d9c0:000:20251105:084158051985:drx_lcf_init:td/lcf.c:0300:NDRX_PGMAX set to 64
N:NDRX:5:2fd996ca:00025:7fffff33d9c0:000:20251105:084158051986:drx_lcf_init:td/lcf.c:0314:NDRX_SGREFRESH set to 30
N:NDRX:4:2fd996ca:00025:7fffff33d9c0:000:20251105:084158051988:drx_lcf_init:td/lcf.c:0327:NDRX_SVQREADERSMAX set to 50
N:NDRX:4:2fd996ca:00025:7fffff33d9c0:000:20251105:084158051990:drx_lcf_init:td/lcf.c:0340:NDRX_LCFREADERSMAX set to 1000
N:NDRX:4:2fd996ca:00025:7fffff33d9c0:000:20251105:084158051992:drx_lcf_init:td/lcf.c:0353:NDRX_LCFMAX set to 20
N:NDRX:4:2fd996ca:00025:7fffff33d9c0:000:20251105:084158051993:drx_lcf_init:td/lcf.c:0361:Missing config key NDRX_MSGQUEUESMAX - defaulting to 20000
N:NDRX:4:2fd996ca:00025:7fffff33d9c0:000:20251105:084158051995:drx_lcf_init:td/lcf.c:0368:NDRX_MSGQUEUESMAX set to 20000
N:NDRX:4:2fd996ca:00025:7fffff33d9c0:000:20251105:084158052065:drx_lcf_init:td/lcf.c:0386:(sysv queues): SystemV IPC Key set to: [41001]
N:NDRX:4:2fd996ca:00025:7fffff33d9c0:000:20251105:084158052067:drx_lcf_init:td/lcf.c:0400:NDRX_LCFCMDEXP set to 60
N:NDRX:4:2fd996ca:00025:7fffff33d9c0:000:20251105:084158052069:drx_lcf_init:td/lcf.c:0405:Opening LCF shared memory...
N:NDRX:4:2fd996ca:00025:7fffff33d9c0:000:20251105:084158052134:drx_shm_open:_shmsv.c:0149:Shared memory exists [/run,shm,lcf]/41007 - attaching
N:NDRX:5:2fd996ca:00025:7fffff33d9c0:000:20251105:084158052244:x_shm_attach:_shmsv.c:0230:Shm: [/run,shm,lcf] 0/41007 attach size: 98096 mem: 0x7ffffdefa000
N:NDRX:5:2fd996ca:00025:7fffff33d9c0:000:20251105:084158052263:x_shm_attach:_shmsv.c:0243:return 0
N:NDRX:4:2fd996ca:00025:7fffff33d9c0:000:20251105:084158052366:drx_sem_open:td_sem.c:0259:Semaphore exists [41004] - attaching
N:NDRX:5:2fd996ca:00025:7fffff33d9c0:000:20251105:084158052432:x_sem_attach:td_sem.c:0349:enter
N:NDRX:5:2fd996ca:00025:7fffff33d9c0:000:20251105:084158052435:x_sem_attach:td_sem.c:0369:sem: [0] attached
N:NDRX:5:2fd996ca:00025:7fffff33d9c0:000:20251105:084158052436:x_sem_attach:td_sem.c:0373:return 0
N:NDRX:5:2fd996ca:00025:7fffff33d9c0:000:20251105:084158052510:func_add_int:td/lcf.c:0212:Adding [1] func lcf command [logrotate]
N:NDRX:5:2fd996ca:00025:7fffff33d9c0:000:20251105:084158052554:func_add_int:td/lcf.c:0212:Adding [2] func lcf command [logchg]
t:USER:3:2fd996ca:00025:7ffffe115640:000:20251105:084158053634:tplog       :/tplog.c:0583:t:USER:3:2fd996ca:00025:7fffff33d9c0:000:20251105:084158053656:tplog       :/tplog.c:0583:Calling tpinit...
REST Gateway starting...
N:NDRX:5:2fd996ca:00025:7ffffe115640:000:20251105:084158056114:d_common_env:i/init.c:0225:Max servers set to 10000
N:NDRX:5:2fd996ca:00025:7ffffe115640:000:20251105:084158057761:d_common_env:i/init.c:0241:Max services set to 10000
N:NDRX:5:2fd996ca:00025:7ffffe115640:000:20251105:084158057816:d_common_env:i/init.c:0255:Max services set to 20000
N:NDRX:5:2fd996ca:00025:7ffffe115640:000:20251105:084158057972:d_common_env:i/init.c:0270:Random key set to: [ZUvbDoHI]
t:USER:3:2fd996ca:00025:7fffff33d9c0:000:20251105:084158057997:tplog       :/tplog.c:0583:REST Gateway listening on http://0.0.0.0:8080
N:NDRX:5:2fd996ca:00025:7ffffe115640:000:20251105:084158058019:d_common_env:i/init.c:0285:Posix queue msg_max set to: [100]
N:NDRX:5:2fd996ca:00025:7ffffe115640:000:20251105:084158058322:d_common_env:i/init.c:0301:Posix queue msgsize_max set to: [30000]
REST Gateway listening on http://0.0.0.0:8080
N:NDRX:5:2fd996ca:00025:7ffffe115640:000:20251105:084158058401:d_common_env:i/init.c:0321:Posix queue prefix set to: [/run], match string: [/run,] (len: 5)
N:NDRX:5:2fd996ca:00025:7ffffe115640:000:20251105:084158058604:d_common_env:i/init.c:0340:Posix queue queue path set to: [/dev/mqueue]
N:NDRX:5:2fd996ca:00025:7ffffe115640:000:20251105:084158058651:d_common_env:i/init.c:0361:SystemV SEM IPC Key set to: [41001]
N:NDRX:5:2fd996ca:00025:7ffffe115640:000:20251105:084158058688:d_common_env:i/init.c:0369:Using comms timeout: 1500
N:NDRX:5:2fd996ca:00025:7ffffe115640:000:20251105:084158058723:d_common_env:i/init.c:0386:Cluster node id=1
N:NDRX:5:2fd996ca:00025:7ffffe115640:000:20251105:084158058785:d_common_env:i/init.c:0403:NDRX_LDBAL set to 0
N:NDRX:5:2fd996ca:00025:7ffffe115640:000:20251105:084158058827:d_common_env:i/init.c:0412:[NDRX_CLUSTERISED] says: We run in cluster mode
N:NDRX:5:2fd996ca:00025:7ffffe115640:000:20251105:084158058866:d_common_env:i/init.c:0429:`ndrxd' pid file set to: [/app/ndrxd.pid]
N:NDRX:5:2fd996ca:00025:7ffffe115640:000:20251105:084158058904:d_common_env:i/init.c:0445:ndrxd normal wait set to: 60 attempts
N:NDRX:5:2fd996ca:00025:7ffffe115640:000:20251105:084158058978:d_common_env:i/init.c:0482:NDRX_SGLOCKINC set to 3600
N:NDRX:5:2fd996ca:00025:7ffffe115640:000:20251105:084158059014:d_common_env:i/init.c:0491:[NDRX_XA_RES_ID]: XA Resource ID: 1
N:NDRX:5:2fd996ca:00025:7ffffe115640:000:20251105:084158059164:d_common_env:i/init.c:0500:[NDRX_XA_OPEN_STR]: XA Open String: [ORACLE_XA+SqlNet=+ACC=P//+SesTM=180+LogDir=/most/log+nolocal=f+Threads=true]
N:NDRX:5:2fd996ca:00025:7ffffe115640:000:20251105:084158059200:d_common_env:i/init.c:0509:[NDRX_XA_CLOSE_STR]: XA Close String: [ORACLE_XA+SqlNet=+ACC=P//+SesTM=180+LogDir=/most/log+nolocal=f+Threads=true]
N:NDRX:5:2fd996ca:00025:7ffffe115640:000:20251105:084158059231:d_common_env:i/init.c:0525:[NDRX_XA_DRIVERLIB]: Enduro/X XA Driver lib (.so): [/usr/lib64/libndrxxaoras.so]
N:NDRX:5:2fd996ca:00025:7ffffe115640:000:20251105:084158059262:d_common_env:i/init.c:0534:[NDRX_XA_RMLIB]: Resource manager lib (.so): [/ndrtools/oracle/lib/libclntsh.so]
N:NDRX:5:2fd996ca:00025:7ffffe115640:000:20251105:084158059293:d_common_env:i/init.c:0558:[NDRX_XA_LAZY_INIT]: Lazy XA Init: TRUE
N:NDRX:5:2fd996ca:00025:7ffffe115640:000:20251105:084158059322:d_common_env:i/init.c:0581:XA config ok
N:NDRX:5:2fd996ca:00025:7ffffe115640:000:20251105:084158059352:d_common_env:i/init.c:0624:[NDRX_NRSEMS]: Number of services shared memory semaphores set to: 30 (used only for poll() mode) (default: 30)
N:NDRX:5:2fd996ca:00025:7ffffe115640:000:20251105:084158059381:d_common_env:i/init.c:0645:[NDRX_MAXSVCSRVS]: Max number of local servers per service set to: 30 (used only for poll() mode) (default: 30)
N:NDRX:5:2fd996ca:00025:7ffffe115640:000:20251105:084158059411:d_common_env:i/init.c:0683:routing criterion space: 102400 bytes, max services: 1000
N:NDRX:5:2fd996ca:00025:7ffffe115640:000:20251105:084158059441:d_common_env:i/init.c:0706:Routing group not used
N:NDRX:5:2fd996ca:00025:7ffffe115640:000:20251105:084158059507:d_common_env:i/init.c:0726:env loaded ok
N:NDRX:5:2fd996ca:00025:7ffffe115640:000:20251105:084158059538:tpinit      :i/init.c:1057:Got prefix [/run]
N:NDRX:5:2fd996ca:00025:7ffffe115640:000:20251105:084158059573:tpinit      :i/init.c:1065:Got PROGNAME [rest_gateway]
N:NDRX:5:2fd996ca:00025:7ffffe115640:000:20251105:084158059661:drx_ctxid_op:i/init.c:0135:Got free context id=0 (0 base)
N:NDRX:5:2fd996ca:00025:7ffffe115640:000:20251105:084158059692:drx_ctxid_op:i/init.c:0146:Returning context id=1
N:NDRX:5:2fd996ca:00025:7ffffe115640:001:20251105:084158059753:tpinit      :i/init.c:1102:my_id=[clt,rest_gateway,25,1,1]
N:NDRX:5:2fd996ca:00025:7ffffe115640:001:20251105:084158059800:tpinit      :i/init.c:1112:About to open client queue [/run,clt,reply,rest_gateway,25,1]
N:NDRX:5:2fd996ca:00025:7ffffe115640:001:20251105:084158059893:tpinit      :i/init.c:1114:After client Q open: 27
N:NDRX:5:2fd996ca:00025:7ffffe115640:001:20251105:084158059925:tpinit      :i/init.c:1122:Client queue [/run,clt,reply,rest_gateway,25,1] opened mqd_t=27.
N:NDRX:5:2fd996ca:00025:7ffffe115640:001:20251105:084158060035:nternal_init:i/init.c:0920:NDRXD queue: [/run,sys,bg,ndrxd]
N:NDRX:5:2fd996ca:00025:7ffffe115640:001:20251105:084158060089:rxd_sem_init:mi/sem.c:0087:Using service semaphore key: [266241]
N:NDRX:4:2fd996ca:00025:7ffffe115640:001:20251105:084158060133:drx_sem_open:td_sem.c:0259:Semaphore exists [41001] - attaching
N:NDRX:5:2fd996ca:00025:7ffffe115640:001:20251105:084158060164:x_sem_attach:td_sem.c:0349:enter
N:NDRX:5:2fd996ca:00025:7ffffe115640:001:20251105:084158060194:x_sem_attach:td_sem.c:0369:sem: [1] attached
N:NDRX:5:2fd996ca:00025:7ffffe115640:001:20251105:084158060222:x_sem_attach:td_sem.c:0373:return 0
N:NDRX:5:2fd996ca:00025:7ffffe115640:001:20251105:084158060325:drx_shm_init:mi/shm.c:0136:G_srvinfo.size = 12440000 (1244 * 10000)
N:NDRX:5:2fd996ca:00025:7ffffe115640:001:20251105:084158060362:drx_shm_init:mi/shm.c:0140:G_svcinfo.size = 11120000 (556 * 20000)
N:NDRX:5:2fd996ca:00025:7ffffe115640:001:20251105:084158060392:drx_shm_init:mi/shm.c:0144:G_brinfo.size = 11120000 (4 * 32)
N:NDRX:5:2fd996ca:00025:7ffffe115640:001:20251105:084158060451:drx_shm_init:mi/shm.c:0148:ndrx_G_routcrit.size = 204800 bytes (102400 * 2)
N:NDRX:5:2fd996ca:00025:7ffffe115640:001:20251105:084158060480:drx_shm_init:mi/shm.c:0152:ndrx_G_routsvc.size = 176000 (1000 * 88 * 2)
N:NDRX:4:2fd996ca:00025:7ffffe115640:001:20251105:084158060556:drx_shm_open:_shmsv.c:0149:Shared memory exists [/run,shm,svcinfo]/41002 - attaching
N:NDRX:5:2fd996ca:00025:7ffffe115640:001:20251105:084158060591:x_shm_attach:_shmsv.c:0230:Shm: [/run,shm,svcinfo] 1/41002 attach size: 11120000 mem: 0x7ffffd3bc000
N:NDRX:5:2fd996ca:00025:7ffffe115640:001:20251105:084158060620:x_shm_attach:_shmsv.c:0243:return 0
N:NDRX:4:2fd996ca:00025:7ffffe115640:001:20251105:084158060649:drx_shm_open:_shmsv.c:0149:Shared memory exists [/run,shm,routcrit]/41008 - attaching
N:NDRX:5:2fd996ca:00025:7ffffe115640:001:20251105:084158060681:x_shm_attach:_shmsv.c:0230:Shm: [/run,shm,routcrit] 2/41008 attach size: 204800 mem: 0x7ffffd38a000
N:NDRX:5:2fd996ca:00025:7ffffe115640:001:20251105:084158060709:x_shm_attach:_shmsv.c:0243:return 0
N:NDRX:4:2fd996ca:00025:7ffffe115640:001:20251105:084158060753:drx_shm_open:_shmsv.c:0149:Shared memory exists [/run,shm,routsvc]/41009 - attaching
N:NDRX:5:2fd996ca:00025:7ffffe115640:001:20251105:084158060791:x_shm_attach:_shmsv.c:0230:Shm: [/run,shm,routsvc] 3/41009 attach size: 176000 mem: 0x7ffffd35f000
N:NDRX:5:2fd996ca:00025:7ffffe115640:001:20251105:084158060821:x_shm_attach:_shmsv.c:0243:return 0
N:NDRX:4:2fd996ca:00025:7ffffe115640:001:20251105:084158060850:drx_shm_open:_shmsv.c:0149:Shared memory exists [/run,shm,brinfo]/41003 - attaching
N:NDRX:5:2fd996ca:00025:7ffffe115640:001:20251105:084158060882:x_shm_attach:_shmsv.c:0230:Shm: [/run,shm,brinfo] 5/41003 attach size: 128 mem: 0x7ffffd35e000
N:NDRX:5:2fd996ca:00025:7ffffe115640:001:20251105:084158060910:x_shm_attach:_shmsv.c:0243:return 0
t:USER:3:2fd996ca:00025:7ffffe115640:001:20251105:084158061261:tplog       :/tplog.c:0583:tpinit succeeded: ret=0
t:USER:3:2fd996ca:00025:7ffffe115640:001:20251105:084158061293:tplog       :/tplog.c:0583:Enduro/X client initialized in worker thread
N:NDRX:4:2fd996ca:00025:7fffff33d9c0:000:20251105:084756158469:plugins_load:inbase.c:0217:No plugins defined by NDRX_PLUGINS env variable
N:NDRX:5:2fd996ca:00025:7fffff33d9c0:000:20251105:084756160120:cconfig_load:config.c:0488:CC tag set to: []
N:NDRX:5:2fd996ca:00025:7fffff33d9c0:000:20251105:084756160356:x_inicfg_new:inicfg.c:0115:_ndrx_inicfg_new: load_global_env: 1
N:NDRX:5:2fd996ca:00025:7fffff33d9c0:000:20251105:084756160359:ig_load_pass:config.c:0327:have config at slot [0] [/app/conf/ndrxconf.ini]
N:NDRX:5:2fd996ca:00025:7fffff33d9c0:000:20251105:084756164560:ig_load_pass:config.c:0401:_ndrx_cconfig_load_pass: ret: 0 is_internal: 1 G_tried_to_load: 1
N:NDRX:5:2fd996ca:00025:7fffff33d9c0:000:20251105:084756164749:x_inicfg_new:inicfg.c:0115:_ndrx_inicfg_new: load_global_env: 1
N:NDRX:5:2fd996ca:00025:7fffff33d9c0:000:20251105:084756164752:ig_load_pass:config.c:0327:have config at slot [0] [/app/conf/ndrxconf.ini]
N:NDRX:5:2fd996ca:00025:7fffff33d9c0:000:20251105:084756165052:ig_load_pass:config.c:0401:_ndrx_cconfig_load_pass: ret: 0 is_internal: 1 G_tried_to_load: 1
N:NDRX:5:2fd996ca:00025:7fffff33d9c0:000:20251105:084756166564:systest_init:s_test.c:0093:sys_test off
N:NDRX:4:2fd996ca:00025:7fffff33d9c0:000:20251105:084756166725:drx_lcf_init:td/lcf.c:0279:NDRX_QPREFIX set to /run
N:NDRX:4:2fd996ca:00025:7fffff33d9c0:000:20251105:084756166728:drx_lcf_init:td/lcf.c:0300:NDRX_PGMAX set to 64
N:NDRX:5:2fd996ca:00025:7fffff33d9c0:000:20251105:084756166730:drx_lcf_init:td/lcf.c:0314:NDRX_SGREFRESH set to 30
N:NDRX:4:2fd996ca:00025:7fffff33d9c0:000:20251105:084756166732:drx_lcf_init:td/lcf.c:0327:NDRX_SVQREADERSMAX set to 50
N:NDRX:4:2fd996ca:00025:7fffff33d9c0:000:20251105:084756166734:drx_lcf_init:td/lcf.c:0340:NDRX_LCFREADERSMAX set to 1000
N:NDRX:4:2fd996ca:00025:7fffff33d9c0:000:20251105:084756166735:drx_lcf_init:td/lcf.c:0353:NDRX_LCFMAX set to 20
N:NDRX:4:2fd996ca:00025:7fffff33d9c0:000:20251105:084756166737:drx_lcf_init:td/lcf.c:0361:Missing config key NDRX_MSGQUEUESMAX - defaulting to 20000
N:NDRX:4:2fd996ca:00025:7fffff33d9c0:000:20251105:084756166738:drx_lcf_init:td/lcf.c:0368:NDRX_MSGQUEUESMAX set to 20000
N:NDRX:4:2fd996ca:00025:7fffff33d9c0:000:20251105:084756166809:drx_lcf_init:td/lcf.c:0386:(sysv queues): SystemV IPC Key set to: [41001]
N:NDRX:4:2fd996ca:00025:7fffff33d9c0:000:20251105:084756166812:drx_lcf_init:td/lcf.c:0400:NDRX_LCFCMDEXP set to 60
N:NDRX:4:2fd996ca:00025:7fffff33d9c0:000:20251105:084756166813:drx_lcf_init:td/lcf.c:0405:Opening LCF shared memory...
N:NDRX:4:2fd996ca:00025:7fffff33d9c0:000:20251105:084756166876:drx_shm_open:_shmsv.c:0149:Shared memory exists [/run,shm,lcf]/41007 - attaching
N:NDRX:5:2fd996ca:00025:7fffff33d9c0:000:20251105:084756166982:x_shm_attach:_shmsv.c:0230:Shm: [/run,shm,lcf] 0/41007 attach size: 98096 mem: 0x7ffffdcf9000
N:NDRX:5:2fd996ca:00025:7fffff33d9c0:000:20251105:084756167001:x_shm_attach:_shmsv.c:0243:return 0
N:NDRX:4:2fd996ca:00025:7fffff33d9c0:000:20251105:084756167111:drx_sem_open:td_sem.c:0259:Semaphore exists [41004] - attaching
N:NDRX:5:2fd996ca:00025:7fffff33d9c0:000:20251105:084756167174:x_sem_attach:td_sem.c:0349:enter
N:NDRX:5:2fd996ca:00025:7fffff33d9c0:000:20251105:084756167176:x_sem_attach:td_sem.c:0369:sem: [0] attached
N:NDRX:5:2fd996ca:00025:7fffff33d9c0:000:20251105:084756167177:x_sem_attach:td_sem.c:0373:return 0
N:NDRX:5:2fd996ca:00025:7fffff33d9c0:000:20251105:084756167251:func_add_int:td/lcf.c:0212:Adding [1] func lcf command [logrotate]
N:NDRX:5:2fd996ca:00025:7fffff33d9c0:000:20251105:084756167295:func_add_int:td/lcf.c:0212:Adding [2] func lcf command [logchg]
t:USER:3:2fd996ca:00025:7ffffdf14640:000:20251105:084756168242:tplog       :/tplog.c:0583:t:USER:3:2fd996ca:00025:7fffff33d9c0:000:20251105:084756168261:tplog       :/tplog.c:0583:Calling tpinit...
REST Gateway starting...
N:NDRX:5:2fd996ca:00025:7ffffdf14640:000:20251105:084756170617:d_common_env:i/init.c:0225:Max servers set to 10000
N:NDRX:5:2fd996ca:00025:7ffffdf14640:000:20251105:084756172184:d_common_env:i/init.c:0241:Max services set to 10000
N:NDRX:5:2fd996ca:00025:7ffffdf14640:000:20251105:084756172226:d_common_env:i/init.c:0255:Max services set to 20000
N:NDRX:5:2fd996ca:00025:7ffffdf14640:000:20251105:084756172295:d_common_env:i/init.c:0270:Random key set to: [ZUvbDoHI]
N:NDRX:5:2fd996ca:00025:7ffffdf14640:000:20251105:084756172373:d_common_env:i/init.c:0285:Posix queue msg_max set to: [100]
N:NDRX:5:2fd996ca:00025:7ffffdf14640:000:20251105:084756172427:d_common_env:i/init.c:0301:Posix queue msgsize_max set to: [30000]
t:USER:3:2fd996ca:00025:7fffff33d9c0:000:20251105:084756172469:tplog       :/tplog.c:0583:REST Gateway listening on http://0.0.0.0:8080
N:NDRX:5:2fd996ca:00025:7ffffdf14640:000:20251105:084756172497:d_common_env:i/init.c:0321:Posix queue prefix set to: [/run], match string: [/run,] (len: 5)
N:NDRX:5:2fd996ca:00025:7ffffdf14640:000:20251105:084756172760:d_common_env:i/init.c:0340:Posix queue queue path set to: [/dev/mqueue]
REST Gateway listening on http://0.0.0.0:8080
N:NDRX:5:2fd996ca:00025:7ffffdf14640:000:20251105:084756172803:d_common_env:i/init.c:0361:SystemV SEM IPC Key set to: [41001]
N:NDRX:5:2fd996ca:00025:7ffffdf14640:000:20251105:084756173024:d_common_env:i/init.c:0369:Using comms timeout: 1500
N:NDRX:5:2fd996ca:00025:7ffffdf14640:000:20251105:084756173068:d_common_env:i/init.c:0386:Cluster node id=1
N:NDRX:5:2fd996ca:00025:7ffffdf14640:000:20251105:084756173126:d_common_env:i/init.c:0403:NDRX_LDBAL set to 0
N:NDRX:5:2fd996ca:00025:7ffffdf14640:000:20251105:084756173162:d_common_env:i/init.c:0412:[NDRX_CLUSTERISED] says: We run in cluster mode
N:NDRX:5:2fd996ca:00025:7ffffdf14640:000:20251105:084756173198:d_common_env:i/init.c:0429:`ndrxd' pid file set to: [/app/ndrxd.pid]
N:NDRX:5:2fd996ca:00025:7ffffdf14640:000:20251105:084756173231:d_common_env:i/init.c:0445:ndrxd normal wait set to: 60 attempts
N:NDRX:5:2fd996ca:00025:7ffffdf14640:000:20251105:084756173268:d_common_env:i/init.c:0482:NDRX_SGLOCKINC set to 3600
N:NDRX:5:2fd996ca:00025:7ffffdf14640:000:20251105:084756173301:d_common_env:i/init.c:0491:[NDRX_XA_RES_ID]: XA Resource ID: 1
N:NDRX:5:2fd996ca:00025:7ffffdf14640:000:20251105:084756173483:d_common_env:i/init.c:0500:[NDRX_XA_OPEN_STR]: XA Open String: [ORACLE_XA+SqlNet=+ACC=P//+SesTM=180+LogDir=/most/log+nolocal=f+Threads=true]
N:NDRX:5:2fd996ca:00025:7ffffdf14640:000:20251105:084756173515:d_common_env:i/init.c:0509:[NDRX_XA_CLOSE_STR]: XA Close String: [ORACLE_XA+SqlNet=+ACC=P//+SesTM=180+LogDir=/most/log+nolocal=f+Threads=true]
N:NDRX:5:2fd996ca:00025:7ffffdf14640:000:20251105:084756173545:d_common_env:i/init.c:0525:[NDRX_XA_DRIVERLIB]: Enduro/X XA Driver lib (.so): [/usr/lib64/libndrxxaoras.so]
N:NDRX:5:2fd996ca:00025:7ffffdf14640:000:20251105:084756173576:d_common_env:i/init.c:0534:[NDRX_XA_RMLIB]: Resource manager lib (.so): [/ndrtools/oracle/lib/libclntsh.so]
N:NDRX:5:2fd996ca:00025:7ffffdf14640:000:20251105:084756173608:d_common_env:i/init.c:0558:[NDRX_XA_LAZY_INIT]: Lazy XA Init: TRUE
N:NDRX:5:2fd996ca:00025:7ffffdf14640:000:20251105:084756173636:d_common_env:i/init.c:0581:XA config ok
N:NDRX:5:2fd996ca:00025:7ffffdf14640:000:20251105:084756173664:d_common_env:i/init.c:0624:[NDRX_NRSEMS]: Number of services shared memory semaphores set to: 30 (used only for poll() mode) (default: 30)
N:NDRX:5:2fd996ca:00025:7ffffdf14640:000:20251105:084756173693:d_common_env:i/init.c:0645:[NDRX_MAXSVCSRVS]: Max number of local servers per service set to: 30 (used only for poll() mode) (default: 30)
N:NDRX:5:2fd996ca:00025:7ffffdf14640:000:20251105:084756173721:d_common_env:i/init.c:0683:routing criterion space: 102400 bytes, max services: 1000
N:NDRX:5:2fd996ca:00025:7ffffdf14640:000:20251105:084756173750:d_common_env:i/init.c:0706:Routing group not used
N:NDRX:5:2fd996ca:00025:7ffffdf14640:000:20251105:084756173816:d_common_env:i/init.c:0726:env loaded ok
N:NDRX:5:2fd996ca:00025:7ffffdf14640:000:20251105:084756173844:tpinit      :i/init.c:1057:Got prefix [/run]
N:NDRX:5:2fd996ca:00025:7ffffdf14640:000:20251105:084756173877:tpinit      :i/init.c:1065:Got PROGNAME [rest_gateway]
N:NDRX:5:2fd996ca:00025:7ffffdf14640:000:20251105:084756173960:drx_ctxid_op:i/init.c:0135:Got free context id=0 (0 base)
N:NDRX:5:2fd996ca:00025:7ffffdf14640:000:20251105:084756173988:drx_ctxid_op:i/init.c:0146:Returning context id=1
N:NDRX:5:2fd996ca:00025:7ffffdf14640:001:20251105:084756174039:tpinit      :i/init.c:1102:my_id=[clt,rest_gateway,25,1,1]
N:NDRX:5:2fd996ca:00025:7ffffdf14640:001:20251105:084756174092:tpinit      :i/init.c:1112:About to open client queue [/run,clt,reply,rest_gateway,25,1]
N:NDRX:5:2fd996ca:00025:7ffffdf14640:001:20251105:084756174183:tpinit      :i/init.c:1114:After client Q open: 27
N:NDRX:5:2fd996ca:00025:7ffffdf14640:001:20251105:084756174212:tpinit      :i/init.c:1122:Client queue [/run,clt,reply,rest_gateway,25,1] opened mqd_t=27.
N:NDRX:5:2fd996ca:00025:7ffffdf14640:001:20251105:084756174314:nternal_init:i/init.c:0920:NDRXD queue: [/run,sys,bg,ndrxd]
N:NDRX:5:2fd996ca:00025:7ffffdf14640:001:20251105:084756174367:rxd_sem_init:mi/sem.c:0087:Using service semaphore key: [266241]
N:NDRX:4:2fd996ca:00025:7ffffdf14640:001:20251105:084756174413:drx_sem_open:td_sem.c:0259:Semaphore exists [41001] - attaching
N:NDRX:5:2fd996ca:00025:7ffffdf14640:001:20251105:084756174441:x_sem_attach:td_sem.c:0349:enter
N:NDRX:5:2fd996ca:00025:7ffffdf14640:001:20251105:084756174470:x_sem_attach:td_sem.c:0369:sem: [1] attached
N:NDRX:5:2fd996ca:00025:7ffffdf14640:001:20251105:084756174503:x_sem_attach:td_sem.c:0373:return 0
N:NDRX:5:2fd996ca:00025:7ffffdf14640:001:20251105:084756174605:drx_shm_init:mi/shm.c:0136:G_srvinfo.size = 12440000 (1244 * 10000)
N:NDRX:5:2fd996ca:00025:7ffffdf14640:001:20251105:084756174634:drx_shm_init:mi/shm.c:0140:G_svcinfo.size = 11120000 (556 * 20000)
N:NDRX:5:2fd996ca:00025:7ffffdf14640:001:20251105:084756174662:drx_shm_init:mi/shm.c:0144:G_brinfo.size = 11120000 (4 * 32)
N:NDRX:5:2fd996ca:00025:7ffffdf14640:001:20251105:084756174690:drx_shm_init:mi/shm.c:0148:ndrx_G_routcrit.size = 204800 bytes (102400 * 2)
N:NDRX:5:2fd996ca:00025:7ffffdf14640:001:20251105:084756174719:drx_shm_init:mi/shm.c:0152:ndrx_G_routsvc.size = 176000 (1000 * 88 * 2)
N:NDRX:4:2fd996ca:00025:7ffffdf14640:001:20251105:084756174817:drx_shm_open:_shmsv.c:0149:Shared memory exists [/run,shm,svcinfo]/41002 - attaching
N:NDRX:5:2fd996ca:00025:7ffffdf14640:001:20251105:084756174851:x_shm_attach:_shmsv.c:0230:Shm: [/run,shm,svcinfo] 1/41002 attach size: 11120000 mem: 0x7ffffd1bb000
N:NDRX:5:2fd996ca:00025:7ffffdf14640:001:20251105:084756174879:x_shm_attach:_shmsv.c:0243:return 0
N:NDRX:4:2fd996ca:00025:7ffffdf14640:001:20251105:084756174908:drx_shm_open:_shmsv.c:0149:Shared memory exists [/run,shm,routcrit]/41008 - attaching
N:NDRX:5:2fd996ca:00025:7ffffdf14640:001:20251105:084756174939:x_shm_attach:_shmsv.c:0230:Shm: [/run,shm,routcrit] 2/41008 attach size: 204800 mem: 0x7ffffd189000
N:NDRX:5:2fd996ca:00025:7ffffdf14640:001:20251105:084756174966:x_shm_attach:_shmsv.c:0243:return 0
N:NDRX:4:2fd996ca:00025:7ffffdf14640:001:20251105:084756174994:drx_shm_open:_shmsv.c:0149:Shared memory exists [/run,shm,routsvc]/41009 - attaching
N:NDRX:5:2fd996ca:00025:7ffffdf14640:001:20251105:084756175025:x_shm_attach:_shmsv.c:0230:Shm: [/run,shm,routsvc] 3/41009 attach size: 176000 mem: 0x7ffffd15e000
N:NDRX:5:2fd996ca:00025:7ffffdf14640:001:20251105:084756175052:x_shm_attach:_shmsv.c:0243:return 0
N:NDRX:4:2fd996ca:00025:7ffffdf14640:001:20251105:084756175080:drx_shm_open:_shmsv.c:0149:Shared memory exists [/run,shm,brinfo]/41003 - attaching
N:NDRX:5:2fd996ca:00025:7ffffdf14640:001:20251105:084756175112:x_shm_attach:_shmsv.c:0230:Shm: [/run,shm,brinfo] 5/41003 attach size: 128 mem: 0x7ffffd15d000
N:NDRX:5:2fd996ca:00025:7ffffdf14640:001:20251105:084756175143:x_shm_attach:_shmsv.c:0243:return 0
t:USER:3:2fd996ca:00025:7ffffdf14640:001:20251105:084756175523:tplog       :/tplog.c:0583:tpinit succeeded: ret=0
t:USER:3:2fd996ca:00025:7ffffdf14640:001:20251105:084756175560:tplog       :/tplog.c:0583:Enduro/X client initialized in worker thread
