N:NDRX:4:00000000:00000:7fffff3ff340:000:20251105:200144119488:plugins_load:inbase.c:0217:No plugins defined by NDRX_PLUGINS env variable
N:NDRX:5:00000000:00000:7fffff3ff340:000:20251105:200144120994:cconfig_load:config.c:0488:CC tag set to: [default]
N:NDRX:5:00000000:00000:7fffff3ff340:000:20251105:200144121236:x_inicfg_new:inicfg.c:0115:_ndrx_inicfg_new: load_global_env: 1
N:NDRX:5:00000000:00000:7fffff3ff340:000:20251105:200144121243:ig_load_pass:config.c:0327:have config at slot [0] [/app/conf/ndrxconf.ini]
N:NDRX:5:00000000:00000:7fffff3ff340:000:20251105:200144125482:ig_load_pass:config.c:0401:_ndrx_cconfig_load_pass: ret: 0 is_internal: 1 G_tried_to_load: 1
N:NDRX:5:00000000:00000:7fffff3ff340:000:20251105:200144125663:x_inicfg_new:inicfg.c:0115:_ndrx_inicfg_new: load_global_env: 1
N:NDRX:5:00000000:00000:7fffff3ff340:000:20251105:200144125666:ig_load_pass:config.c:0327:have config at slot [0] [/app/conf/ndrxconf.ini]
N:NDRX:5:00000000:00000:7fffff3ff340:000:20251105:200144125974:ig_load_pass:config.c:0401:_ndrx_cconfig_load_pass: ret: 0 is_internal: 1 G_tried_to_load: 1
N:NDRX:5:2fd996ca:00022:7fffff3ff340:000:20251105:200144127718:systest_init:s_test.c:0093:sys_test off
N:NDRX:4:2fd996ca:00022:7fffff3ff340:000:20251105:200144127886:drx_lcf_init:td/lcf.c:0279:NDRX_QPREFIX set to /run
N:NDRX:4:2fd996ca:00022:7fffff3ff340:000:20251105:200144127896:drx_lcf_init:td/lcf.c:0300:NDRX_PGMAX set to 64
N:NDRX:5:2fd996ca:00022:7fffff3ff340:000:20251105:200144127902:drx_lcf_init:td/lcf.c:0314:NDRX_SGREFRESH set to 30
N:NDRX:4:2fd996ca:00022:7fffff3ff340:000:20251105:200144127907:drx_lcf_init:td/lcf.c:0327:NDRX_SVQREADERSMAX set to 50
N:NDRX:4:2fd996ca:00022:7fffff3ff340:000:20251105:200144127911:drx_lcf_init:td/lcf.c:0340:NDRX_LCFREADERSMAX set to 1000
N:NDRX:4:2fd996ca:00022:7fffff3ff340:000:20251105:200144127915:drx_lcf_init:td/lcf.c:0353:NDRX_LCFMAX set to 20
N:NDRX:4:2fd996ca:00022:7fffff3ff340:000:20251105:200144127917:drx_lcf_init:td/lcf.c:0361:Missing config key NDRX_MSGQUEUESMAX - defaulting to 20000
N:NDRX:4:2fd996ca:00022:7fffff3ff340:000:20251105:200144127921:drx_lcf_init:td/lcf.c:0368:NDRX_MSGQUEUESMAX set to 20000
N:NDRX:4:2fd996ca:00022:7fffff3ff340:000:20251105:200144127996:drx_lcf_init:td/lcf.c:0386:(sysv queues): SystemV IPC Key set to: [41001]
N:NDRX:4:2fd996ca:00022:7fffff3ff340:000:20251105:200144128003:drx_lcf_init:td/lcf.c:0400:NDRX_LCFCMDEXP set to 60
N:NDRX:4:2fd996ca:00022:7fffff3ff340:000:20251105:200144128007:drx_lcf_init:td/lcf.c:0405:Opening LCF shared memory...
N:NDRX:4:2fd996ca:00022:7fffff3ff340:000:20251105:200144128072:drx_shm_open:_shmsv.c:0149:Shared memory exists [/run,shm,lcf]/41007 - attaching
N:NDRX:5:2fd996ca:00022:7fffff3ff340:000:20251105:200144128177:x_shm_attach:_shmsv.c:0230:Shm: [/run,shm,lcf] 0/41007 attach size: 98096 mem: 0x7fffff343000
N:NDRX:5:2fd996ca:00022:7fffff3ff340:000:20251105:200144128206:x_shm_attach:_shmsv.c:0243:return 0
N:NDRX:4:2fd996ca:00022:7fffff3ff340:000:20251105:200144128304:drx_sem_open:td_sem.c:0259:Semaphore exists [41004] - attaching
N:NDRX:5:2fd996ca:00022:7fffff3ff340:000:20251105:200144128369:x_sem_attach:td_sem.c:0349:enter
N:NDRX:5:2fd996ca:00022:7fffff3ff340:000:20251105:200144128374:x_sem_attach:td_sem.c:0369:sem: [0] attached
N:NDRX:5:2fd996ca:00022:7fffff3ff340:000:20251105:200144128379:x_sem_attach:td_sem.c:0373:return 0
N:NDRX:5:2fd996ca:00022:7fffff3ff340:000:20251105:200144128453:func_add_int:td/lcf.c:0212:Adding [1] func lcf command [logrotate]
N:NDRX:5:2fd996ca:00022:7fffff3ff340:000:20251105:200144128498:func_add_int:td/lcf.c:0212:Adding [2] func lcf command [logchg]
N:NDRX:5:2fd996ca:00022:7fffff3ff340:000:20251105:200144129876:d_common_env:i/init.c:0225:Max servers set to 10000
N:NDRX:5:2fd996ca:00022:7fffff3ff340:000:20251105:200144129984:d_common_env:i/init.c:0241:Max services set to 10000
N:NDRX:5:2fd996ca:00022:7fffff3ff340:000:20251105:200144130025:d_common_env:i/init.c:0255:Max services set to 20000
N:NDRX:5:2fd996ca:00022:7fffff3ff340:000:20251105:200144130074:d_common_env:i/init.c:0270:Random key set to: [ZUvbDoHI]
N:NDRX:5:2fd996ca:00022:7fffff3ff340:000:20251105:200144130120:d_common_env:i/init.c:0285:Posix queue msg_max set to: [100]
N:NDRX:5:2fd996ca:00022:7fffff3ff340:000:20251105:200144130201:d_common_env:i/init.c:0301:Posix queue msgsize_max set to: [30000]
N:NDRX:5:2fd996ca:00022:7fffff3ff340:000:20251105:200144130272:d_common_env:i/init.c:0321:Posix queue prefix set to: [/run], match string: [/run,] (len: 5)
N:NDRX:5:2fd996ca:00022:7fffff3ff340:000:20251105:200144130312:d_common_env:i/init.c:0340:Posix queue queue path set to: [/dev/mqueue]
N:NDRX:5:2fd996ca:00022:7fffff3ff340:000:20251105:200144130353:d_common_env:i/init.c:0361:SystemV SEM IPC Key set to: [41001]
N:NDRX:5:2fd996ca:00022:7fffff3ff340:000:20251105:200144130389:d_common_env:i/init.c:0369:Using comms timeout: 1500
N:NDRX:5:2fd996ca:00022:7fffff3ff340:000:20251105:200144130426:d_common_env:i/init.c:0386:Cluster node id=1
N:NDRX:5:2fd996ca:00022:7fffff3ff340:000:20251105:200144130484:d_common_env:i/init.c:0403:NDRX_LDBAL set to 0
N:NDRX:5:2fd996ca:00022:7fffff3ff340:000:20251105:200144130524:d_common_env:i/init.c:0412:[NDRX_CLUSTERISED] says: We run in cluster mode
N:NDRX:5:2fd996ca:00022:7fffff3ff340:000:20251105:200144130567:d_common_env:i/init.c:0429:`ndrxd' pid file set to: [/app/ndrxd.pid]
N:NDRX:5:2fd996ca:00022:7fffff3ff340:000:20251105:200144130603:d_common_env:i/init.c:0445:ndrxd normal wait set to: 60 attempts
N:NDRX:5:2fd996ca:00022:7fffff3ff340:000:20251105:200144130641:d_common_env:i/init.c:0482:NDRX_SGLOCKINC set to 3600
N:NDRX:5:2fd996ca:00022:7fffff3ff340:000:20251105:200144130677:d_common_env:i/init.c:0491:[NDRX_XA_RES_ID]: XA Resource ID: 1
N:NDRX:5:2fd996ca:00022:7fffff3ff340:000:20251105:200144130841:d_common_env:i/init.c:0500:[NDRX_XA_OPEN_STR]: XA Open String: [ORACLE_XA+SqlNet=+ACC=P//+SesTM=180+LogDir=/most/log+nolocal=f+Threads=true]
N:NDRX:5:2fd996ca:00022:7fffff3ff340:000:20251105:200144130888:d_common_env:i/init.c:0509:[NDRX_XA_CLOSE_STR]: XA Close String: [ORACLE_XA+SqlNet=+ACC=P//+SesTM=180+LogDir=/most/log+nolocal=f+Threads=true]
N:NDRX:5:2fd996ca:00022:7fffff3ff340:000:20251105:200144130924:d_common_env:i/init.c:0525:[NDRX_XA_DRIVERLIB]: Enduro/X XA Driver lib (.so): [/usr/lib64/libndrxxaoras.so]
N:NDRX:5:2fd996ca:00022:7fffff3ff340:000:20251105:200144130963:d_common_env:i/init.c:0534:[NDRX_XA_RMLIB]: Resource manager lib (.so): [/ndrtools/oracle/lib/libclntsh.so]
N:NDRX:5:2fd996ca:00022:7fffff3ff340:000:20251105:200144131000:d_common_env:i/init.c:0558:[NDRX_XA_LAZY_INIT]: Lazy XA Init: TRUE
N:NDRX:5:2fd996ca:00022:7fffff3ff340:000:20251105:200144131031:d_common_env:i/init.c:0581:XA config ok
N:NDRX:5:2fd996ca:00022:7fffff3ff340:000:20251105:200144131064:d_common_env:i/init.c:0624:[NDRX_NRSEMS]: Number of services shared memory semaphores set to: 30 (used only for poll() mode) (default: 30)
N:NDRX:5:2fd996ca:00022:7fffff3ff340:000:20251105:200144131097:d_common_env:i/init.c:0645:[NDRX_MAXSVCSRVS]: Max number of local servers per service set to: 30 (used only for poll() mode) (default: 30)
N:NDRX:5:2fd996ca:00022:7fffff3ff340:000:20251105:200144131131:d_common_env:i/init.c:0683:routing criterion space: 102400 bytes, max services: 1000
N:NDRX:5:2fd996ca:00022:7fffff3ff340:000:20251105:200144131164:d_common_env:i/init.c:0706:Routing group not used
N:NDRX:5:2fd996ca:00022:7fffff3ff340:000:20251105:200144131240:d_common_env:i/init.c:0726:env loaded ok
N:NDRX:5:2fd996ca:00022:7fffff3ff340:000:20251105:200144131748:ndrx_init   :rvmain.c:0693:Using comms timeout: 1500
t:USER:3:2fd996ca:00022:7fffff3ff340:000:20251105:200144131961:tplog       :/tplog.c:0583:samplesvr_rust starting...
N:NDRX:4:2fd996ca:00022:7fffff3ff340:000:20251105:200144132340:vertise_full:v/init.c:0855:About to advertise service [ECHO]
N:NDRX:5:2fd996ca:00022:7fffff3ff340:000:20251105:200144132578:ise_full_int:v/init.c:0690:Service [ECHO] (function: [service_dispatcher]:0x55555556c570) successfully acknowledged
t:USER:3:2fd996ca:00022:7fffff3ff340:000:20251105:200144132749:tplog       :/tplog.c:0583:Successfully advertised ECHO
N:NDRX:4:2fd996ca:00022:7fffff3ff340:000:20251105:200144132790:vertise_full:v/init.c:0855:About to advertise service [HELLO]
N:NDRX:5:2fd996ca:00022:7fffff3ff340:000:20251105:200144132889:ise_full_int:v/init.c:0690:Service [HELLO] (function: [service_dispatcher]:0x55555556c570) successfully acknowledged
t:USER:3:2fd996ca:00022:7fffff3ff340:000:20251105:200144132922:tplog       :/tplog.c:0583:Successfully advertised HELLO
N:NDRX:4:2fd996ca:00022:7fffff3ff340:000:20251105:200144132954:vertise_full:v/init.c:0855:About to advertise service [STATUS]
N:NDRX:5:2fd996ca:00022:7fffff3ff340:000:20251105:200144132987:ise_full_int:v/init.c:0690:Service [STATUS] (function: [service_dispatcher]:0x55555556c570) successfully acknowledged
t:USER:3:2fd996ca:00022:7fffff3ff340:000:20251105:200144133021:tplog       :/tplog.c:0583:Successfully advertised STATUS
N:NDRX:4:2fd996ca:00022:7fffff3ff340:000:20251105:200144133052:vertise_full:v/init.c:0855:About to advertise service [DATAPROC]
N:NDRX:5:2fd996ca:00022:7fffff3ff340:000:20251105:200144133085:ise_full_int:v/init.c:0690:Service [DATAPROC] (function: [service_dispatcher]:0x55555556c570) successfully acknowledged
t:USER:3:2fd996ca:00022:7fffff3ff340:000:20251105:200144133118:tplog       :/tplog.c:0583:Successfully advertised DATAPROC
t:USER:3:2fd996ca:00022:7fffff3ff340:000:20251105:200144133152:tplog       :/tplog.c:0583:samplesvr_rust initialized successfully
N:NDRX:5:2fd996ca:00022:7fffff3ff340:000:20251105:200144133350:drx_ctxid_op:i/init.c:0135:Got free context id=0 (0 base)
N:NDRX:5:2fd996ca:00022:7fffff3ff340:000:20251105:200144133384:drx_ctxid_op:i/init.c:0146:Returning context id=1
N:NDRX:5:2fd996ca:00022:7fffff3ff340:001:20251105:200144133436:atmi_library:v/init.c:0448:Server my_id=[srv,samplesvr_rust,2,22,1,1]
N:NDRX:5:2fd996ca:00022:7fffff3ff340:001:20251105:200144133539:nternal_init:i/init.c:0920:NDRXD queue: [/run,sys,bg,ndrxd]
N:NDRX:5:2fd996ca:00022:7fffff3ff340:001:20251105:200144133593:rxd_sem_init:mi/sem.c:0087:Using service semaphore key: [266241]
N:NDRX:4:2fd996ca:00022:7fffff3ff340:001:20251105:200144133638:drx_sem_open:td_sem.c:0259:Semaphore exists [41001] - attaching
N:NDRX:5:2fd996ca:00022:7fffff3ff340:001:20251105:200144133670:x_sem_attach:td_sem.c:0349:enter
N:NDRX:5:2fd996ca:00022:7fffff3ff340:001:20251105:200144133701:x_sem_attach:td_sem.c:0369:sem: [1] attached
N:NDRX:5:2fd996ca:00022:7fffff3ff340:001:20251105:200144133732:x_sem_attach:td_sem.c:0373:return 0
N:NDRX:5:2fd996ca:00022:7fffff3ff340:001:20251105:200144133840:drx_shm_init:mi/shm.c:0136:G_srvinfo.size = 12440000 (1244 * 10000)
N:NDRX:5:2fd996ca:00022:7fffff3ff340:001:20251105:200144133872:drx_shm_init:mi/shm.c:0140:G_svcinfo.size = 11120000 (556 * 20000)
N:NDRX:5:2fd996ca:00022:7fffff3ff340:001:20251105:200144133903:drx_shm_init:mi/shm.c:0144:G_brinfo.size = 11120000 (4 * 32)
N:NDRX:5:2fd996ca:00022:7fffff3ff340:001:20251105:200144133938:drx_shm_init:mi/shm.c:0148:ndrx_G_routcrit.size = 204800 bytes (102400 * 2)
N:NDRX:5:2fd996ca:00022:7fffff3ff340:001:20251105:200144133971:drx_shm_init:mi/shm.c:0152:ndrx_G_routsvc.size = 176000 (1000 * 88 * 2)
N:NDRX:4:2fd996ca:00022:7fffff3ff340:001:20251105:200144134038:drx_shm_open:_shmsv.c:0149:Shared memory exists [/run,shm,svcinfo]/41002 - attaching
N:NDRX:5:2fd996ca:00022:7fffff3ff340:001:20251105:200144134075:x_shm_attach:_shmsv.c:0230:Shm: [/run,shm,svcinfo] 1/41002 attach size: 11120000 mem: 0x7ffffe8a8000
N:NDRX:5:2fd996ca:00022:7fffff3ff340:001:20251105:200144134107:x_shm_attach:_shmsv.c:0243:return 0
N:NDRX:4:2fd996ca:00022:7fffff3ff340:001:20251105:200144134139:drx_shm_open:_shmsv.c:0149:Shared memory exists [/run,shm,routcrit]/41008 - attaching
N:NDRX:5:2fd996ca:00022:7fffff3ff340:001:20251105:200144134174:x_shm_attach:_shmsv.c:0230:Shm: [/run,shm,routcrit] 2/41008 attach size: 204800 mem: 0x7ffffe876000
N:NDRX:5:2fd996ca:00022:7fffff3ff340:001:20251105:200144134205:x_shm_attach:_shmsv.c:0243:return 0
N:NDRX:4:2fd996ca:00022:7fffff3ff340:001:20251105:200144134242:drx_shm_open:_shmsv.c:0149:Shared memory exists [/run,shm,routsvc]/41009 - attaching
N:NDRX:5:2fd996ca:00022:7fffff3ff340:001:20251105:200144134286:x_shm_attach:_shmsv.c:0230:Shm: [/run,shm,routsvc] 3/41009 attach size: 176000 mem: 0x7ffffe84b000
N:NDRX:5:2fd996ca:00022:7fffff3ff340:001:20251105:200144134359:x_shm_attach:_shmsv.c:0243:return 0
N:NDRX:4:2fd996ca:00022:7fffff3ff340:001:20251105:200144134393:drx_shm_open:_shmsv.c:0149:Shared memory exists [/run,shm,srvinfo]/41001 - attaching
N:NDRX:5:2fd996ca:00022:7fffff3ff340:001:20251105:200144134429:x_shm_attach:_shmsv.c:0230:Shm: [/run,shm,srvinfo] 4/41001 attach size: 12440000 mem: 0x7ffffdc6d000
N:NDRX:5:2fd996ca:00022:7fffff3ff340:001:20251105:200144134459:x_shm_attach:_shmsv.c:0243:return 0
N:NDRX:4:2fd996ca:00022:7fffff3ff340:001:20251105:200144134505:drx_shm_open:_shmsv.c:0149:Shared memory exists [/run,shm,brinfo]/41003 - attaching
N:NDRX:5:2fd996ca:00022:7fffff3ff340:001:20251105:200144134539:x_shm_attach:_shmsv.c:0230:Shm: [/run,shm,brinfo] 5/41003 attach size: 128 mem: 0x7ffffdc6c000
N:NDRX:5:2fd996ca:00022:7fffff3ff340:001:20251105:200144134570:x_shm_attach:_shmsv.c:0243:return 0
N:NDRX:5:2fd996ca:00022:7fffff3ff340:001:20251105:200144134856:ecific_queue:v/init.c:0271:Advertising: SVC: [] FN: [] ADDR: [(nil)] QUEUE: [/run,srv,admin,samplesvr_rust,2,22]
N:NDRX:5:2fd996ca:00022:7fffff3ff340:001:20251105:200144134897:ecific_queue:v/init.c:0271:Advertising: SVC: [] FN: [] ADDR: [(nil)] QUEUE: [/run,srv,reply,samplesvr_rust,2,22]
N:NDRX:5:2fd996ca:00022:7fffff3ff340:001:20251105:200144135338:tise_service:v/init.c:0190:Advertising: SVC: [ECHO] FN: [service_dispatcher] ADDR: [0x55555556c570] QUEUE: [/run,svc,ECHO] AUTOTRAN [0] TRANTIME [0]
N:NDRX:5:2fd996ca:00022:7fffff3ff340:001:20251105:200144135380:tise_service:v/init.c:0190:Advertising: SVC: [HELLO] FN: [service_dispatcher] ADDR: [0x55555556c570] QUEUE: [/run,svc,HELLO] AUTOTRAN [0] TRANTIME [0]
N:NDRX:5:2fd996ca:00022:7fffff3ff340:001:20251105:200144135413:tise_service:v/init.c:0190:Advertising: SVC: [STATUS] FN: [service_dispatcher] ADDR: [0x55555556c570] QUEUE: [/run,svc,STATUS] AUTOTRAN [0] TRANTIME [0]
N:NDRX:5:2fd996ca:00022:7fffff3ff340:001:20251105:200144135448:tise_service:v/init.c:0190:Advertising: SVC: [DATAPROC] FN: [service_dispatcher] ADDR: [0x55555556c570] QUEUE: [/run,svc,DATAPROC] AUTOTRAN [0] TRANTIME [0]
N:NDRX:5:2fd996ca:00022:7fffff3ff340:001:20251105:200144135478:e_array_list:v/init.c:0220:about to allocate 6 of svc ptrs
N:NDRX:5:2fd996ca:00022:7fffff3ff340:001:20251105:200144135509:e_array_list:v/init.c:0233:assigning 0
N:NDRX:5:2fd996ca:00022:7fffff3ff340:001:20251105:200144135540:e_array_list:v/init.c:0233:assigning 1
N:NDRX:5:2fd996ca:00022:7fffff3ff340:001:20251105:200144135568:e_array_list:v/init.c:0233:assigning 2
N:NDRX:5:2fd996ca:00022:7fffff3ff340:001:20251105:200144135595:e_array_list:v/init.c:0233:assigning 3
N:NDRX:5:2fd996ca:00022:7fffff3ff340:001:20251105:200144135622:e_array_list:v/init.c:0233:assigning 4
N:NDRX:5:2fd996ca:00022:7fffff3ff340:001:20251105:200144135650:e_array_list:v/init.c:0233:assigning 5
N:NDRX:5:2fd996ca:00022:7fffff3ff340:001:20251105:200144135770:v_open_queue:spatch.c:0150:About to listen on: /run,srv,admin,samplesvr_rust,2,22
N:NDRX:5:2fd996ca:00022:7fffff3ff340:001:20251105:200144135913:v_open_queue:spatch.c:0250:Got file descriptor: 21
N:NDRX:5:2fd996ca:00022:7fffff3ff340:001:20251105:200144135948:v_open_queue:spatch.c:0150:About to listen on: /run,srv,reply,samplesvr_rust,2,22
N:NDRX:5:2fd996ca:00022:7fffff3ff340:001:20251105:200144135984:v_open_queue:spatch.c:0250:Got file descriptor: 22
N:NDRX:5:2fd996ca:00022:7fffff3ff340:001:20251105:200144136016:v_open_queue:spatch.c:0150:About to listen on: /run,svc,ECHO
N:NDRX:4:2fd996ca:00022:7fffff3ff340:001:20251105:200144136104:drx_sem_lock:td_sem.c:0169:sv_open_queue/1/0: semaphore locked... 
N:NDRX:5:2fd996ca:00022:7fffff3ff340:001:20251105:200144136325:_shm_get_svc:mi/shm.c:0759:Key for [ECHO] is 8676, shm is: 0x7ffffe8a8000
N:NDRX:5:2fd996ca:00022:7fffff3ff340:001:20251105:200144136372:_shm_get_svc:mi/shm.c:0826:ndrx_shm_get_svc [ECHO] - result: 0, iterations: 0, pos: 8676, install: 0
N:NDRX:5:2fd996ca:00022:7fffff3ff340:001:20251105:200144136413:_shm_get_svc:mi/shm.c:0759:Key for [ECHO] is 8676, shm is: 0x7ffffe8a8000
N:NDRX:5:2fd996ca:00022:7fffff3ff340:001:20251105:200144136493:_shm_get_svc:mi/shm.c:0826:ndrx_shm_get_svc [ECHO] - result: 0, iterations: 0, pos: 8676, install: 2
N:NDRX:5:2fd996ca:00022:7fffff3ff340:001:20251105:200144136538:stall_svc_br:mi/shm.c:0957:Svc [ECHO] not found in shm, installed with flags 1
N:NDRX:5:2fd996ca:00022:7fffff3ff340:001:20251105:200144136614:x_sem_unlock:td_sem.c:0210:sv_open_queue/1/0 semaphore un-locked
N:NDRX:5:2fd996ca:00022:7fffff3ff340:001:20251105:200144136651:v_open_queue:spatch.c:0250:Got file descriptor: 23
N:NDRX:5:2fd996ca:00022:7fffff3ff340:001:20251105:200144136682:v_open_queue:spatch.c:0150:About to listen on: /run,svc,HELLO
N:NDRX:4:2fd996ca:00022:7fffff3ff340:001:20251105:200144136713:drx_sem_lock:td_sem.c:0169:sv_open_queue/1/0: semaphore locked... 
N:NDRX:5:2fd996ca:00022:7fffff3ff340:001:20251105:200144136749:_shm_get_svc:mi/shm.c:0759:Key for [HELLO] is 3545, shm is: 0x7ffffe8a8000
N:NDRX:5:2fd996ca:00022:7fffff3ff340:001:20251105:200144136798:_shm_get_svc:mi/shm.c:0826:ndrx_shm_get_svc [HELLO] - result: 0, iterations: 0, pos: 3545, install: 0
N:NDRX:5:2fd996ca:00022:7fffff3ff340:001:20251105:200144136830:_shm_get_svc:mi/shm.c:0759:Key for [HELLO] is 3545, shm is: 0x7ffffe8a8000
N:NDRX:5:2fd996ca:00022:7fffff3ff340:001:20251105:200144136861:_shm_get_svc:mi/shm.c:0826:ndrx_shm_get_svc [HELLO] - result: 0, iterations: 0, pos: 3545, install: 2
N:NDRX:5:2fd996ca:00022:7fffff3ff340:001:20251105:200144136892:stall_svc_br:mi/shm.c:0957:Svc [HELLO] not found in shm, installed with flags 1
N:NDRX:5:2fd996ca:00022:7fffff3ff340:001:20251105:200144136924:x_sem_unlock:td_sem.c:0210:sv_open_queue/1/0 semaphore un-locked
N:NDRX:5:2fd996ca:00022:7fffff3ff340:001:20251105:200144136955:v_open_queue:spatch.c:0250:Got file descriptor: 24
N:NDRX:5:2fd996ca:00022:7fffff3ff340:001:20251105:200144136987:v_open_queue:spatch.c:0150:About to listen on: /run,svc,STATUS
N:NDRX:4:2fd996ca:00022:7fffff3ff340:001:20251105:200144137019:drx_sem_lock:td_sem.c:0169:sv_open_queue/1/0: semaphore locked... 
N:NDRX:5:2fd996ca:00022:7fffff3ff340:001:20251105:200144137060:_shm_get_svc:mi/shm.c:0759:Key for [STATUS] is 1513, shm is: 0x7ffffe8a8000
N:NDRX:5:2fd996ca:00022:7fffff3ff340:001:20251105:200144137103:_shm_get_svc:mi/shm.c:0826:ndrx_shm_get_svc [STATUS] - result: 0, iterations: 0, pos: 1513, install: 0
N:NDRX:5:2fd996ca:00022:7fffff3ff340:001:20251105:200144137140:_shm_get_svc:mi/shm.c:0759:Key for [STATUS] is 1513, shm is: 0x7ffffe8a8000
N:NDRX:5:2fd996ca:00022:7fffff3ff340:001:20251105:200144137171:_shm_get_svc:mi/shm.c:0826:ndrx_shm_get_svc [STATUS] - result: 0, iterations: 0, pos: 1513, install: 2
N:NDRX:5:2fd996ca:00022:7fffff3ff340:001:20251105:200144137203:stall_svc_br:mi/shm.c:0957:Svc [STATUS] not found in shm, installed with flags 1
N:NDRX:5:2fd996ca:00022:7fffff3ff340:001:20251105:200144137234:x_sem_unlock:td_sem.c:0210:sv_open_queue/1/0 semaphore un-locked
N:NDRX:5:2fd996ca:00022:7fffff3ff340:001:20251105:200144137264:v_open_queue:spatch.c:0250:Got file descriptor: 25
N:NDRX:5:2fd996ca:00022:7fffff3ff340:001:20251105:200144137295:v_open_queue:spatch.c:0150:About to listen on: /run,svc,DATAPROC
N:NDRX:4:2fd996ca:00022:7fffff3ff340:001:20251105:200144137326:drx_sem_lock:td_sem.c:0169:sv_open_queue/1/0: semaphore locked... 
N:NDRX:5:2fd996ca:00022:7fffff3ff340:001:20251105:200144137362:_shm_get_svc:mi/shm.c:0759:Key for [DATAPROC] is 1971, shm is: 0x7ffffe8a8000
N:NDRX:5:2fd996ca:00022:7fffff3ff340:001:20251105:200144137402:_shm_get_svc:mi/shm.c:0826:ndrx_shm_get_svc [DATAPROC] - result: 0, iterations: 0, pos: 1971, install: 0
N:NDRX:5:2fd996ca:00022:7fffff3ff340:001:20251105:200144137433:_shm_get_svc:mi/shm.c:0759:Key for [DATAPROC] is 1971, shm is: 0x7ffffe8a8000
N:NDRX:5:2fd996ca:00022:7fffff3ff340:001:20251105:200144137463:_shm_get_svc:mi/shm.c:0826:ndrx_shm_get_svc [DATAPROC] - result: 0, iterations: 0, pos: 1971, install: 2
N:NDRX:5:2fd996ca:00022:7fffff3ff340:001:20251105:200144137500:stall_svc_br:mi/shm.c:0957:Svc [DATAPROC] not found in shm, installed with flags 1
N:NDRX:5:2fd996ca:00022:7fffff3ff340:001:20251105:200144137573:x_sem_unlock:td_sem.c:0210:sv_open_queue/1/0 semaphore un-locked
N:NDRX:5:2fd996ca:00022:7fffff3ff340:001:20251105:200144137606:v_open_queue:spatch.c:0250:Got file descriptor: 26
N:NDRX:5:2fd996ca:00022:7fffff3ff340:001:20251105:200144137906:ort_to_ndrxd:rxdapi.c:0164:About to send: 696 bytes/4 svcs, srvid: 2
N:NDRX:5:2fd996ca:00022:7fffff3ff340:001:20251105:200144138157:neric_call_2:iutils.c:0639:gencall command: 4, reply_only=0, need_reply=0 call flags=0x0, getcall flags=32
N:NDRX:4:2fd996ca:00022:7fffff3ff340:001:20251105:200144138194:neric_call_2:iutils.c:0686:Sending data to [/run,sys,bg,ndrxd] call flags=0x0
N:NDRX:5:2fd996ca:00022:7fffff3ff340:001:20251105:200144138382:ric_q_send_2:iutils.c:0473:len: 696 use timeout: 0 config: 0 prio: 50 snd_prio: 50
N:NDRX:5:2fd996ca:00022:7fffff3ff340:001:20251105:200144138489:neric_call_2:iutils.c:0719:Reply not needed!
N:NDRX:5:2fd996ca:00022:7fffff3ff340:001:20251105:200144138775:_for_request:spatch.c:1452:About to poll - timeout=-1 millisec
N:NDRX:5:2fd996ca:00022:7fffff3ff340:001:20251105:200334058440:_for_request:spatch.c:1496:Poll says: 1 len: -1 tout: -1
N:NDRX:5:2fd996ca:00022:7fffff3ff340:001:20251105:200334059569:_for_request:spatch.c:1551:Receiving 0, user data: 21, fd: 21, evmqd: 21, is_mq_only: -1, G_pollext=(nil)
N:NDRX:5:2fd996ca:00022:7fffff3ff340:001:20251105:200334059772:_for_request:spatch.c:1629:Got request on logical channel 0, fd: 21
N:NDRX:5:2fd996ca:00022:7fffff3ff340:001:20251105:200334059882:_for_request:spatch.c:1634:Got admin request
N:NDRX:5:2fd996ca:00022:7fffff3ff340:001:20251105:200334060217:ss_admin_req:spatch.c:1362:Got ping request: 1 seq
N:NDRX:5:2fd996ca:00022:7fffff3ff340:001:20251105:200334060470:neric_call_2:iutils.c:0639:gencall command: 53, reply_only=0, need_reply=0 call flags=0x0, getcall flags=32
N:NDRX:4:2fd996ca:00022:7fffff3ff340:001:20251105:200334060555:neric_call_2:iutils.c:0686:Sending data to [/run,sys,bg,ndrxd] call flags=0x0
N:NDRX:5:2fd996ca:00022:7fffff3ff340:001:20251105:200334060652:ric_q_send_2:iutils.c:0473:len: 184 use timeout: 0 config: 0 prio: 50 snd_prio: 50
N:NDRX:5:2fd996ca:00022:7fffff3ff340:001:20251105:200334060737:neric_call_2:iutils.c:0719:Reply not needed!
N:NDRX:5:2fd996ca:00022:7fffff3ff340:001:20251105:200334060854:_for_request:spatch.c:1452:About to poll - timeout=-1 millisec
N:NDRX:5:2fd996ca:00022:7fffff3ff340:001:20251105:200524160768:_for_request:spatch.c:1496:Poll says: 1 len: -1 tout: -1
N:NDRX:5:2fd996ca:00022:7fffff3ff340:001:20251105:200524161163:_for_request:spatch.c:1551:Receiving 0, user data: 21, fd: 21, evmqd: 21, is_mq_only: -1, G_pollext=(nil)
N:NDRX:5:2fd996ca:00022:7fffff3ff340:001:20251105:200524161247:_for_request:spatch.c:1629:Got request on logical channel 0, fd: 21
N:NDRX:5:2fd996ca:00022:7fffff3ff340:001:20251105:200524161312:_for_request:spatch.c:1634:Got admin request
N:NDRX:5:2fd996ca:00022:7fffff3ff340:001:20251105:200524161385:ss_admin_req:spatch.c:1362:Got ping request: 2 seq
N:NDRX:5:2fd996ca:00022:7fffff3ff340:001:20251105:200524161466:neric_call_2:iutils.c:0639:gencall command: 53, reply_only=0, need_reply=0 call flags=0x0, getcall flags=32
N:NDRX:4:2fd996ca:00022:7fffff3ff340:001:20251105:200524161542:neric_call_2:iutils.c:0686:Sending data to [/run,sys,bg,ndrxd] call flags=0x0
N:NDRX:5:2fd996ca:00022:7fffff3ff340:001:20251105:200524161624:ric_q_send_2:iutils.c:0473:len: 184 use timeout: 0 config: 0 prio: 50 snd_prio: 50
N:NDRX:5:2fd996ca:00022:7fffff3ff340:001:20251105:200524161700:neric_call_2:iutils.c:0719:Reply not needed!
N:NDRX:5:2fd996ca:00022:7fffff3ff340:001:20251105:200524161774:_for_request:spatch.c:1452:About to poll - timeout=-1 millisec
N:NDRX:5:2fd996ca:00022:7fffff3ff340:001:20251105:200714260818:_for_request:spatch.c:1496:Poll says: 1 len: -1 tout: -1
N:NDRX:5:2fd996ca:00022:7fffff3ff340:001:20251105:200714261932:_for_request:spatch.c:1551:Receiving 0, user data: 21, fd: 21, evmqd: 21, is_mq_only: -1, G_pollext=(nil)
N:NDRX:5:2fd996ca:00022:7fffff3ff340:001:20251105:200714262039:_for_request:spatch.c:1629:Got request on logical channel 0, fd: 21
N:NDRX:5:2fd996ca:00022:7fffff3ff340:001:20251105:200714262246:_for_request:spatch.c:1634:Got admin request
N:NDRX:5:2fd996ca:00022:7fffff3ff340:001:20251105:200714262344:ss_admin_req:spatch.c:1362:Got ping request: 3 seq
N:NDRX:5:2fd996ca:00022:7fffff3ff340:001:20251105:200714262438:neric_call_2:iutils.c:0639:gencall command: 53, reply_only=0, need_reply=0 call flags=0x0, getcall flags=32
N:NDRX:4:2fd996ca:00022:7fffff3ff340:001:20251105:200714262521:neric_call_2:iutils.c:0686:Sending data to [/run,sys,bg,ndrxd] call flags=0x0
N:NDRX:5:2fd996ca:00022:7fffff3ff340:001:20251105:200714262620:ric_q_send_2:iutils.c:0473:len: 184 use timeout: 0 config: 0 prio: 50 snd_prio: 50
N:NDRX:5:2fd996ca:00022:7fffff3ff340:001:20251105:200714262706:neric_call_2:iutils.c:0719:Reply not needed!
N:NDRX:5:2fd996ca:00022:7fffff3ff340:001:20251105:200714262787:_for_request:spatch.c:1452:About to poll - timeout=-1 millisec
N:NDRX:5:2fd996ca:00022:7fffff3ff340:001:20251105:200904377415:_for_request:spatch.c:1496:Poll says: 1 len: -1 tout: -1
N:NDRX:5:2fd996ca:00022:7fffff3ff340:001:20251105:200904377881:_for_request:spatch.c:1551:Receiving 0, user data: 21, fd: 21, evmqd: 21, is_mq_only: -1, G_pollext=(nil)
N:NDRX:5:2fd996ca:00022:7fffff3ff340:001:20251105:200904377977:_for_request:spatch.c:1629:Got request on logical channel 0, fd: 21
N:NDRX:5:2fd996ca:00022:7fffff3ff340:001:20251105:200904378054:_for_request:spatch.c:1634:Got admin request
N:NDRX:5:2fd996ca:00022:7fffff3ff340:001:20251105:200904378137:ss_admin_req:spatch.c:1362:Got ping request: 4 seq
N:NDRX:5:2fd996ca:00022:7fffff3ff340:001:20251105:200904378229:neric_call_2:iutils.c:0639:gencall command: 53, reply_only=0, need_reply=0 call flags=0x0, getcall flags=32
N:NDRX:4:2fd996ca:00022:7fffff3ff340:001:20251105:200904378315:neric_call_2:iutils.c:0686:Sending data to [/run,sys,bg,ndrxd] call flags=0x0
N:NDRX:5:2fd996ca:00022:7fffff3ff340:001:20251105:200904378427:ric_q_send_2:iutils.c:0473:len: 184 use timeout: 0 config: 0 prio: 50 snd_prio: 50
N:NDRX:5:2fd996ca:00022:7fffff3ff340:001:20251105:200904378510:neric_call_2:iutils.c:0719:Reply not needed!
N:NDRX:5:2fd996ca:00022:7fffff3ff340:001:20251105:200904378588:_for_request:spatch.c:1452:About to poll - timeout=-1 millisec
N:NDRX:5:2fd996ca:00022:7fffff3ff340:001:20251105:201054476196:_for_request:spatch.c:1496:Poll says: 1 len: -1 tout: -1
N:NDRX:5:2fd996ca:00022:7fffff3ff340:001:20251105:201054477345:_for_request:spatch.c:1551:Receiving 0, user data: 21, fd: 21, evmqd: 21, is_mq_only: -1, G_pollext=(nil)
N:NDRX:5:2fd996ca:00022:7fffff3ff340:001:20251105:201054477477:_for_request:spatch.c:1629:Got request on logical channel 0, fd: 21
N:NDRX:5:2fd996ca:00022:7fffff3ff340:001:20251105:201054477577:_for_request:spatch.c:1634:Got admin request
N:NDRX:5:2fd996ca:00022:7fffff3ff340:001:20251105:201054477661:ss_admin_req:spatch.c:1362:Got ping request: 5 seq
N:NDRX:5:2fd996ca:00022:7fffff3ff340:001:20251105:201054477783:neric_call_2:iutils.c:0639:gencall command: 53, reply_only=0, need_reply=0 call flags=0x0, getcall flags=32
N:NDRX:4:2fd996ca:00022:7fffff3ff340:001:20251105:201054477864:neric_call_2:iutils.c:0686:Sending data to [/run,sys,bg,ndrxd] call flags=0x0
N:NDRX:5:2fd996ca:00022:7fffff3ff340:001:20251105:201054477968:ric_q_send_2:iutils.c:0473:len: 184 use timeout: 0 config: 0 prio: 50 snd_prio: 50
N:NDRX:5:2fd996ca:00022:7fffff3ff340:001:20251105:201054478065:neric_call_2:iutils.c:0719:Reply not needed!
N:NDRX:5:2fd996ca:00022:7fffff3ff340:001:20251105:201054478163:_for_request:spatch.c:1452:About to poll - timeout=-1 millisec
N:NDRX:5:2fd996ca:00022:7fffff3ff340:001:20251105:201244573748:_for_request:spatch.c:1496:Poll says: 1 len: -1 tout: -1
N:NDRX:5:2fd996ca:00022:7fffff3ff340:001:20251105:201244573900:_for_request:spatch.c:1551:Receiving 0, user data: 21, fd: 21, evmqd: 21, is_mq_only: -1, G_pollext=(nil)
N:NDRX:5:2fd996ca:00022:7fffff3ff340:001:20251105:201244573999:_for_request:spatch.c:1629:Got request on logical channel 0, fd: 21
N:NDRX:5:2fd996ca:00022:7fffff3ff340:001:20251105:201244574200:_for_request:spatch.c:1634:Got admin request
N:NDRX:5:2fd996ca:00022:7fffff3ff340:001:20251105:201244574293:ss_admin_req:spatch.c:1362:Got ping request: 6 seq
N:NDRX:5:2fd996ca:00022:7fffff3ff340:001:20251105:201244574391:neric_call_2:iutils.c:0639:gencall command: 53, reply_only=0, need_reply=0 call flags=0x0, getcall flags=32
N:NDRX:4:2fd996ca:00022:7fffff3ff340:001:20251105:201244574476:neric_call_2:iutils.c:0686:Sending data to [/run,sys,bg,ndrxd] call flags=0x0
N:NDRX:5:2fd996ca:00022:7fffff3ff340:001:20251105:201244574566:ric_q_send_2:iutils.c:0473:len: 184 use timeout: 0 config: 0 prio: 50 snd_prio: 50
N:NDRX:5:2fd996ca:00022:7fffff3ff340:001:20251105:201244574646:neric_call_2:iutils.c:0719:Reply not needed!
N:NDRX:5:2fd996ca:00022:7fffff3ff340:001:20251105:201244574722:_for_request:spatch.c:1452:About to poll - timeout=-1 millisec
N:NDRX:5:2fd996ca:00022:7fffff3ff340:001:20251105:201434657008:_for_request:spatch.c:1496:Poll says: 1 len: -1 tout: -1
N:NDRX:5:2fd996ca:00022:7fffff3ff340:001:20251105:201434657466:_for_request:spatch.c:1551:Receiving 0, user data: 21, fd: 21, evmqd: 21, is_mq_only: -1, G_pollext=(nil)
N:NDRX:5:2fd996ca:00022:7fffff3ff340:001:20251105:201434657730:_for_request:spatch.c:1629:Got request on logical channel 0, fd: 21
N:NDRX:5:2fd996ca:00022:7fffff3ff340:001:20251105:201434657860:_for_request:spatch.c:1634:Got admin request
N:NDRX:5:2fd996ca:00022:7fffff3ff340:001:20251105:201434657960:ss_admin_req:spatch.c:1362:Got ping request: 7 seq
N:NDRX:5:2fd996ca:00022:7fffff3ff340:001:20251105:201434658115:neric_call_2:iutils.c:0639:gencall command: 53, reply_only=0, need_reply=0 call flags=0x0, getcall flags=32
N:NDRX:4:2fd996ca:00022:7fffff3ff340:001:20251105:201434658205:neric_call_2:iutils.c:0686:Sending data to [/run,sys,bg,ndrxd] call flags=0x0
N:NDRX:5:2fd996ca:00022:7fffff3ff340:001:20251105:201434658334:ric_q_send_2:iutils.c:0473:len: 184 use timeout: 0 config: 0 prio: 50 snd_prio: 50
N:NDRX:5:2fd996ca:00022:7fffff3ff340:001:20251105:201434658453:neric_call_2:iutils.c:0719:Reply not needed!
N:NDRX:5:2fd996ca:00022:7fffff3ff340:001:20251105:201434658562:_for_request:spatch.c:1452:About to poll - timeout=-1 millisec
N:NDRX:4:00000000:00000:7fffff3ff340:000:20251105:201515516347:plugins_load:inbase.c:0217:No plugins defined by NDRX_PLUGINS env variable
N:NDRX:5:00000000:00000:7fffff3ff340:000:20251105:201515517694:cconfig_load:config.c:0488:CC tag set to: [default]
N:NDRX:5:00000000:00000:7fffff3ff340:000:20251105:201515517870:x_inicfg_new:inicfg.c:0115:_ndrx_inicfg_new: load_global_env: 1
N:NDRX:5:00000000:00000:7fffff3ff340:000:20251105:201515517872:ig_load_pass:config.c:0327:have config at slot [0] [/app/conf/ndrxconf.ini]
N:NDRX:5:00000000:00000:7fffff3ff340:000:20251105:201515521852:ig_load_pass:config.c:0401:_ndrx_cconfig_load_pass: ret: 0 is_internal: 1 G_tried_to_load: 1
N:NDRX:5:00000000:00000:7fffff3ff340:000:20251105:201515522025:x_inicfg_new:inicfg.c:0115:_ndrx_inicfg_new: load_global_env: 1
N:NDRX:5:00000000:00000:7fffff3ff340:000:20251105:201515522028:ig_load_pass:config.c:0327:have config at slot [0] [/app/conf/ndrxconf.ini]
N:NDRX:5:00000000:00000:7fffff3ff340:000:20251105:201515522283:ig_load_pass:config.c:0401:_ndrx_cconfig_load_pass: ret: 0 is_internal: 1 G_tried_to_load: 1
N:NDRX:5:2fd996ca:00022:7fffff3ff340:000:20251105:201515523833:systest_init:s_test.c:0093:sys_test off
N:NDRX:4:2fd996ca:00022:7fffff3ff340:000:20251105:201515523970:drx_lcf_init:td/lcf.c:0279:NDRX_QPREFIX set to /run
N:NDRX:4:2fd996ca:00022:7fffff3ff340:000:20251105:201515523973:drx_lcf_init:td/lcf.c:0300:NDRX_PGMAX set to 64
N:NDRX:5:2fd996ca:00022:7fffff3ff340:000:20251105:201515523975:drx_lcf_init:td/lcf.c:0314:NDRX_SGREFRESH set to 30
N:NDRX:4:2fd996ca:00022:7fffff3ff340:000:20251105:201515523976:drx_lcf_init:td/lcf.c:0327:NDRX_SVQREADERSMAX set to 50
N:NDRX:4:2fd996ca:00022:7fffff3ff340:000:20251105:201515523978:drx_lcf_init:td/lcf.c:0340:NDRX_LCFREADERSMAX set to 1000
N:NDRX:4:2fd996ca:00022:7fffff3ff340:000:20251105:201515523979:drx_lcf_init:td/lcf.c:0353:NDRX_LCFMAX set to 20
N:NDRX:4:2fd996ca:00022:7fffff3ff340:000:20251105:201515523981:drx_lcf_init:td/lcf.c:0361:Missing config key NDRX_MSGQUEUESMAX - defaulting to 20000
N:NDRX:4:2fd996ca:00022:7fffff3ff340:000:20251105:201515523982:drx_lcf_init:td/lcf.c:0368:NDRX_MSGQUEUESMAX set to 20000
N:NDRX:4:2fd996ca:00022:7fffff3ff340:000:20251105:201515524044:drx_lcf_init:td/lcf.c:0386:(sysv queues): SystemV IPC Key set to: [41001]
N:NDRX:4:2fd996ca:00022:7fffff3ff340:000:20251105:201515524047:drx_lcf_init:td/lcf.c:0400:NDRX_LCFCMDEXP set to 60
N:NDRX:4:2fd996ca:00022:7fffff3ff340:000:20251105:201515524048:drx_lcf_init:td/lcf.c:0405:Opening LCF shared memory...
N:NDRX:4:2fd996ca:00022:7fffff3ff340:000:20251105:201515524101:drx_shm_open:_shmsv.c:0149:Shared memory exists [/run,shm,lcf]/41007 - attaching
N:NDRX:5:2fd996ca:00022:7fffff3ff340:000:20251105:201515524203:x_shm_attach:_shmsv.c:0230:Shm: [/run,shm,lcf] 0/41007 attach size: 98096 mem: 0x7fffff343000
N:NDRX:5:2fd996ca:00022:7fffff3ff340:000:20251105:201515524219:x_shm_attach:_shmsv.c:0243:return 0
N:NDRX:4:2fd996ca:00022:7fffff3ff340:000:20251105:201515524316:drx_sem_open:td_sem.c:0259:Semaphore exists [41004] - attaching
N:NDRX:5:2fd996ca:00022:7fffff3ff340:000:20251105:201515524371:x_sem_attach:td_sem.c:0349:enter
N:NDRX:5:2fd996ca:00022:7fffff3ff340:000:20251105:201515524372:x_sem_attach:td_sem.c:0369:sem: [0] attached
N:NDRX:5:2fd996ca:00022:7fffff3ff340:000:20251105:201515524373:x_sem_attach:td_sem.c:0373:return 0
N:NDRX:5:2fd996ca:00022:7fffff3ff340:000:20251105:201515524438:func_add_int:td/lcf.c:0212:Adding [1] func lcf command [logrotate]
N:NDRX:5:2fd996ca:00022:7fffff3ff340:000:20251105:201515524476:func_add_int:td/lcf.c:0212:Adding [2] func lcf command [logchg]
N:NDRX:5:2fd996ca:00022:7fffff3ff340:000:20251105:201515525842:d_common_env:i/init.c:0225:Max servers set to 10000
N:NDRX:5:2fd996ca:00022:7fffff3ff340:000:20251105:201515525935:d_common_env:i/init.c:0241:Max services set to 10000
N:NDRX:5:2fd996ca:00022:7fffff3ff340:000:20251105:201515525978:d_common_env:i/init.c:0255:Max services set to 20000
N:NDRX:5:2fd996ca:00022:7fffff3ff340:000:20251105:201515526029:d_common_env:i/init.c:0270:Random key set to: [ZUvbDoHI]
N:NDRX:5:2fd996ca:00022:7fffff3ff340:000:20251105:201515526074:d_common_env:i/init.c:0285:Posix queue msg_max set to: [100]
N:NDRX:5:2fd996ca:00022:7fffff3ff340:000:20251105:201515526116:d_common_env:i/init.c:0301:Posix queue msgsize_max set to: [30000]
N:NDRX:5:2fd996ca:00022:7fffff3ff340:000:20251105:201515526194:d_common_env:i/init.c:0321:Posix queue prefix set to: [/run], match string: [/run,] (len: 5)
N:NDRX:5:2fd996ca:00022:7fffff3ff340:000:20251105:201515526238:d_common_env:i/init.c:0340:Posix queue queue path set to: [/dev/mqueue]
N:NDRX:5:2fd996ca:00022:7fffff3ff340:000:20251105:201515526283:d_common_env:i/init.c:0361:SystemV SEM IPC Key set to: [41001]
N:NDRX:5:2fd996ca:00022:7fffff3ff340:000:20251105:201515526325:d_common_env:i/init.c:0369:Using comms timeout: 1500
N:NDRX:5:2fd996ca:00022:7fffff3ff340:000:20251105:201515526367:d_common_env:i/init.c:0386:Cluster node id=1
N:NDRX:5:2fd996ca:00022:7fffff3ff340:000:20251105:201515526432:d_common_env:i/init.c:0403:NDRX_LDBAL set to 0
N:NDRX:5:2fd996ca:00022:7fffff3ff340:000:20251105:201515526472:d_common_env:i/init.c:0412:[NDRX_CLUSTERISED] says: We run in cluster mode
N:NDRX:5:2fd996ca:00022:7fffff3ff340:000:20251105:201515526513:d_common_env:i/init.c:0429:`ndrxd' pid file set to: [/app/ndrxd.pid]
N:NDRX:5:2fd996ca:00022:7fffff3ff340:000:20251105:201515526556:d_common_env:i/init.c:0445:ndrxd normal wait set to: 60 attempts
N:NDRX:5:2fd996ca:00022:7fffff3ff340:000:20251105:201515526600:d_common_env:i/init.c:0482:NDRX_SGLOCKINC set to 3600
N:NDRX:5:2fd996ca:00022:7fffff3ff340:000:20251105:201515526646:d_common_env:i/init.c:0491:[NDRX_XA_RES_ID]: XA Resource ID: 1
N:NDRX:5:2fd996ca:00022:7fffff3ff340:000:20251105:201515526798:d_common_env:i/init.c:0500:[NDRX_XA_OPEN_STR]: XA Open String: [ORACLE_XA+SqlNet=+ACC=P//+SesTM=180+LogDir=/most/log+nolocal=f+Threads=true]
N:NDRX:5:2fd996ca:00022:7fffff3ff340:000:20251105:201515526877:d_common_env:i/init.c:0509:[NDRX_XA_CLOSE_STR]: XA Close String: [ORACLE_XA+SqlNet=+ACC=P//+SesTM=180+LogDir=/most/log+nolocal=f+Threads=true]
N:NDRX:5:2fd996ca:00022:7fffff3ff340:000:20251105:201515526916:d_common_env:i/init.c:0525:[NDRX_XA_DRIVERLIB]: Enduro/X XA Driver lib (.so): [/usr/lib64/libndrxxaoras.so]
N:NDRX:5:2fd996ca:00022:7fffff3ff340:000:20251105:201515526956:d_common_env:i/init.c:0534:[NDRX_XA_RMLIB]: Resource manager lib (.so): [/ndrtools/oracle/lib/libclntsh.so]
N:NDRX:5:2fd996ca:00022:7fffff3ff340:000:20251105:201515526995:d_common_env:i/init.c:0558:[NDRX_XA_LAZY_INIT]: Lazy XA Init: TRUE
N:NDRX:5:2fd996ca:00022:7fffff3ff340:000:20251105:201515527037:d_common_env:i/init.c:0581:XA config ok
N:NDRX:5:2fd996ca:00022:7fffff3ff340:000:20251105:201515527086:d_common_env:i/init.c:0624:[NDRX_NRSEMS]: Number of services shared memory semaphores set to: 30 (used only for poll() mode) (default: 30)
N:NDRX:5:2fd996ca:00022:7fffff3ff340:000:20251105:201515527130:d_common_env:i/init.c:0645:[NDRX_MAXSVCSRVS]: Max number of local servers per service set to: 30 (used only for poll() mode) (default: 30)
N:NDRX:5:2fd996ca:00022:7fffff3ff340:000:20251105:201515527177:d_common_env:i/init.c:0683:routing criterion space: 102400 bytes, max services: 1000
N:NDRX:5:2fd996ca:00022:7fffff3ff340:000:20251105:201515527210:d_common_env:i/init.c:0706:Routing group not used
N:NDRX:5:2fd996ca:00022:7fffff3ff340:000:20251105:201515527291:d_common_env:i/init.c:0726:env loaded ok
N:NDRX:5:2fd996ca:00022:7fffff3ff340:000:20251105:201515527744:ndrx_init   :rvmain.c:0693:Using comms timeout: 1500
t:USER:3:2fd996ca:00022:7fffff3ff340:000:20251105:201515527945:tplog       :/tplog.c:0583:samplesvr_rust starting...
N:NDRX:4:2fd996ca:00022:7fffff3ff340:000:20251105:201515528364:vertise_full:v/init.c:0855:About to advertise service [ECHO]
N:NDRX:5:2fd996ca:00022:7fffff3ff340:000:20251105:201515528596:ise_full_int:v/init.c:0690:Service [ECHO] (function: [service_dispatcher]:0x55555556c570) successfully acknowledged
t:USER:3:2fd996ca:00022:7fffff3ff340:000:20251105:201515528741:tplog       :/tplog.c:0583:Successfully advertised ECHO
N:NDRX:4:2fd996ca:00022:7fffff3ff340:000:20251105:201515528770:vertise_full:v/init.c:0855:About to advertise service [HELLO]
N:NDRX:5:2fd996ca:00022:7fffff3ff340:000:20251105:201515528808:ise_full_int:v/init.c:0690:Service [HELLO] (function: [service_dispatcher]:0x55555556c570) successfully acknowledged
t:USER:3:2fd996ca:00022:7fffff3ff340:000:20251105:201515528835:tplog       :/tplog.c:0583:Successfully advertised HELLO
N:NDRX:4:2fd996ca:00022:7fffff3ff340:000:20251105:201515528865:vertise_full:v/init.c:0855:About to advertise service [STATUS]
N:NDRX:5:2fd996ca:00022:7fffff3ff340:000:20251105:201515528891:ise_full_int:v/init.c:0690:Service [STATUS] (function: [service_dispatcher]:0x55555556c570) successfully acknowledged
t:USER:3:2fd996ca:00022:7fffff3ff340:000:20251105:201515528922:tplog       :/tplog.c:0583:Successfully advertised STATUS
N:NDRX:4:2fd996ca:00022:7fffff3ff340:000:20251105:201515528961:vertise_full:v/init.c:0855:About to advertise service [DATAPROC]
N:NDRX:5:2fd996ca:00022:7fffff3ff340:000:20251105:201515529004:ise_full_int:v/init.c:0690:Service [DATAPROC] (function: [service_dispatcher]:0x55555556c570) successfully acknowledged
t:USER:3:2fd996ca:00022:7fffff3ff340:000:20251105:201515529037:tplog       :/tplog.c:0583:Successfully advertised DATAPROC
t:USER:3:2fd996ca:00022:7fffff3ff340:000:20251105:201515529065:tplog       :/tplog.c:0583:samplesvr_rust initialized successfully
N:NDRX:5:2fd996ca:00022:7fffff3ff340:000:20251105:201515529265:drx_ctxid_op:i/init.c:0135:Got free context id=0 (0 base)
N:NDRX:5:2fd996ca:00022:7fffff3ff340:000:20251105:201515529293:drx_ctxid_op:i/init.c:0146:Returning context id=1
N:NDRX:5:2fd996ca:00022:7fffff3ff340:001:20251105:201515529335:atmi_library:v/init.c:0448:Server my_id=[srv,samplesvr_rust,2,22,1,1]
N:NDRX:5:2fd996ca:00022:7fffff3ff340:001:20251105:201515529423:nternal_init:i/init.c:0920:NDRXD queue: [/run,sys,bg,ndrxd]
N:NDRX:5:2fd996ca:00022:7fffff3ff340:001:20251105:201515529501:rxd_sem_init:mi/sem.c:0087:Using service semaphore key: [266241]
N:NDRX:4:2fd996ca:00022:7fffff3ff340:001:20251105:201515529541:drx_sem_open:td_sem.c:0259:Semaphore exists [41001] - attaching
N:NDRX:5:2fd996ca:00022:7fffff3ff340:001:20251105:201515529568:x_sem_attach:td_sem.c:0349:enter
N:NDRX:5:2fd996ca:00022:7fffff3ff340:001:20251105:201515529595:x_sem_attach:td_sem.c:0369:sem: [1] attached
N:NDRX:5:2fd996ca:00022:7fffff3ff340:001:20251105:201515529621:x_sem_attach:td_sem.c:0373:return 0
N:NDRX:5:2fd996ca:00022:7fffff3ff340:001:20251105:201515529712:drx_shm_init:mi/shm.c:0136:G_srvinfo.size = 12440000 (1244 * 10000)
N:NDRX:5:2fd996ca:00022:7fffff3ff340:001:20251105:201515529739:drx_shm_init:mi/shm.c:0140:G_svcinfo.size = 11120000 (556 * 20000)
N:NDRX:5:2fd996ca:00022:7fffff3ff340:001:20251105:201515529766:drx_shm_init:mi/shm.c:0144:G_brinfo.size = 11120000 (4 * 32)
N:NDRX:5:2fd996ca:00022:7fffff3ff340:001:20251105:201515529792:drx_shm_init:mi/shm.c:0148:ndrx_G_routcrit.size = 204800 bytes (102400 * 2)
N:NDRX:5:2fd996ca:00022:7fffff3ff340:001:20251105:201515529818:drx_shm_init:mi/shm.c:0152:ndrx_G_routsvc.size = 176000 (1000 * 88 * 2)
N:NDRX:4:2fd996ca:00022:7fffff3ff340:001:20251105:201515529873:drx_shm_open:_shmsv.c:0149:Shared memory exists [/run,shm,svcinfo]/41002 - attaching
N:NDRX:5:2fd996ca:00022:7fffff3ff340:001:20251105:201515529911:x_shm_attach:_shmsv.c:0230:Shm: [/run,shm,svcinfo] 1/41002 attach size: 11120000 mem: 0x7ffffe8a8000
N:NDRX:5:2fd996ca:00022:7fffff3ff340:001:20251105:201515529937:x_shm_attach:_shmsv.c:0243:return 0
N:NDRX:4:2fd996ca:00022:7fffff3ff340:001:20251105:201515529970:drx_shm_open:_shmsv.c:0149:Shared memory exists [/run,shm,routcrit]/41008 - attaching
N:NDRX:5:2fd996ca:00022:7fffff3ff340:001:20251105:201515530006:x_shm_attach:_shmsv.c:0230:Shm: [/run,shm,routcrit] 2/41008 attach size: 204800 mem: 0x7ffffe876000
N:NDRX:5:2fd996ca:00022:7fffff3ff340:001:20251105:201515530034:x_shm_attach:_shmsv.c:0243:return 0
N:NDRX:4:2fd996ca:00022:7fffff3ff340:001:20251105:201515530060:drx_shm_open:_shmsv.c:0149:Shared memory exists [/run,shm,routsvc]/41009 - attaching
N:NDRX:5:2fd996ca:00022:7fffff3ff340:001:20251105:201515530091:x_shm_attach:_shmsv.c:0230:Shm: [/run,shm,routsvc] 3/41009 attach size: 176000 mem: 0x7ffffe84b000
N:NDRX:5:2fd996ca:00022:7fffff3ff340:001:20251105:201515530118:x_shm_attach:_shmsv.c:0243:return 0
N:NDRX:4:2fd996ca:00022:7fffff3ff340:001:20251105:201515530146:drx_shm_open:_shmsv.c:0149:Shared memory exists [/run,shm,srvinfo]/41001 - attaching
N:NDRX:5:2fd996ca:00022:7fffff3ff340:001:20251105:201515530191:x_shm_attach:_shmsv.c:0230:Shm: [/run,shm,srvinfo] 4/41001 attach size: 12440000 mem: 0x7ffffdc6d000
N:NDRX:5:2fd996ca:00022:7fffff3ff340:001:20251105:201515530246:x_shm_attach:_shmsv.c:0243:return 0
N:NDRX:4:2fd996ca:00022:7fffff3ff340:001:20251105:201515530285:drx_shm_open:_shmsv.c:0149:Shared memory exists [/run,shm,brinfo]/41003 - attaching
N:NDRX:5:2fd996ca:00022:7fffff3ff340:001:20251105:201515530322:x_shm_attach:_shmsv.c:0230:Shm: [/run,shm,brinfo] 5/41003 attach size: 128 mem: 0x7ffffdc6c000
N:NDRX:5:2fd996ca:00022:7fffff3ff340:001:20251105:201515530349:x_shm_attach:_shmsv.c:0243:return 0
N:NDRX:5:2fd996ca:00022:7fffff3ff340:001:20251105:201515530588:ecific_queue:v/init.c:0271:Advertising: SVC: [] FN: [] ADDR: [(nil)] QUEUE: [/run,srv,admin,samplesvr_rust,2,22]
N:NDRX:5:2fd996ca:00022:7fffff3ff340:001:20251105:201515530628:ecific_queue:v/init.c:0271:Advertising: SVC: [] FN: [] ADDR: [(nil)] QUEUE: [/run,srv,reply,samplesvr_rust,2,22]
N:NDRX:5:2fd996ca:00022:7fffff3ff340:001:20251105:201515531036:tise_service:v/init.c:0190:Advertising: SVC: [ECHO] FN: [service_dispatcher] ADDR: [0x55555556c570] QUEUE: [/run,svc,ECHO] AUTOTRAN [0] TRANTIME [0]
N:NDRX:5:2fd996ca:00022:7fffff3ff340:001:20251105:201515531073:tise_service:v/init.c:0190:Advertising: SVC: [HELLO] FN: [service_dispatcher] ADDR: [0x55555556c570] QUEUE: [/run,svc,HELLO] AUTOTRAN [0] TRANTIME [0]
N:NDRX:5:2fd996ca:00022:7fffff3ff340:001:20251105:201515531100:tise_service:v/init.c:0190:Advertising: SVC: [STATUS] FN: [service_dispatcher] ADDR: [0x55555556c570] QUEUE: [/run,svc,STATUS] AUTOTRAN [0] TRANTIME [0]
N:NDRX:5:2fd996ca:00022:7fffff3ff340:001:20251105:201515531155:tise_service:v/init.c:0190:Advertising: SVC: [DATAPROC] FN: [service_dispatcher] ADDR: [0x55555556c570] QUEUE: [/run,svc,DATAPROC] AUTOTRAN [0] TRANTIME [0]
N:NDRX:5:2fd996ca:00022:7fffff3ff340:001:20251105:201515531194:e_array_list:v/init.c:0220:about to allocate 6 of svc ptrs
N:NDRX:5:2fd996ca:00022:7fffff3ff340:001:20251105:201515531236:e_array_list:v/init.c:0233:assigning 0
N:NDRX:5:2fd996ca:00022:7fffff3ff340:001:20251105:201515531263:e_array_list:v/init.c:0233:assigning 1
N:NDRX:5:2fd996ca:00022:7fffff3ff340:001:20251105:201515531289:e_array_list:v/init.c:0233:assigning 2
N:NDRX:5:2fd996ca:00022:7fffff3ff340:001:20251105:201515531314:e_array_list:v/init.c:0233:assigning 3
N:NDRX:5:2fd996ca:00022:7fffff3ff340:001:20251105:201515531340:e_array_list:v/init.c:0233:assigning 4
N:NDRX:5:2fd996ca:00022:7fffff3ff340:001:20251105:201515531372:e_array_list:v/init.c:0233:assigning 5
N:NDRX:5:2fd996ca:00022:7fffff3ff340:001:20251105:201515531468:v_open_queue:spatch.c:0150:About to listen on: /run,srv,admin,samplesvr_rust,2,22
N:NDRX:5:2fd996ca:00022:7fffff3ff340:001:20251105:201515531581:v_open_queue:spatch.c:0250:Got file descriptor: 21
N:NDRX:5:2fd996ca:00022:7fffff3ff340:001:20251105:201515531613:v_open_queue:spatch.c:0150:About to listen on: /run,srv,reply,samplesvr_rust,2,22
N:NDRX:5:2fd996ca:00022:7fffff3ff340:001:20251105:201515531641:v_open_queue:spatch.c:0250:Got file descriptor: 22
N:NDRX:5:2fd996ca:00022:7fffff3ff340:001:20251105:201515531667:v_open_queue:spatch.c:0150:About to listen on: /run,svc,ECHO
N:NDRX:4:2fd996ca:00022:7fffff3ff340:001:20251105:201515531749:drx_sem_lock:td_sem.c:0169:sv_open_queue/1/0: semaphore locked... 
N:NDRX:5:2fd996ca:00022:7fffff3ff340:001:20251105:201515531944:_shm_get_svc:mi/shm.c:0759:Key for [ECHO] is 8676, shm is: 0x7ffffe8a8000
N:NDRX:5:2fd996ca:00022:7fffff3ff340:001:20251105:201515531981:_shm_get_svc:mi/shm.c:0826:ndrx_shm_get_svc [ECHO] - result: 0, iterations: 0, pos: 8676, install: 0
N:NDRX:5:2fd996ca:00022:7fffff3ff340:001:20251105:201515532011:_shm_get_svc:mi/shm.c:0759:Key for [ECHO] is 8676, shm is: 0x7ffffe8a8000
N:NDRX:5:2fd996ca:00022:7fffff3ff340:001:20251105:201515532038:_shm_get_svc:mi/shm.c:0826:ndrx_shm_get_svc [ECHO] - result: 0, iterations: 0, pos: 8676, install: 2
N:NDRX:5:2fd996ca:00022:7fffff3ff340:001:20251105:201515532069:stall_svc_br:mi/shm.c:0957:Svc [ECHO] not found in shm, installed with flags 1
N:NDRX:5:2fd996ca:00022:7fffff3ff340:001:20251105:201515532133:x_sem_unlock:td_sem.c:0210:sv_open_queue/1/0 semaphore un-locked
N:NDRX:5:2fd996ca:00022:7fffff3ff340:001:20251105:201515532162:v_open_queue:spatch.c:0250:Got file descriptor: 23
N:NDRX:5:2fd996ca:00022:7fffff3ff340:001:20251105:201515532197:v_open_queue:spatch.c:0150:About to listen on: /run,svc,HELLO
N:NDRX:4:2fd996ca:00022:7fffff3ff340:001:20251105:201515532224:drx_sem_lock:td_sem.c:0169:sv_open_queue/1/0: semaphore locked... 
N:NDRX:5:2fd996ca:00022:7fffff3ff340:001:20251105:201515532253:_shm_get_svc:mi/shm.c:0759:Key for [HELLO] is 3545, shm is: 0x7ffffe8a8000
N:NDRX:5:2fd996ca:00022:7fffff3ff340:001:20251105:201515532280:_shm_get_svc:mi/shm.c:0826:ndrx_shm_get_svc [HELLO] - result: 0, iterations: 0, pos: 3545, install: 0
N:NDRX:5:2fd996ca:00022:7fffff3ff340:001:20251105:201515532306:_shm_get_svc:mi/shm.c:0759:Key for [HELLO] is 3545, shm is: 0x7ffffe8a8000
N:NDRX:5:2fd996ca:00022:7fffff3ff340:001:20251105:201515532331:_shm_get_svc:mi/shm.c:0826:ndrx_shm_get_svc [HELLO] - result: 0, iterations: 0, pos: 3545, install: 2
N:NDRX:5:2fd996ca:00022:7fffff3ff340:001:20251105:201515532357:stall_svc_br:mi/shm.c:0957:Svc [HELLO] not found in shm, installed with flags 1
N:NDRX:5:2fd996ca:00022:7fffff3ff340:001:20251105:201515532383:x_sem_unlock:td_sem.c:0210:sv_open_queue/1/0 semaphore un-locked
N:NDRX:5:2fd996ca:00022:7fffff3ff340:001:20251105:201515532408:v_open_queue:spatch.c:0250:Got file descriptor: 24
N:NDRX:5:2fd996ca:00022:7fffff3ff340:001:20251105:201515532464:v_open_queue:spatch.c:0150:About to listen on: /run,svc,STATUS
N:NDRX:4:2fd996ca:00022:7fffff3ff340:001:20251105:201515532489:drx_sem_lock:td_sem.c:0169:sv_open_queue/1/0: semaphore locked... 
N:NDRX:5:2fd996ca:00022:7fffff3ff340:001:20251105:201515532516:_shm_get_svc:mi/shm.c:0759:Key for [STATUS] is 1513, shm is: 0x7ffffe8a8000
N:NDRX:5:2fd996ca:00022:7fffff3ff340:001:20251105:201515532542:_shm_get_svc:mi/shm.c:0826:ndrx_shm_get_svc [STATUS] - result: 0, iterations: 0, pos: 1513, install: 0
N:NDRX:5:2fd996ca:00022:7fffff3ff340:001:20251105:201515532567:_shm_get_svc:mi/shm.c:0759:Key for [STATUS] is 1513, shm is: 0x7ffffe8a8000
N:NDRX:5:2fd996ca:00022:7fffff3ff340:001:20251105:201515532593:_shm_get_svc:mi/shm.c:0826:ndrx_shm_get_svc [STATUS] - result: 0, iterations: 0, pos: 1513, install: 2
N:NDRX:5:2fd996ca:00022:7fffff3ff340:001:20251105:201515532619:stall_svc_br:mi/shm.c:0957:Svc [STATUS] not found in shm, installed with flags 1
N:NDRX:5:2fd996ca:00022:7fffff3ff340:001:20251105:201515532645:x_sem_unlock:td_sem.c:0210:sv_open_queue/1/0 semaphore un-locked
N:NDRX:5:2fd996ca:00022:7fffff3ff340:001:20251105:201515532669:v_open_queue:spatch.c:0250:Got file descriptor: 25
N:NDRX:5:2fd996ca:00022:7fffff3ff340:001:20251105:201515532695:v_open_queue:spatch.c:0150:About to listen on: /run,svc,DATAPROC
N:NDRX:4:2fd996ca:00022:7fffff3ff340:001:20251105:201515532720:drx_sem_lock:td_sem.c:0169:sv_open_queue/1/0: semaphore locked... 
N:NDRX:5:2fd996ca:00022:7fffff3ff340:001:20251105:201515532745:_shm_get_svc:mi/shm.c:0759:Key for [DATAPROC] is 1971, shm is: 0x7ffffe8a8000
N:NDRX:5:2fd996ca:00022:7fffff3ff340:001:20251105:201515532771:_shm_get_svc:mi/shm.c:0826:ndrx_shm_get_svc [DATAPROC] - result: 0, iterations: 0, pos: 1971, install: 0
N:NDRX:5:2fd996ca:00022:7fffff3ff340:001:20251105:201515532795:_shm_get_svc:mi/shm.c:0759:Key for [DATAPROC] is 1971, shm is: 0x7ffffe8a8000
N:NDRX:5:2fd996ca:00022:7fffff3ff340:001:20251105:201515532819:_shm_get_svc:mi/shm.c:0826:ndrx_shm_get_svc [DATAPROC] - result: 0, iterations: 0, pos: 1971, install: 2
N:NDRX:5:2fd996ca:00022:7fffff3ff340:001:20251105:201515532844:stall_svc_br:mi/shm.c:0957:Svc [DATAPROC] not found in shm, installed with flags 1
N:NDRX:5:2fd996ca:00022:7fffff3ff340:001:20251105:201515532869:x_sem_unlock:td_sem.c:0210:sv_open_queue/1/0 semaphore un-locked
N:NDRX:5:2fd996ca:00022:7fffff3ff340:001:20251105:201515532893:v_open_queue:spatch.c:0250:Got file descriptor: 26
N:NDRX:5:2fd996ca:00022:7fffff3ff340:001:20251105:201515533178:ort_to_ndrxd:rxdapi.c:0164:About to send: 696 bytes/4 svcs, srvid: 2
N:NDRX:5:2fd996ca:00022:7fffff3ff340:001:20251105:201515533411:neric_call_2:iutils.c:0639:gencall command: 4, reply_only=0, need_reply=0 call flags=0x0, getcall flags=32
N:NDRX:4:2fd996ca:00022:7fffff3ff340:001:20251105:201515533444:neric_call_2:iutils.c:0686:Sending data to [/run,sys,bg,ndrxd] call flags=0x0
N:NDRX:5:2fd996ca:00022:7fffff3ff340:001:20251105:201515533586:ric_q_send_2:iutils.c:0473:len: 696 use timeout: 0 config: 0 prio: 50 snd_prio: 50
N:NDRX:5:2fd996ca:00022:7fffff3ff340:001:20251105:201515533635:neric_call_2:iutils.c:0719:Reply not needed!
N:NDRX:5:2fd996ca:00022:7fffff3ff340:001:20251105:201515533911:_for_request:spatch.c:1452:About to poll - timeout=-1 millisec
N:NDRX:5:2fd996ca:00022:7fffff3ff340:001:20251105:201705450543:_for_request:spatch.c:1496:Poll says: 1 len: -1 tout: -1
N:NDRX:5:2fd996ca:00022:7fffff3ff340:001:20251105:201705450723:_for_request:spatch.c:1551:Receiving 0, user data: 21, fd: 21, evmqd: 21, is_mq_only: -1, G_pollext=(nil)
N:NDRX:5:2fd996ca:00022:7fffff3ff340:001:20251105:201705450961:_for_request:spatch.c:1629:Got request on logical channel 0, fd: 21
N:NDRX:5:2fd996ca:00022:7fffff3ff340:001:20251105:201705451087:_for_request:spatch.c:1634:Got admin request
N:NDRX:5:2fd996ca:00022:7fffff3ff340:001:20251105:201705451476:ss_admin_req:spatch.c:1362:Got ping request: 1 seq
N:NDRX:5:2fd996ca:00022:7fffff3ff340:001:20251105:201705451689:neric_call_2:iutils.c:0639:gencall command: 53, reply_only=0, need_reply=0 call flags=0x0, getcall flags=32
N:NDRX:4:2fd996ca:00022:7fffff3ff340:001:20251105:201705451822:neric_call_2:iutils.c:0686:Sending data to [/run,sys,bg,ndrxd] call flags=0x0
N:NDRX:5:2fd996ca:00022:7fffff3ff340:001:20251105:201705451885:ric_q_send_2:iutils.c:0473:len: 184 use timeout: 0 config: 0 prio: 50 snd_prio: 50
N:NDRX:5:2fd996ca:00022:7fffff3ff340:001:20251105:201705451947:neric_call_2:iutils.c:0719:Reply not needed!
N:NDRX:5:2fd996ca:00022:7fffff3ff340:001:20251105:201705452039:_for_request:spatch.c:1452:About to poll - timeout=-1 millisec
