N:NDRX:4:00000000:00000:7fffff039900:000:20251105:194839298983:plugins_load:inbase.c:0217:No plugins defined by NDRX_PLUGINS env variable
N:NDRX:5:00000000:00000:7fffff039900:000:20251105:194839301252:cconfig_load:config.c:0488:CC tag set to: []
N:NDRX:5:00000000:00000:7fffff039900:000:20251105:194839301636:x_inicfg_new:inicfg.c:0115:_ndrx_inicfg_new: load_global_env: 1
N:NDRX:5:00000000:00000:7fffff039900:000:20251105:194839301639:ig_load_pass:config.c:0327:have config at slot [0] [/app/conf/ndrxconf.ini]
N:NDRX:5:00000000:00000:7fffff039900:000:20251105:194839306975:ig_load_pass:config.c:0401:_ndrx_cconfig_load_pass: ret: 0 is_internal: 1 G_tried_to_load: 1
N:NDRX:5:00000000:00000:7fffff039900:000:20251105:194839307197:x_inicfg_new:inicfg.c:0115:_ndrx_inicfg_new: load_global_env: 1
N:NDRX:5:00000000:00000:7fffff039900:000:20251105:194839307200:ig_load_pass:config.c:0327:have config at slot [0] [/app/conf/ndrxconf.ini]
N:NDRX:5:00000000:00000:7fffff039900:000:20251105:194839307525:ig_load_pass:config.c:0401:_ndrx_cconfig_load_pass: ret: 0 is_internal: 1 G_tried_to_load: 1
N:NDRX:5:2fd996ca:01833:7fffff039900:000:20251105:194839310162:systest_init:s_test.c:0093:sys_test off
N:NDRX:4:2fd996ca:01833:7fffff039900:000:20251105:194839310334:drx_lcf_init:td/lcf.c:0279:NDRX_QPREFIX set to /run
N:NDRX:4:2fd996ca:01833:7fffff039900:000:20251105:194839310337:drx_lcf_init:td/lcf.c:0300:NDRX_PGMAX set to 64
N:NDRX:5:2fd996ca:01833:7fffff039900:000:20251105:194839310339:drx_lcf_init:td/lcf.c:0314:NDRX_SGREFRESH set to 30
N:NDRX:4:2fd996ca:01833:7fffff039900:000:20251105:194839310341:drx_lcf_init:td/lcf.c:0327:NDRX_SVQREADERSMAX set to 50
N:NDRX:4:2fd996ca:01833:7fffff039900:000:20251105:194839310343:drx_lcf_init:td/lcf.c:0340:NDRX_LCFREADERSMAX set to 1000
N:NDRX:4:2fd996ca:01833:7fffff039900:000:20251105:194839310345:drx_lcf_init:td/lcf.c:0353:NDRX_LCFMAX set to 20
N:NDRX:4:2fd996ca:01833:7fffff039900:000:20251105:194839310346:drx_lcf_init:td/lcf.c:0361:Missing config key NDRX_MSGQUEUESMAX - defaulting to 20000
N:NDRX:4:2fd996ca:01833:7fffff039900:000:20251105:194839310348:drx_lcf_init:td/lcf.c:0368:NDRX_MSGQUEUESMAX set to 20000
N:NDRX:4:2fd996ca:01833:7fffff039900:000:20251105:194839310942:drx_lcf_init:td/lcf.c:0386:(sysv queues): SystemV IPC Key set to: [41001]
N:NDRX:4:2fd996ca:01833:7fffff039900:000:20251105:194839310946:drx_lcf_init:td/lcf.c:0400:NDRX_LCFCMDEXP set to 60
N:NDRX:4:2fd996ca:01833:7fffff039900:000:20251105:194839310948:drx_lcf_init:td/lcf.c:0405:Opening LCF shared memory...
N:NDRX:4:2fd996ca:01833:7fffff039900:000:20251105:194839311017:drx_shm_open:_shmsv.c:0149:Shared memory exists [/run,shm,lcf]/41007 - attaching
N:NDRX:5:2fd996ca:01833:7fffff039900:000:20251105:194839311128:x_shm_attach:_shmsv.c:0230:Shm: [/run,shm,lcf] 0/41007 attach size: 98096 mem: 0x7fffff01f000
N:NDRX:5:2fd996ca:01833:7fffff039900:000:20251105:194839311144:x_shm_attach:_shmsv.c:0243:return 0
N:NDRX:4:2fd996ca:01833:7fffff039900:000:20251105:194839311247:drx_sem_open:td_sem.c:0259:Semaphore exists [41004] - attaching
N:NDRX:5:2fd996ca:01833:7fffff039900:000:20251105:194839311314:x_sem_attach:td_sem.c:0349:enter
N:NDRX:5:2fd996ca:01833:7fffff039900:000:20251105:194839311316:x_sem_attach:td_sem.c:0369:sem: [0] attached
N:NDRX:5:2fd996ca:01833:7fffff039900:000:20251105:194839311318:x_sem_attach:td_sem.c:0373:return 0
N:NDRX:5:2fd996ca:01833:7fffff039900:000:20251105:194839311397:func_add_int:td/lcf.c:0212:Adding [1] func lcf command [logrotate]
N:NDRX:5:2fd996ca:01833:7fffff039900:000:20251105:194839311445:func_add_int:td/lcf.c:0212:Adding [2] func lcf command [logchg]
N:NDRX:5:2fd996ca:01833:7fffff039900:000:20251105:194839312834:d_common_env:i/init.c:0225:Max servers set to 10000
N:NDRX:5:2fd996ca:01833:7fffff039900:000:20251105:194839312930:d_common_env:i/init.c:0241:Max services set to 10000
N:NDRX:5:2fd996ca:01833:7fffff039900:000:20251105:194839312975:d_common_env:i/init.c:0255:Max services set to 20000
N:NDRX:5:2fd996ca:01833:7fffff039900:000:20251105:194839313024:d_common_env:i/init.c:0270:Random key set to: [ZUvbDoHI]
N:NDRX:5:2fd996ca:01833:7fffff039900:000:20251105:194839313067:d_common_env:i/init.c:0285:Posix queue msg_max set to: [100]
N:NDRX:5:2fd996ca:01833:7fffff039900:000:20251105:194839313147:d_common_env:i/init.c:0301:Posix queue msgsize_max set to: [30000]
N:NDRX:5:2fd996ca:01833:7fffff039900:000:20251105:194839313212:d_common_env:i/init.c:0321:Posix queue prefix set to: [/run], match string: [/run,] (len: 5)
N:NDRX:5:2fd996ca:01833:7fffff039900:000:20251105:194839313256:d_common_env:i/init.c:0340:Posix queue queue path set to: [/dev/mqueue]
N:NDRX:5:2fd996ca:01833:7fffff039900:000:20251105:194839313299:d_common_env:i/init.c:0361:SystemV SEM IPC Key set to: [41001]
N:NDRX:5:2fd996ca:01833:7fffff039900:000:20251105:194839313373:d_common_env:i/init.c:0369:Using comms timeout: 1500
N:NDRX:5:2fd996ca:01833:7fffff039900:000:20251105:194839313414:d_common_env:i/init.c:0386:Cluster node id=1
N:NDRX:5:2fd996ca:01833:7fffff039900:000:20251105:194839313466:d_common_env:i/init.c:0403:NDRX_LDBAL set to 0
N:NDRX:5:2fd996ca:01833:7fffff039900:000:20251105:194839313503:d_common_env:i/init.c:0412:[NDRX_CLUSTERISED] says: We run in cluster mode
N:NDRX:5:2fd996ca:01833:7fffff039900:000:20251105:194839313539:d_common_env:i/init.c:0429:`ndrxd' pid file set to: [/app/ndrxd.pid]
N:NDRX:5:2fd996ca:01833:7fffff039900:000:20251105:194839313577:d_common_env:i/init.c:0445:ndrxd normal wait set to: 60 attempts
N:NDRX:5:2fd996ca:01833:7fffff039900:000:20251105:194839313614:d_common_env:i/init.c:0482:NDRX_SGLOCKINC set to 3600
N:NDRX:5:2fd996ca:01833:7fffff039900:000:20251105:194839313650:d_common_env:i/init.c:0491:[NDRX_XA_RES_ID]: XA Resource ID: 1
N:NDRX:5:2fd996ca:01833:7fffff039900:000:20251105:194839313815:d_common_env:i/init.c:0500:[NDRX_XA_OPEN_STR]: XA Open String: [ORACLE_XA+SqlNet=+ACC=P//+SesTM=180+LogDir=/most/log+nolocal=f+Threads=true]
N:NDRX:5:2fd996ca:01833:7fffff039900:000:20251105:194839313847:d_common_env:i/init.c:0509:[NDRX_XA_CLOSE_STR]: XA Close String: [ORACLE_XA+SqlNet=+ACC=P//+SesTM=180+LogDir=/most/log+nolocal=f+Threads=true]
N:NDRX:5:2fd996ca:01833:7fffff039900:000:20251105:194839313878:d_common_env:i/init.c:0525:[NDRX_XA_DRIVERLIB]: Enduro/X XA Driver lib (.so): [/usr/lib64/libndrxxaoras.so]
N:NDRX:5:2fd996ca:01833:7fffff039900:000:20251105:194839313910:d_common_env:i/init.c:0534:[NDRX_XA_RMLIB]: Resource manager lib (.so): [/ndrtools/oracle/lib/libclntsh.so]
N:NDRX:5:2fd996ca:01833:7fffff039900:000:20251105:194839313943:d_common_env:i/init.c:0558:[NDRX_XA_LAZY_INIT]: Lazy XA Init: TRUE
N:NDRX:5:2fd996ca:01833:7fffff039900:000:20251105:194839313972:d_common_env:i/init.c:0581:XA config ok
N:NDRX:5:2fd996ca:01833:7fffff039900:000:20251105:194839314002:d_common_env:i/init.c:0624:[NDRX_NRSEMS]: Number of services shared memory semaphores set to: 30 (used only for poll() mode) (default: 30)
N:NDRX:5:2fd996ca:01833:7fffff039900:000:20251105:194839314032:d_common_env:i/init.c:0645:[NDRX_MAXSVCSRVS]: Max number of local servers per service set to: 30 (used only for poll() mode) (default: 30)
N:NDRX:5:2fd996ca:01833:7fffff039900:000:20251105:194839314062:d_common_env:i/init.c:0683:routing criterion space: 102400 bytes, max services: 1000
N:NDRX:5:2fd996ca:01833:7fffff039900:000:20251105:194839314092:d_common_env:i/init.c:0706:Routing group not used
N:NDRX:5:2fd996ca:01833:7fffff039900:000:20251105:194839314165:d_common_env:i/init.c:0726:env loaded ok
N:NDRX:5:2fd996ca:01833:7fffff039900:000:20251105:194839314210:d_env_config:config.c:0192:ndrxd pid file: /app/ndrxd.pid
N:NDRX:5:2fd996ca:01833:7fffff039900:000:20251105:194839314249:d_env_config:config.c:0221:Reply queue: [/run,sys,bg,xadmin,1833]
N:NDRX:5:2fd996ca:01833:7fffff039900:000:20251105:194839314282:d_env_config:config.c:0250:SystemV SEM IPC Key set to: [41001]
N:NDRX:5:2fd996ca:01833:7fffff039900:000:20251105:194839315076:dmin_add_int:td/lcf.c:0140:Adding [disable] xadmin lcf command 0
N:NDRX:5:2fd996ca:01833:7fffff039900:000:20251105:194839315187:dmin_add_int:td/lcf.c:0140:Adding [logrotate] xadmin lcf command 1
N:NDRX:5:2fd996ca:01833:7fffff039900:000:20251105:194839315290:dmin_add_int:td/lcf.c:0140:Adding [logchg] xadmin lcf command 2
N:NDRX:5:2fd996ca:01833:7fffff039900:000:20251105:194839315796:un_init     :xadmin.c:1030:into un-init
N:NDRX:5:2fd996ca:01833:7fffff039900:000:20251105:194839316376:ndrx_tpterm :i/init.c:0743:_tpterm called
N:NDRX:5:2fd996ca:01833:7fffff039900:000:20251105:194839316425:ndrx_tpterm :i/init.c:0747:_tpterm ATMI is not initialized - nothing to do.
N:NDRX:5:2fd996ca:01833:7fffff039900:000:20251105:194839316463:ndrx_tpterm :i/init.c:0813:_tpterm returns 0
N:NDRX:4:00000000:00000:7fffff039900:000:20251105:200143845854:plugins_load:inbase.c:0217:No plugins defined by NDRX_PLUGINS env variable
N:NDRX:5:00000000:00000:7fffff039900:000:20251105:200143848396:cconfig_load:config.c:0488:CC tag set to: []
N:NDRX:5:00000000:00000:7fffff039900:000:20251105:200143848795:x_inicfg_new:inicfg.c:0115:_ndrx_inicfg_new: load_global_env: 1
N:NDRX:5:00000000:00000:7fffff039900:000:20251105:200143848800:ig_load_pass:config.c:0327:have config at slot [0] [/app/conf/ndrxconf.ini]
N:NDRX:5:00000000:00000:7fffff039900:000:20251105:200143855218:ig_load_pass:config.c:0401:_ndrx_cconfig_load_pass: ret: 0 is_internal: 1 G_tried_to_load: 1
N:NDRX:5:00000000:00000:7fffff039900:000:20251105:200143855484:x_inicfg_new:inicfg.c:0115:_ndrx_inicfg_new: load_global_env: 1
N:NDRX:5:00000000:00000:7fffff039900:000:20251105:200143855490:ig_load_pass:config.c:0327:have config at slot [0] [/app/conf/ndrxconf.ini]
N:NDRX:5:00000000:00000:7fffff039900:000:20251105:200143855868:ig_load_pass:config.c:0401:_ndrx_cconfig_load_pass: ret: 0 is_internal: 1 G_tried_to_load: 1
N:NDRX:5:2fd996ca:00014:7fffff039900:000:20251105:200143857666:systest_init:s_test.c:0093:sys_test off
N:NDRX:4:2fd996ca:00014:7fffff039900:000:20251105:200143857835:drx_lcf_init:td/lcf.c:0279:NDRX_QPREFIX set to /run
N:NDRX:4:2fd996ca:00014:7fffff039900:000:20251105:200143857838:drx_lcf_init:td/lcf.c:0300:NDRX_PGMAX set to 64
N:NDRX:5:2fd996ca:00014:7fffff039900:000:20251105:200143857845:drx_lcf_init:td/lcf.c:0314:NDRX_SGREFRESH set to 30
N:NDRX:4:2fd996ca:00014:7fffff039900:000:20251105:200143857847:drx_lcf_init:td/lcf.c:0327:NDRX_SVQREADERSMAX set to 50
N:NDRX:4:2fd996ca:00014:7fffff039900:000:20251105:200143857849:drx_lcf_init:td/lcf.c:0340:NDRX_LCFREADERSMAX set to 1000
N:NDRX:4:2fd996ca:00014:7fffff039900:000:20251105:200143857851:drx_lcf_init:td/lcf.c:0353:NDRX_LCFMAX set to 20
N:NDRX:4:2fd996ca:00014:7fffff039900:000:20251105:200143857852:drx_lcf_init:td/lcf.c:0361:Missing config key NDRX_MSGQUEUESMAX - defaulting to 20000
N:NDRX:4:2fd996ca:00014:7fffff039900:000:20251105:200143857854:drx_lcf_init:td/lcf.c:0368:NDRX_MSGQUEUESMAX set to 20000
N:NDRX:4:2fd996ca:00014:7fffff039900:000:20251105:200143858407:drx_lcf_init:td/lcf.c:0386:(sysv queues): SystemV IPC Key set to: [41001]
N:NDRX:4:2fd996ca:00014:7fffff039900:000:20251105:200143858411:drx_lcf_init:td/lcf.c:0400:NDRX_LCFCMDEXP set to 60
N:NDRX:4:2fd996ca:00014:7fffff039900:000:20251105:200143858429:drx_lcf_init:td/lcf.c:0405:Opening LCF shared memory...
N:NDRX:4:2fd996ca:00014:7fffff039900:000:20251105:200143858537:drx_shm_open:_shmsv.c:0178:Shm: [/run,shm,lcf] 0/41007 created size: 98096 mem: 0x7fffff01f000
N:NDRX:5:2fd996ca:00014:7fffff039900:000:20251105:200143858562:drx_shm_open:_shmsv.c:0190:return 0
N:NDRX:3:2fd996ca:00014:7fffff039900:000:20251105:200143858684:drx_sem_open:td_sem.c:0286:Semaphore for key 41004 open, id: 0
N:NDRX:5:2fd996ca:00014:7fffff039900:000:20251105:200143858689:drx_sem_open:td_sem.c:0290:return 0
N:NDRX:5:2fd996ca:00014:7fffff039900:000:20251105:200143858771:func_add_int:td/lcf.c:0212:Adding [1] func lcf command [logrotate]
N:NDRX:5:2fd996ca:00014:7fffff039900:000:20251105:200143858817:func_add_int:td/lcf.c:0212:Adding [2] func lcf command [logchg]
N:NDRX:5:2fd996ca:00014:7fffff039900:000:20251105:200143859732:d_common_env:i/init.c:0225:Max servers set to 10000
N:NDRX:5:2fd996ca:00014:7fffff039900:000:20251105:200143859828:d_common_env:i/init.c:0241:Max services set to 10000
N:NDRX:5:2fd996ca:00014:7fffff039900:000:20251105:200143859865:d_common_env:i/init.c:0255:Max services set to 20000
N:NDRX:5:2fd996ca:00014:7fffff039900:000:20251105:200143859947:d_common_env:i/init.c:0270:Random key set to: [ZUvbDoHI]
N:NDRX:5:2fd996ca:00014:7fffff039900:000:20251105:200143859969:d_common_env:i/init.c:0285:Posix queue msg_max set to: [100]
N:NDRX:5:2fd996ca:00014:7fffff039900:000:20251105:200143859990:d_common_env:i/init.c:0301:Posix queue msgsize_max set to: [30000]
N:NDRX:5:2fd996ca:00014:7fffff039900:000:20251105:200143860044:d_common_env:i/init.c:0321:Posix queue prefix set to: [/run], match string: [/run,] (len: 5)
N:NDRX:5:2fd996ca:00014:7fffff039900:000:20251105:200143860065:d_common_env:i/init.c:0340:Posix queue queue path set to: [/dev/mqueue]
N:NDRX:5:2fd996ca:00014:7fffff039900:000:20251105:200143860092:d_common_env:i/init.c:0361:SystemV SEM IPC Key set to: [41001]
N:NDRX:5:2fd996ca:00014:7fffff039900:000:20251105:200143860112:d_common_env:i/init.c:0369:Using comms timeout: 1500
N:NDRX:5:2fd996ca:00014:7fffff039900:000:20251105:200143860132:d_common_env:i/init.c:0386:Cluster node id=1
N:NDRX:5:2fd996ca:00014:7fffff039900:000:20251105:200143860171:d_common_env:i/init.c:0403:NDRX_LDBAL set to 0
N:NDRX:5:2fd996ca:00014:7fffff039900:000:20251105:200143860192:d_common_env:i/init.c:0412:[NDRX_CLUSTERISED] says: We run in cluster mode
N:NDRX:5:2fd996ca:00014:7fffff039900:000:20251105:200143860211:d_common_env:i/init.c:0429:`ndrxd' pid file set to: [/app/ndrxd.pid]
N:NDRX:5:2fd996ca:00014:7fffff039900:000:20251105:200143860230:d_common_env:i/init.c:0445:ndrxd normal wait set to: 60 attempts
N:NDRX:5:2fd996ca:00014:7fffff039900:000:20251105:200143860342:d_common_env:i/init.c:0482:NDRX_SGLOCKINC set to 3600
N:NDRX:5:2fd996ca:00014:7fffff039900:000:20251105:200143860365:d_common_env:i/init.c:0491:[NDRX_XA_RES_ID]: XA Resource ID: 1
N:NDRX:5:2fd996ca:00014:7fffff039900:000:20251105:200143860516:d_common_env:i/init.c:0500:[NDRX_XA_OPEN_STR]: XA Open String: [ORACLE_XA+SqlNet=+ACC=P//+SesTM=180+LogDir=/most/log+nolocal=f+Threads=true]
N:NDRX:5:2fd996ca:00014:7fffff039900:000:20251105:200143860536:d_common_env:i/init.c:0509:[NDRX_XA_CLOSE_STR]: XA Close String: [ORACLE_XA+SqlNet=+ACC=P//+SesTM=180+LogDir=/most/log+nolocal=f+Threads=true]
N:NDRX:5:2fd996ca:00014:7fffff039900:000:20251105:200143860556:d_common_env:i/init.c:0525:[NDRX_XA_DRIVERLIB]: Enduro/X XA Driver lib (.so): [/usr/lib64/libndrxxaoras.so]
N:NDRX:5:2fd996ca:00014:7fffff039900:000:20251105:200143860577:d_common_env:i/init.c:0534:[NDRX_XA_RMLIB]: Resource manager lib (.so): [/ndrtools/oracle/lib/libclntsh.so]
N:NDRX:5:2fd996ca:00014:7fffff039900:000:20251105:200143860593:d_common_env:i/init.c:0558:[NDRX_XA_LAZY_INIT]: Lazy XA Init: TRUE
N:NDRX:5:2fd996ca:00014:7fffff039900:000:20251105:200143860608:d_common_env:i/init.c:0581:XA config ok
N:NDRX:5:2fd996ca:00014:7fffff039900:000:20251105:200143860622:d_common_env:i/init.c:0624:[NDRX_NRSEMS]: Number of services shared memory semaphores set to: 30 (used only for poll() mode) (default: 30)
N:NDRX:5:2fd996ca:00014:7fffff039900:000:20251105:200143860637:d_common_env:i/init.c:0645:[NDRX_MAXSVCSRVS]: Max number of local servers per service set to: 30 (used only for poll() mode) (default: 30)
N:NDRX:5:2fd996ca:00014:7fffff039900:000:20251105:200143860652:d_common_env:i/init.c:0683:routing criterion space: 102400 bytes, max services: 1000
N:NDRX:5:2fd996ca:00014:7fffff039900:000:20251105:200143860666:d_common_env:i/init.c:0706:Routing group not used
N:NDRX:5:2fd996ca:00014:7fffff039900:000:20251105:200143860735:d_common_env:i/init.c:0726:env loaded ok
N:NDRX:5:2fd996ca:00014:7fffff039900:000:20251105:200143860775:d_env_config:config.c:0192:ndrxd pid file: /app/ndrxd.pid
N:NDRX:5:2fd996ca:00014:7fffff039900:000:20251105:200143860802:d_env_config:config.c:0221:Reply queue: [/run,sys,bg,xadmin,14]
N:NDRX:5:2fd996ca:00014:7fffff039900:000:20251105:200143860826:d_env_config:config.c:0250:SystemV SEM IPC Key set to: [41001]
N:NDRX:5:2fd996ca:00014:7fffff039900:000:20251105:200143861664:dmin_add_int:td/lcf.c:0140:Adding [disable] xadmin lcf command 0
N:NDRX:5:2fd996ca:00014:7fffff039900:000:20251105:200143861771:dmin_add_int:td/lcf.c:0140:Adding [logrotate] xadmin lcf command 1
N:NDRX:5:2fd996ca:00014:7fffff039900:000:20251105:200143861880:dmin_add_int:td/lcf.c:0140:Adding [logchg] xadmin lcf command 2
N:NDRX:5:2fd996ca:00014:7fffff039900:000:20251105:200143862120:_open_rply_q:config.c:0098:About to open xadmin's reply queue
N:NDRX:2:2fd996ca:00014:7fffff039900:000:20251105:200143862261:_open_rply_q:config.c:0133:Reply queue [/run,sys,bg,xadmin,14] opened!
N:NDRX:4:2fd996ca:00014:7fffff039900:000:20251105:200143862491:drxd_running:n/exec.c:0144:Probing for ndrxd...
N:NDRX:4:2fd996ca:00014:7fffff039900:000:20251105:200143862526:drxd_running:n/exec.c:0154:ndrxd queue [/run,sys,bg,ndrxd] not found - continue probing
N:NDRX:4:2fd996ca:00014:7fffff039900:000:20251105:200143862600:drxd_running:n/exec.c:0174:ndrxd PID file [/app/ndrxd.pid] not found - continue probing
N:NDRX:4:2fd996ca:00014:7fffff039900:000:20251105:200143862633:drxd_running:n/exec.c:0264:is_ndrxd_running returns: not running
N:NDRX:5:2fd996ca:00015:7fffff039900:000:20251105:200143863380:_daemon_idle:n/exec.c:0301:forked close ndrxd_q 0xffffffffffffffff
N:NDRX:5:2fd996ca:00015:7fffff039900:000:20251105:200143863530:_daemon_idle:n/exec.c:0306:forked close reply_queue 0xa
N:NDRX:4:2fd996ca:00014:7fffff039900:000:20251105:200143915705:drxd_running:n/exec.c:0144:Probing for ndrxd...
N:NDRX:4:2fd996ca:00014:7fffff039900:000:20251105:200143916789:drxd_running:n/exec.c:0264:is_ndrxd_running returns: running
N:NDRX:5:2fd996ca:00014:7fffff039900:000:20251105:200143916930:_parse_clopt:nclopt.c:0092:clopt_string built: [i:s:g:Lyk] argc: [2]
N:NDRX:5:2fd996ca:00014:7fffff039900:000:20251105:200143917102:_parse_clopt:nclopt.c:0136:y (Confirm) = [TRUE]
N:NDRX:5:2fd996ca:00014:7fffff039900:000:20251105:200143917479:neric_call_2:iutils.c:0639:gencall command: 2, reply_only=0, need_reply=1 call flags=0x0, getcall flags=34
N:NDRX:4:2fd996ca:00014:7fffff039900:000:20251105:200143917513:neric_call_2:iutils.c:0686:Sending data to [/run,sys,bg,ndrxd] call flags=0x0
N:NDRX:5:2fd996ca:00014:7fffff039900:000:20251105:200143917692:ric_q_send_2:iutils.c:0473:len: 256 use timeout: 0 config: 0 prio: 50 snd_prio: 50
N:NDRX:5:2fd996ca:00014:7fffff039900:000:20251105:200143917734:neric_call_2:iutils.c:0715:Waiting for response from ndrxd on [/run,sys,bg,xadmin,14]
N:NDRX:5:2fd996ca:00014:7fffff039900:000:20251105:200143927075:ic_q_receive:iutils.c:0578:ndrx_generic_q_receive: 4464
N:NDRX:5:2fd996ca:00014:7fffff039900:000:20251105:200143964723:ic_q_receive:iutils.c:0578:ndrx_generic_q_receive: 4464
N:NDRX:5:2fd996ca:00014:7fffff039900:000:20251105:200143964929:ic_q_receive:iutils.c:0578:ndrx_generic_q_receive: 4464
N:NDRX:5:2fd996ca:00014:7fffff039900:000:20251105:200144010637:ic_q_receive:iutils.c:0578:ndrx_generic_q_receive: 4464
N:NDRX:5:2fd996ca:00014:7fffff039900:000:20251105:200144010948:ic_q_receive:iutils.c:0578:ndrx_generic_q_receive: 4464
N:NDRX:5:2fd996ca:00014:7fffff039900:000:20251105:200144052229:ic_q_receive:iutils.c:0578:ndrx_generic_q_receive: 4464
N:NDRX:5:2fd996ca:00014:7fffff039900:000:20251105:200144052382:ic_q_receive:iutils.c:0578:ndrx_generic_q_receive: 4464
N:NDRX:5:2fd996ca:00014:7fffff039900:000:20251105:200144094387:ic_q_receive:iutils.c:0578:ndrx_generic_q_receive: 4464
N:NDRX:5:2fd996ca:00014:7fffff039900:000:20251105:200144094545:ic_q_receive:iutils.c:0578:ndrx_generic_q_receive: 4464
N:NDRX:5:2fd996ca:00014:7fffff039900:000:20251105:200144139834:ic_q_receive:iutils.c:0578:ndrx_generic_q_receive: 4464
N:NDRX:5:2fd996ca:00014:7fffff039900:000:20251105:200144139991:ic_q_receive:iutils.c:0578:ndrx_generic_q_receive: 4464
N:NDRX:5:2fd996ca:00014:7fffff039900:000:20251105:200144178112:ic_q_receive:iutils.c:0578:ndrx_generic_q_receive: 4464
N:NDRX:5:2fd996ca:00014:7fffff039900:000:20251105:200144178245:ic_q_receive:iutils.c:0578:ndrx_generic_q_receive: 312
N:NDRX:5:2fd996ca:00014:7fffff039900:000:20251105:200144178394:un_init     :xadmin.c:1030:into un-init
N:NDRX:5:2fd996ca:00014:7fffff039900:000:20251105:200144178459:un_init     :xadmin.c:1041:Closing reply_queue: 0xa
N:NDRX:5:2fd996ca:00014:7fffff039900:000:20251105:200144178516:un_init     :xadmin.c:1046:Unlinking [/run,sys,bg,xadmin,14]
N:NDRX:5:2fd996ca:00014:7fffff039900:000:20251105:200144179580:ndrx_tpterm :i/init.c:0743:_tpterm called
N:NDRX:5:2fd996ca:00014:7fffff039900:000:20251105:200144179607:ndrx_tpterm :i/init.c:0747:_tpterm ATMI is not initialized - nothing to do.
N:NDRX:5:2fd996ca:00014:7fffff039900:000:20251105:200144179626:ndrx_tpterm :i/init.c:0813:_tpterm returns 0
N:NDRX:2:2fd996ca:00014:7fffff039900:000:20251105:200144179691:hm_close_all:mi/shm.c:0199:ndrx shm library not initialized
N:NDRX:4:00000000:00000:7fffff039900:000:20251105:201515261551:plugins_load:inbase.c:0217:No plugins defined by NDRX_PLUGINS env variable
N:NDRX:5:00000000:00000:7fffff039900:000:20251105:201515263670:cconfig_load:config.c:0488:CC tag set to: []
N:NDRX:5:00000000:00000:7fffff039900:000:20251105:201515264014:x_inicfg_new:inicfg.c:0115:_ndrx_inicfg_new: load_global_env: 1
N:NDRX:5:00000000:00000:7fffff039900:000:20251105:201515264017:ig_load_pass:config.c:0327:have config at slot [0] [/app/conf/ndrxconf.ini]
N:NDRX:5:00000000:00000:7fffff039900:000:20251105:201515270101:ig_load_pass:config.c:0401:_ndrx_cconfig_load_pass: ret: 0 is_internal: 1 G_tried_to_load: 1
N:NDRX:5:00000000:00000:7fffff039900:000:20251105:201515270351:x_inicfg_new:inicfg.c:0115:_ndrx_inicfg_new: load_global_env: 1
N:NDRX:5:00000000:00000:7fffff039900:000:20251105:201515270358:ig_load_pass:config.c:0327:have config at slot [0] [/app/conf/ndrxconf.ini]
N:NDRX:5:00000000:00000:7fffff039900:000:20251105:201515270742:ig_load_pass:config.c:0401:_ndrx_cconfig_load_pass: ret: 0 is_internal: 1 G_tried_to_load: 1
N:NDRX:5:2fd996ca:00014:7fffff039900:000:20251105:201515272722:systest_init:s_test.c:0093:sys_test off
N:NDRX:4:2fd996ca:00014:7fffff039900:000:20251105:201515272988:drx_lcf_init:td/lcf.c:0279:NDRX_QPREFIX set to /run
N:NDRX:4:2fd996ca:00014:7fffff039900:000:20251105:201515272993:drx_lcf_init:td/lcf.c:0300:NDRX_PGMAX set to 64
N:NDRX:5:2fd996ca:00014:7fffff039900:000:20251105:201515272996:drx_lcf_init:td/lcf.c:0314:NDRX_SGREFRESH set to 30
N:NDRX:4:2fd996ca:00014:7fffff039900:000:20251105:201515272997:drx_lcf_init:td/lcf.c:0327:NDRX_SVQREADERSMAX set to 50
N:NDRX:4:2fd996ca:00014:7fffff039900:000:20251105:201515272999:drx_lcf_init:td/lcf.c:0340:NDRX_LCFREADERSMAX set to 1000
N:NDRX:4:2fd996ca:00014:7fffff039900:000:20251105:201515273001:drx_lcf_init:td/lcf.c:0353:NDRX_LCFMAX set to 20
N:NDRX:4:2fd996ca:00014:7fffff039900:000:20251105:201515273002:drx_lcf_init:td/lcf.c:0361:Missing config key NDRX_MSGQUEUESMAX - defaulting to 20000
N:NDRX:4:2fd996ca:00014:7fffff039900:000:20251105:201515273003:drx_lcf_init:td/lcf.c:0368:NDRX_MSGQUEUESMAX set to 20000
N:NDRX:4:2fd996ca:00014:7fffff039900:000:20251105:201515273716:drx_lcf_init:td/lcf.c:0386:(sysv queues): SystemV IPC Key set to: [41001]
N:NDRX:4:2fd996ca:00014:7fffff039900:000:20251105:201515273721:drx_lcf_init:td/lcf.c:0400:NDRX_LCFCMDEXP set to 60
N:NDRX:4:2fd996ca:00014:7fffff039900:000:20251105:201515273723:drx_lcf_init:td/lcf.c:0405:Opening LCF shared memory...
N:NDRX:4:2fd996ca:00014:7fffff039900:000:20251105:201515273830:drx_shm_open:_shmsv.c:0178:Shm: [/run,shm,lcf] 0/41007 created size: 98096 mem: 0x7fffff01f000
N:NDRX:5:2fd996ca:00014:7fffff039900:000:20251105:201515273850:drx_shm_open:_shmsv.c:0190:return 0
N:NDRX:3:2fd996ca:00014:7fffff039900:000:20251105:201515273978:drx_sem_open:td_sem.c:0286:Semaphore for key 41004 open, id: 0
N:NDRX:5:2fd996ca:00014:7fffff039900:000:20251105:201515273980:drx_sem_open:td_sem.c:0290:return 0
N:NDRX:5:2fd996ca:00014:7fffff039900:000:20251105:201515274052:func_add_int:td/lcf.c:0212:Adding [1] func lcf command [logrotate]
N:NDRX:5:2fd996ca:00014:7fffff039900:000:20251105:201515274098:func_add_int:td/lcf.c:0212:Adding [2] func lcf command [logchg]
N:NDRX:5:2fd996ca:00014:7fffff039900:000:20251105:201515275183:d_common_env:i/init.c:0225:Max servers set to 10000
N:NDRX:5:2fd996ca:00014:7fffff039900:000:20251105:201515275317:d_common_env:i/init.c:0241:Max services set to 10000
N:NDRX:5:2fd996ca:00014:7fffff039900:000:20251105:201515275401:d_common_env:i/init.c:0255:Max services set to 20000
N:NDRX:5:2fd996ca:00014:7fffff039900:000:20251105:201515275431:d_common_env:i/init.c:0270:Random key set to: [ZUvbDoHI]
N:NDRX:5:2fd996ca:00014:7fffff039900:000:20251105:201515275451:d_common_env:i/init.c:0285:Posix queue msg_max set to: [100]
N:NDRX:5:2fd996ca:00014:7fffff039900:000:20251105:201515275472:d_common_env:i/init.c:0301:Posix queue msgsize_max set to: [30000]
N:NDRX:5:2fd996ca:00014:7fffff039900:000:20251105:201515275542:d_common_env:i/init.c:0321:Posix queue prefix set to: [/run], match string: [/run,] (len: 5)
N:NDRX:5:2fd996ca:00014:7fffff039900:000:20251105:201515275563:d_common_env:i/init.c:0340:Posix queue queue path set to: [/dev/mqueue]
N:NDRX:5:2fd996ca:00014:7fffff039900:000:20251105:201515275589:d_common_env:i/init.c:0361:SystemV SEM IPC Key set to: [41001]
N:NDRX:5:2fd996ca:00014:7fffff039900:000:20251105:201515275608:d_common_env:i/init.c:0369:Using comms timeout: 1500
N:NDRX:5:2fd996ca:00014:7fffff039900:000:20251105:201515275626:d_common_env:i/init.c:0386:Cluster node id=1
N:NDRX:5:2fd996ca:00014:7fffff039900:000:20251105:201515275703:d_common_env:i/init.c:0403:NDRX_LDBAL set to 0
N:NDRX:5:2fd996ca:00014:7fffff039900:000:20251105:201515275729:d_common_env:i/init.c:0412:[NDRX_CLUSTERISED] says: We run in cluster mode
N:NDRX:5:2fd996ca:00014:7fffff039900:000:20251105:201515275752:d_common_env:i/init.c:0429:`ndrxd' pid file set to: [/app/ndrxd.pid]
N:NDRX:5:2fd996ca:00014:7fffff039900:000:20251105:201515275775:d_common_env:i/init.c:0445:ndrxd normal wait set to: 60 attempts
N:NDRX:5:2fd996ca:00014:7fffff039900:000:20251105:201515275851:d_common_env:i/init.c:0482:NDRX_SGLOCKINC set to 3600
N:NDRX:5:2fd996ca:00014:7fffff039900:000:20251105:201515275880:d_common_env:i/init.c:0491:[NDRX_XA_RES_ID]: XA Resource ID: 1
N:NDRX:5:2fd996ca:00014:7fffff039900:000:20251105:201515276022:d_common_env:i/init.c:0500:[NDRX_XA_OPEN_STR]: XA Open String: [ORACLE_XA+SqlNet=+ACC=P//+SesTM=180+LogDir=/most/log+nolocal=f+Threads=true]
N:NDRX:5:2fd996ca:00014:7fffff039900:000:20251105:201515276038:d_common_env:i/init.c:0509:[NDRX_XA_CLOSE_STR]: XA Close String: [ORACLE_XA+SqlNet=+ACC=P//+SesTM=180+LogDir=/most/log+nolocal=f+Threads=true]
N:NDRX:5:2fd996ca:00014:7fffff039900:000:20251105:201515276054:d_common_env:i/init.c:0525:[NDRX_XA_DRIVERLIB]: Enduro/X XA Driver lib (.so): [/usr/lib64/libndrxxaoras.so]
N:NDRX:5:2fd996ca:00014:7fffff039900:000:20251105:201515276068:d_common_env:i/init.c:0534:[NDRX_XA_RMLIB]: Resource manager lib (.so): [/ndrtools/oracle/lib/libclntsh.so]
N:NDRX:5:2fd996ca:00014:7fffff039900:000:20251105:201515276083:d_common_env:i/init.c:0558:[NDRX_XA_LAZY_INIT]: Lazy XA Init: TRUE
N:NDRX:5:2fd996ca:00014:7fffff039900:000:20251105:201515276097:d_common_env:i/init.c:0581:XA config ok
N:NDRX:5:2fd996ca:00014:7fffff039900:000:20251105:201515276111:d_common_env:i/init.c:0624:[NDRX_NRSEMS]: Number of services shared memory semaphores set to: 30 (used only for poll() mode) (default: 30)
N:NDRX:5:2fd996ca:00014:7fffff039900:000:20251105:201515276126:d_common_env:i/init.c:0645:[NDRX_MAXSVCSRVS]: Max number of local servers per service set to: 30 (used only for poll() mode) (default: 30)
N:NDRX:5:2fd996ca:00014:7fffff039900:000:20251105:201515276140:d_common_env:i/init.c:0683:routing criterion space: 102400 bytes, max services: 1000
N:NDRX:5:2fd996ca:00014:7fffff039900:000:20251105:201515276154:d_common_env:i/init.c:0706:Routing group not used
N:NDRX:5:2fd996ca:00014:7fffff039900:000:20251105:201515276205:d_common_env:i/init.c:0726:env loaded ok
N:NDRX:5:2fd996ca:00014:7fffff039900:000:20251105:201515276244:d_env_config:config.c:0192:ndrxd pid file: /app/ndrxd.pid
N:NDRX:5:2fd996ca:00014:7fffff039900:000:20251105:201515276264:d_env_config:config.c:0221:Reply queue: [/run,sys,bg,xadmin,14]
N:NDRX:5:2fd996ca:00014:7fffff039900:000:20251105:201515276281:d_env_config:config.c:0250:SystemV SEM IPC Key set to: [41001]
N:NDRX:5:2fd996ca:00014:7fffff039900:000:20251105:201515277755:dmin_add_int:td/lcf.c:0140:Adding [disable] xadmin lcf command 0
N:NDRX:5:2fd996ca:00014:7fffff039900:000:20251105:201515278111:dmin_add_int:td/lcf.c:0140:Adding [logrotate] xadmin lcf command 1
N:NDRX:5:2fd996ca:00014:7fffff039900:000:20251105:201515278220:dmin_add_int:td/lcf.c:0140:Adding [logchg] xadmin lcf command 2
N:NDRX:5:2fd996ca:00014:7fffff039900:000:20251105:201515278531:_open_rply_q:config.c:0098:About to open xadmin's reply queue
N:NDRX:2:2fd996ca:00014:7fffff039900:000:20251105:201515278763:_open_rply_q:config.c:0133:Reply queue [/run,sys,bg,xadmin,14] opened!
N:NDRX:4:2fd996ca:00014:7fffff039900:000:20251105:201515279137:drxd_running:n/exec.c:0144:Probing for ndrxd...
N:NDRX:4:2fd996ca:00014:7fffff039900:000:20251105:201515279200:drxd_running:n/exec.c:0154:ndrxd queue [/run,sys,bg,ndrxd] not found - continue probing
N:NDRX:4:2fd996ca:00014:7fffff039900:000:20251105:201515279448:drxd_running:n/exec.c:0174:ndrxd PID file [/app/ndrxd.pid] not found - continue probing
N:NDRX:4:2fd996ca:00014:7fffff039900:000:20251105:201515279592:drxd_running:n/exec.c:0264:is_ndrxd_running returns: not running
N:NDRX:5:2fd996ca:00015:7fffff039900:000:20251105:201515280976:_daemon_idle:n/exec.c:0301:forked close ndrxd_q 0xffffffffffffffff
N:NDRX:5:2fd996ca:00015:7fffff039900:000:20251105:201515281402:_daemon_idle:n/exec.c:0306:forked close reply_queue 0xa
N:NDRX:4:2fd996ca:00014:7fffff039900:000:20251105:201515335755:drxd_running:n/exec.c:0144:Probing for ndrxd...
N:NDRX:4:2fd996ca:00014:7fffff039900:000:20251105:201515337032:drxd_running:n/exec.c:0264:is_ndrxd_running returns: running
N:NDRX:5:2fd996ca:00014:7fffff039900:000:20251105:201515337211:_parse_clopt:nclopt.c:0092:clopt_string built: [i:s:g:Lyk] argc: [2]
N:NDRX:5:2fd996ca:00014:7fffff039900:000:20251105:201515337364:_parse_clopt:nclopt.c:0136:y (Confirm) = [TRUE]
N:NDRX:5:2fd996ca:00014:7fffff039900:000:20251105:201515337718:neric_call_2:iutils.c:0639:gencall command: 2, reply_only=0, need_reply=1 call flags=0x0, getcall flags=34
N:NDRX:4:2fd996ca:00014:7fffff039900:000:20251105:201515337743:neric_call_2:iutils.c:0686:Sending data to [/run,sys,bg,ndrxd] call flags=0x0
N:NDRX:5:2fd996ca:00014:7fffff039900:000:20251105:201515337918:ric_q_send_2:iutils.c:0473:len: 256 use timeout: 0 config: 0 prio: 50 snd_prio: 50
N:NDRX:5:2fd996ca:00014:7fffff039900:000:20251105:201515337959:neric_call_2:iutils.c:0715:Waiting for response from ndrxd on [/run,sys,bg,xadmin,14]
N:NDRX:5:2fd996ca:00014:7fffff039900:000:20251105:201515347474:ic_q_receive:iutils.c:0578:ndrx_generic_q_receive: 4464
N:NDRX:5:2fd996ca:00014:7fffff039900:000:20251105:201515381460:ic_q_receive:iutils.c:0578:ndrx_generic_q_receive: 4464
N:NDRX:5:2fd996ca:00014:7fffff039900:000:20251105:201515381666:ic_q_receive:iutils.c:0578:ndrx_generic_q_receive: 4464
N:NDRX:5:2fd996ca:00014:7fffff039900:000:20251105:201515423420:ic_q_receive:iutils.c:0578:ndrx_generic_q_receive: 4464
N:NDRX:5:2fd996ca:00014:7fffff039900:000:20251105:201515423606:ic_q_receive:iutils.c:0578:ndrx_generic_q_receive: 4464
N:NDRX:5:2fd996ca:00014:7fffff039900:000:20251105:201515459182:ic_q_receive:iutils.c:0578:ndrx_generic_q_receive: 4464
N:NDRX:5:2fd996ca:00014:7fffff039900:000:20251105:201515459362:ic_q_receive:iutils.c:0578:ndrx_generic_q_receive: 4464
N:NDRX:5:2fd996ca:00014:7fffff039900:000:20251105:201515494407:ic_q_receive:iutils.c:0578:ndrx_generic_q_receive: 4464
N:NDRX:5:2fd996ca:00014:7fffff039900:000:20251105:201515494575:ic_q_receive:iutils.c:0578:ndrx_generic_q_receive: 4464
N:NDRX:5:2fd996ca:00014:7fffff039900:000:20251105:201515534626:ic_q_receive:iutils.c:0578:ndrx_generic_q_receive: 4464
N:NDRX:5:2fd996ca:00014:7fffff039900:000:20251105:201515534794:ic_q_receive:iutils.c:0578:ndrx_generic_q_receive: 4464
N:NDRX:5:2fd996ca:00014:7fffff039900:000:20251105:201515569399:ic_q_receive:iutils.c:0578:ndrx_generic_q_receive: 4464
N:NDRX:5:2fd996ca:00014:7fffff039900:000:20251105:201515569531:ic_q_receive:iutils.c:0578:ndrx_generic_q_receive: 312
N:NDRX:5:2fd996ca:00014:7fffff039900:000:20251105:201515569657:un_init     :xadmin.c:1030:into un-init
N:NDRX:5:2fd996ca:00014:7fffff039900:000:20251105:201515569699:un_init     :xadmin.c:1041:Closing reply_queue: 0xa
N:NDRX:5:2fd996ca:00014:7fffff039900:000:20251105:201515569742:un_init     :xadmin.c:1046:Unlinking [/run,sys,bg,xadmin,14]
N:NDRX:5:2fd996ca:00014:7fffff039900:000:20251105:201515570299:ndrx_tpterm :i/init.c:0743:_tpterm called
N:NDRX:5:2fd996ca:00014:7fffff039900:000:20251105:201515570322:ndrx_tpterm :i/init.c:0747:_tpterm ATMI is not initialized - nothing to do.
N:NDRX:5:2fd996ca:00014:7fffff039900:000:20251105:201515570347:ndrx_tpterm :i/init.c:0813:_tpterm returns 0
N:NDRX:2:2fd996ca:00014:7fffff039900:000:20251105:201515570412:hm_close_all:mi/shm.c:0199:ndrx shm library not initialized
